2019-06-10 00:03:52,476 [DEBUG] SingleClientConnManager:210 - Get connection for route {}->http://sw-center.st.com:80
2019-06-10 00:03:52,506 [DEBUG] DefaultClientConnectionOperator:177 - Connecting to sw-center.st.com:80
2019-06-10 00:03:52,534 [DEBUG] RequestAddCookies:123 - CookieSpec selected: default
2019-06-10 00:03:52,535 [DEBUG] RequestAuthCache:77 - Auth cache not set in the context
2019-06-10 00:03:52,536 [DEBUG] RequestTargetAuthentication:80 - Target auth state: UNCHALLENGED
2019-06-10 00:03:52,536 [DEBUG] RequestProxyAuthentication:89 - Proxy auth state: UNCHALLENGED
2019-06-10 00:03:52,537 [DEBUG] SNIAwareHttpClient:682 - Attempt 1 to execute request
2019-06-10 00:03:52,537 [DEBUG] DefaultClientConnection:274 - Sending request: GET /stm32cubeide/updatesite1/p2.index HTTP/1.1
2019-06-10 00:03:52,538 [DEBUG] wire:73 -  >> "GET /stm32cubeide/updatesite1/p2.index HTTP/1.1[\r][\n]"
2019-06-10 00:03:52,539 [DEBUG] wire:73 -  >> "Cache-Control: max-age=0[\r][\n]"
2019-06-10 00:03:52,539 [DEBUG] wire:73 -  >> "User-Agent: p2/1.2.100.v20180822-1354 (Java 1.8.0_202-b08 AdoptOpenJdk; MacOSX 10.14.5 x86-64; ja_JP) com.st.stm32cube.ide.mcu.rcp.product/unknownBuildId (org.eclipse.ui.ide.workbench)[\r][\n]"
2019-06-10 00:03:52,540 [DEBUG] wire:73 -  >> "Host: sw-center.st.com[\r][\n]"
2019-06-10 00:03:52,540 [DEBUG] wire:73 -  >> "Connection: Keep-Alive[\r][\n]"
2019-06-10 00:03:52,540 [DEBUG] wire:73 -  >> "Accept-Encoding: gzip,deflate[\r][\n]"
2019-06-10 00:03:52,540 [DEBUG] wire:73 -  >> "[\r][\n]"
2019-06-10 00:03:52,541 [DEBUG] headers:278 - >> GET /stm32cubeide/updatesite1/p2.index HTTP/1.1
2019-06-10 00:03:52,541 [DEBUG] headers:281 - >> Cache-Control: max-age=0
2019-06-10 00:03:52,541 [DEBUG] headers:281 - >> User-Agent: p2/1.2.100.v20180822-1354 (Java 1.8.0_202-b08 AdoptOpenJdk; MacOSX 10.14.5 x86-64; ja_JP) com.st.stm32cube.ide.mcu.rcp.product/unknownBuildId (org.eclipse.ui.ide.workbench)
2019-06-10 00:03:52,542 [DEBUG] headers:281 - >> Host: sw-center.st.com
2019-06-10 00:03:52,542 [DEBUG] headers:281 - >> Connection: Keep-Alive
2019-06-10 00:03:52,542 [DEBUG] headers:281 - >> Accept-Encoding: gzip,deflate
2019-06-10 00:03:52,808 [DEBUG] wire:73 -  << "HTTP/1.1 404 Not Found[\r][\n]"
2019-06-10 00:03:52,810 [DEBUG] wire:73 -  << "Date: Sun, 9 Jun 2019 15:03:52 GMT[\r][\n]"
2019-06-10 00:03:52,810 [DEBUG] wire:73 -  << "Server: PWS/8.3.2.1[\r][\n]"
2019-06-10 00:03:52,810 [DEBUG] wire:73 -  << "X-Px: ms h0-s1924.p21-nrt ( h0-s1923.p21-nrt), ms h0-s1923.p21-nrt ( h0-s4006.p6-lhr), ht h0-s4006.p6-lhr.cdngp.net[\r][\n]"
2019-06-10 00:03:52,811 [DEBUG] wire:73 -  << "Age: 350[\r][\n]"
2019-06-10 00:03:52,811 [DEBUG] wire:73 -  << "Cache-Control: max-age=600[\r][\n]"
2019-06-10 00:03:52,811 [DEBUG] wire:73 -  << "Expires: Sun, 9 Jun 2019 15:08:02 GMT[\r][\n]"
2019-06-10 00:03:52,812 [DEBUG] wire:73 -  << "Content-Length: 368[\r][\n]"
2019-06-10 00:03:52,812 [DEBUG] wire:73 -  << "Content-Type: text/html; charset=utf-8[\r][\n]"
2019-06-10 00:03:52,812 [DEBUG] wire:73 -  << "x-amz-id-2: CJoBj8RADChHCVkzeO+QTq1FNHuU/v9A7j7QdKe23ONwabBQyzyutYrTV/xtuzN11bMXeqm1X/k=[\r][\n]"
2019-06-10 00:03:52,812 [DEBUG] wire:73 -  << "x-amz-request-id: 7E1FE41523A4E9C6[\r][\n]"
2019-06-10 00:03:52,813 [DEBUG] wire:73 -  << "Connection: keep-alive[\r][\n]"
2019-06-10 00:03:52,813 [DEBUG] wire:73 -  << "[\r][\n]"
2019-06-10 00:03:52,814 [DEBUG] DefaultClientConnection:259 - Receiving response: HTTP/1.1 404 Not Found
2019-06-10 00:03:52,814 [DEBUG] headers:262 - << HTTP/1.1 404 Not Found
2019-06-10 00:03:52,814 [DEBUG] headers:265 - << Date: Sun, 9 Jun 2019 15:03:52 GMT
2019-06-10 00:03:52,814 [DEBUG] headers:265 - << Server: PWS/8.3.2.1
2019-06-10 00:03:52,814 [DEBUG] headers:265 - << X-Px: ms h0-s1924.p21-nrt ( h0-s1923.p21-nrt), ms h0-s1923.p21-nrt ( h0-s4006.p6-lhr), ht h0-s4006.p6-lhr.cdngp.net
2019-06-10 00:03:52,815 [DEBUG] headers:265 - << Age: 350
2019-06-10 00:03:52,815 [DEBUG] headers:265 - << Cache-Control: max-age=600
2019-06-10 00:03:52,815 [DEBUG] headers:265 - << Expires: Sun, 9 Jun 2019 15:08:02 GMT
2019-06-10 00:03:52,815 [DEBUG] headers:265 - << Content-Length: 368
2019-06-10 00:03:52,816 [DEBUG] headers:265 - << Content-Type: text/html; charset=utf-8
2019-06-10 00:03:52,816 [DEBUG] headers:265 - << x-amz-id-2: CJoBj8RADChHCVkzeO+QTq1FNHuU/v9A7j7QdKe23ONwabBQyzyutYrTV/xtuzN11bMXeqm1X/k=
2019-06-10 00:03:52,816 [DEBUG] headers:265 - << x-amz-request-id: 7E1FE41523A4E9C6
2019-06-10 00:03:52,816 [DEBUG] headers:265 - << Connection: keep-alive
2019-06-10 00:03:52,820 [DEBUG] SNIAwareHttpClient:509 - Connection can be kept alive indefinitely
2019-06-10 00:03:52,831 [DEBUG] wire:73 -  << "<html>[\n]"
2019-06-10 00:03:52,833 [DEBUG] wire:73 -  << "<head><title>404 Not Found</title></head>[\n]"
2019-06-10 00:03:52,833 [DEBUG] wire:73 -  << "<body>[\n]"
2019-06-10 00:03:52,833 [DEBUG] wire:73 -  << "<h1>404 Not Found</h1>[\n]"
2019-06-10 00:03:52,833 [DEBUG] wire:73 -  << "<ul>[\n]"
2019-06-10 00:03:52,834 [DEBUG] wire:73 -  << "<li>Code: NoSuchKey</li>[\n]"
2019-06-10 00:03:52,834 [DEBUG] wire:73 -  << "<li>Message: The specified key does not exist.</li>[\n]"
2019-06-10 00:03:52,834 [DEBUG] wire:73 -  << "<li>Key: stm32cubeide/updatesite1/p2.index</li>[\n]"
2019-06-10 00:03:52,834 [DEBUG] wire:73 -  << "<li>RequestId: 7E1FE41523A4E9C6</li>[\n]"
2019-06-10 00:03:52,835 [DEBUG] wire:73 -  << "<li>HostId: CJoBj8RADChHCVkzeO+QTq1FNHuU/v9A7j7QdKe23ONwabBQyzyutYrTV/xtuzN11bMXeqm1X/k=</li>[\n]"
2019-06-10 00:03:52,835 [DEBUG] wire:73 -  << "</ul>[\n]"
2019-06-10 00:03:52,835 [DEBUG] wire:73 -  << "<hr/>[\n]"
2019-06-10 00:03:52,835 [DEBUG] wire:73 -  << "</body>[\n]"
2019-06-10 00:03:52,835 [DEBUG] wire:73 -  << "</html>[\n]"
2019-06-10 00:03:52,836 [DEBUG] SingleClientConnManager:265 - Releasing connection org.apache.http.impl.conn.SingleClientConnManager$ConnAdapter@495a5ee
2019-06-10 00:03:52,867 [DEBUG] BasicClientConnectionManager:161 - Get connection for route {}->http://sw-center.st.com:80
2019-06-10 00:03:52,869 [DEBUG] DefaultClientConnectionOperator:177 - Connecting to sw-center.st.com:80
2019-06-10 00:03:52,879 [DEBUG] RequestAddCookies:123 - CookieSpec selected: default
2019-06-10 00:03:52,879 [DEBUG] RequestAuthCache:77 - Auth cache not set in the context
2019-06-10 00:03:52,880 [DEBUG] RequestTargetAuthentication:80 - Target auth state: UNCHALLENGED
2019-06-10 00:03:52,880 [DEBUG] RequestProxyAuthentication:89 - Proxy auth state: UNCHALLENGED
2019-06-10 00:03:52,881 [DEBUG] SNIAwareHttpClient:682 - Attempt 1 to execute request
2019-06-10 00:03:52,881 [DEBUG] DefaultClientConnection:274 - Sending request: HEAD /stm32cubeide/updatesite1/compositeContent.jar HTTP/1.1
2019-06-10 00:03:52,881 [DEBUG] wire:73 -  >> "HEAD /stm32cubeide/updatesite1/compositeContent.jar HTTP/1.1[\r][\n]"
2019-06-10 00:03:52,882 [DEBUG] wire:73 -  >> "Cache-Control: max-age=0[\r][\n]"
2019-06-10 00:03:52,882 [DEBUG] wire:73 -  >> "Host: sw-center.st.com[\r][\n]"
2019-06-10 00:03:52,882 [DEBUG] wire:73 -  >> "Connection: Keep-Alive[\r][\n]"
2019-06-10 00:03:52,882 [DEBUG] wire:73 -  >> "User-Agent: Apache-HttpClient/4.5.5 (Java/1.8.0_202)[\r][\n]"
2019-06-10 00:03:52,883 [DEBUG] wire:73 -  >> "[\r][\n]"
2019-06-10 00:03:52,883 [DEBUG] headers:278 - >> HEAD /stm32cubeide/updatesite1/compositeContent.jar HTTP/1.1
2019-06-10 00:03:52,883 [DEBUG] headers:281 - >> Cache-Control: max-age=0
2019-06-10 00:03:52,883 [DEBUG] headers:281 - >> Host: sw-center.st.com
2019-06-10 00:03:52,884 [DEBUG] headers:281 - >> Connection: Keep-Alive
2019-06-10 00:03:52,884 [DEBUG] headers:281 - >> User-Agent: Apache-HttpClient/4.5.5 (Java/1.8.0_202)
2019-06-10 00:03:53,217 [DEBUG] wire:73 -  << "HTTP/1.1 404 Not Found[\r][\n]"
2019-06-10 00:03:53,217 [DEBUG] wire:73 -  << "Date: Sun, 9 Jun 2019 15:03:52 GMT[\r][\n]"
2019-06-10 00:03:53,218 [DEBUG] wire:73 -  << "Server: PWS/8.3.2.1[\r][\n]"
2019-06-10 00:03:53,218 [DEBUG] wire:73 -  << "X-Px: ms h0-s1924.p21-nrt ( h0-s1927.p21-nrt), ms h0-s1927.p21-nrt ( h0-s4008.p6-lhr), ht h0-s4008.p6-lhr.cdngp.net[\r][\n]"
2019-06-10 00:03:53,218 [DEBUG] wire:73 -  << "Age: 350[\r][\n]"
2019-06-10 00:03:53,218 [DEBUG] wire:73 -  << "Cache-Control: max-age=600[\r][\n]"
2019-06-10 00:03:53,218 [DEBUG] wire:73 -  << "Expires: Sun, 9 Jun 2019 15:08:02 GMT[\r][\n]"
2019-06-10 00:03:53,218 [DEBUG] wire:73 -  << "Content-Length: 380[\r][\n]"
2019-06-10 00:03:53,219 [DEBUG] wire:73 -  << "Content-Type: text/html; charset=utf-8[\r][\n]"
2019-06-10 00:03:53,219 [DEBUG] wire:73 -  << "x-amz-id-2: vdfWPrV2TeKXestffDGEuG4mdAx93KRRiOd7sBwsdKhXRjmGZVF70YDTsovQ+Fw1lypQPzShM3k=[\r][\n]"
2019-06-10 00:03:53,219 [DEBUG] wire:73 -  << "x-amz-request-id: 7A6659192A66097E[\r][\n]"
2019-06-10 00:03:53,219 [DEBUG] wire:73 -  << "Connection: keep-alive[\r][\n]"
2019-06-10 00:03:53,219 [DEBUG] wire:73 -  << "[\r][\n]"
2019-06-10 00:03:53,220 [DEBUG] DefaultClientConnection:259 - Receiving response: HTTP/1.1 404 Not Found
2019-06-10 00:03:53,220 [DEBUG] headers:262 - << HTTP/1.1 404 Not Found
2019-06-10 00:03:53,220 [DEBUG] headers:265 - << Date: Sun, 9 Jun 2019 15:03:52 GMT
2019-06-10 00:03:53,220 [DEBUG] headers:265 - << Server: PWS/8.3.2.1
2019-06-10 00:03:53,220 [DEBUG] headers:265 - << X-Px: ms h0-s1924.p21-nrt ( h0-s1927.p21-nrt), ms h0-s1927.p21-nrt ( h0-s4008.p6-lhr), ht h0-s4008.p6-lhr.cdngp.net
2019-06-10 00:03:53,220 [DEBUG] headers:265 - << Age: 350
2019-06-10 00:03:53,220 [DEBUG] headers:265 - << Cache-Control: max-age=600
2019-06-10 00:03:53,220 [DEBUG] headers:265 - << Expires: Sun, 9 Jun 2019 15:08:02 GMT
2019-06-10 00:03:53,221 [DEBUG] headers:265 - << Content-Length: 380
2019-06-10 00:03:53,221 [DEBUG] headers:265 - << Content-Type: text/html; charset=utf-8
2019-06-10 00:03:53,221 [DEBUG] headers:265 - << x-amz-id-2: vdfWPrV2TeKXestffDGEuG4mdAx93KRRiOd7sBwsdKhXRjmGZVF70YDTsovQ+Fw1lypQPzShM3k=
2019-06-10 00:03:53,221 [DEBUG] headers:265 - << x-amz-request-id: 7A6659192A66097E
2019-06-10 00:03:53,221 [DEBUG] headers:265 - << Connection: keep-alive
2019-06-10 00:03:53,222 [DEBUG] SNIAwareHttpClient:509 - Connection can be kept alive indefinitely
2019-06-10 00:03:53,222 [DEBUG] BasicClientConnectionManager:200 - Releasing connection org.apache.http.impl.conn.ManagedClientConnectionImpl@6c87878f
2019-06-10 00:03:53,222 [DEBUG] BasicClientConnectionManager:225 - Connection can be kept alive indefinitely
2019-06-10 00:03:53,226 [DEBUG] BasicClientConnectionManager:161 - Get connection for route {}->http://sw-center.st.com:80
2019-06-10 00:03:53,226 [DEBUG] DefaultClientConnectionOperator:177 - Connecting to sw-center.st.com:80
2019-06-10 00:03:53,235 [DEBUG] RequestAddCookies:123 - CookieSpec selected: default
2019-06-10 00:03:53,236 [DEBUG] RequestAuthCache:77 - Auth cache not set in the context
2019-06-10 00:03:53,236 [DEBUG] RequestTargetAuthentication:80 - Target auth state: UNCHALLENGED
2019-06-10 00:03:53,236 [DEBUG] RequestProxyAuthentication:89 - Proxy auth state: UNCHALLENGED
2019-06-10 00:03:53,236 [DEBUG] SNIAwareHttpClient:682 - Attempt 1 to execute request
2019-06-10 00:03:53,236 [DEBUG] DefaultClientConnection:274 - Sending request: HEAD /stm32cubeide/updatesite1/compositeContent.xml HTTP/1.1
2019-06-10 00:03:53,237 [DEBUG] wire:73 -  >> "HEAD /stm32cubeide/updatesite1/compositeContent.xml HTTP/1.1[\r][\n]"
2019-06-10 00:03:53,237 [DEBUG] wire:73 -  >> "Cache-Control: max-age=0[\r][\n]"
2019-06-10 00:03:53,237 [DEBUG] wire:73 -  >> "Host: sw-center.st.com[\r][\n]"
2019-06-10 00:03:53,237 [DEBUG] wire:73 -  >> "Connection: Keep-Alive[\r][\n]"
2019-06-10 00:03:53,237 [DEBUG] wire:73 -  >> "User-Agent: Apache-HttpClient/4.5.5 (Java/1.8.0_202)[\r][\n]"
2019-06-10 00:03:53,238 [DEBUG] wire:73 -  >> "[\r][\n]"
2019-06-10 00:03:53,238 [DEBUG] headers:278 - >> HEAD /stm32cubeide/updatesite1/compositeContent.xml HTTP/1.1
2019-06-10 00:03:53,238 [DEBUG] headers:281 - >> Cache-Control: max-age=0
2019-06-10 00:03:53,238 [DEBUG] headers:281 - >> Host: sw-center.st.com
2019-06-10 00:03:53,238 [DEBUG] headers:281 - >> Connection: Keep-Alive
2019-06-10 00:03:53,238 [DEBUG] headers:281 - >> User-Agent: Apache-HttpClient/4.5.5 (Java/1.8.0_202)
2019-06-10 00:03:53,253 [DEBUG] wire:73 -  << "HTTP/1.1 200 OK[\r][\n]"
2019-06-10 00:03:53,253 [DEBUG] wire:73 -  << "Date: Sun, 9 Jun 2019 15:03:53 GMT[\r][\n]"
2019-06-10 00:03:53,253 [DEBUG] wire:73 -  << "Server: PWS/8.3.2.1[\r][\n]"
2019-06-10 00:03:53,254 [DEBUG] wire:73 -  << "X-Px: ms h0-s1924.p21-nrt ( h0-s1923.p21-nrt), ht-d h0-s1923.p21-nrt.cdngp.net[\r][\n]"
2019-06-10 00:03:53,254 [DEBUG] wire:73 -  << "ETag: "e6dc9b557b7e67eace8d998bc51285c7"[\r][\n]"
2019-06-10 00:03:53,254 [DEBUG] wire:73 -  << "Age: 58688[\r][\n]"
2019-06-10 00:03:53,254 [DEBUG] wire:73 -  << "Cache-Control: max-age=604800[\r][\n]"
2019-06-10 00:03:53,254 [DEBUG] wire:73 -  << "Expires: Sat, 15 Jun 2019 22:45:45 GMT[\r][\n]"
2019-06-10 00:03:53,255 [DEBUG] wire:73 -  << "Content-Length: 471[\r][\n]"
2019-06-10 00:03:53,255 [DEBUG] wire:73 -  << "Content-Type: text/xml[\r][\n]"
2019-06-10 00:03:53,255 [DEBUG] wire:73 -  << "Last-Modified: Fri, 26 Apr 2019 08:50:42 GMT[\r][\n]"
2019-06-10 00:03:53,255 [DEBUG] wire:73 -  << "x-amz-version-id: Ov9wm_XnTgAFMBxmbTEks2kKhYgoYklQ[\r][\n]"
2019-06-10 00:03:53,255 [DEBUG] wire:73 -  << "x-amz-id-2: Gr+lcLj/rBA01FDGHIX8LNYziUyreSwK0xMGigOgjVZU6qkRG5F6gJNy5jrA+C6AOdxNKuv4KQc=[\r][\n]"
2019-06-10 00:03:53,256 [DEBUG] wire:73 -  << "x-amz-request-id: 3A1E5E097B040A06[\r][\n]"
2019-06-10 00:03:53,256 [DEBUG] wire:73 -  << "x-amz-meta-cb-modifiedtime: Wed, 24 Apr 2019 09:04:42 GMT[\r][\n]"
2019-06-10 00:03:53,256 [DEBUG] wire:73 -  << "Connection: keep-alive[\r][\n]"
2019-06-10 00:03:53,256 [DEBUG] wire:73 -  << "[\r][\n]"
2019-06-10 00:03:53,256 [DEBUG] DefaultClientConnection:259 - Receiving response: HTTP/1.1 200 OK
2019-06-10 00:03:53,257 [DEBUG] headers:262 - << HTTP/1.1 200 OK
2019-06-10 00:03:53,257 [DEBUG] headers:265 - << Date: Sun, 9 Jun 2019 15:03:53 GMT
2019-06-10 00:03:53,257 [DEBUG] headers:265 - << Server: PWS/8.3.2.1
2019-06-10 00:03:53,257 [DEBUG] headers:265 - << X-Px: ms h0-s1924.p21-nrt ( h0-s1923.p21-nrt), ht-d h0-s1923.p21-nrt.cdngp.net
2019-06-10 00:03:53,257 [DEBUG] headers:265 - << ETag: "e6dc9b557b7e67eace8d998bc51285c7"
2019-06-10 00:03:53,257 [DEBUG] headers:265 - << Age: 58688
2019-06-10 00:03:53,258 [DEBUG] headers:265 - << Cache-Control: max-age=604800
2019-06-10 00:03:53,258 [DEBUG] headers:265 - << Expires: Sat, 15 Jun 2019 22:45:45 GMT
2019-06-10 00:03:53,258 [DEBUG] headers:265 - << Content-Length: 471
2019-06-10 00:03:53,258 [DEBUG] headers:265 - << Content-Type: text/xml
2019-06-10 00:03:53,258 [DEBUG] headers:265 - << Last-Modified: Fri, 26 Apr 2019 08:50:42 GMT
2019-06-10 00:03:53,258 [DEBUG] headers:265 - << x-amz-version-id: Ov9wm_XnTgAFMBxmbTEks2kKhYgoYklQ
2019-06-10 00:03:53,258 [DEBUG] headers:265 - << x-amz-id-2: Gr+lcLj/rBA01FDGHIX8LNYziUyreSwK0xMGigOgjVZU6qkRG5F6gJNy5jrA+C6AOdxNKuv4KQc=
2019-06-10 00:03:53,259 [DEBUG] headers:265 - << x-amz-request-id: 3A1E5E097B040A06
2019-06-10 00:03:53,259 [DEBUG] headers:265 - << x-amz-meta-cb-modifiedtime: Wed, 24 Apr 2019 09:04:42 GMT
2019-06-10 00:03:53,259 [DEBUG] headers:265 - << Connection: keep-alive
2019-06-10 00:03:53,259 [DEBUG] SNIAwareHttpClient:509 - Connection can be kept alive indefinitely
2019-06-10 00:03:53,259 [DEBUG] BasicClientConnectionManager:200 - Releasing connection org.apache.http.impl.conn.ManagedClientConnectionImpl@3e2fecbb
2019-06-10 00:03:53,259 [DEBUG] BasicClientConnectionManager:225 - Connection can be kept alive indefinitely
2019-06-10 00:03:53,271 [DEBUG] SingleClientConnManager:210 - Get connection for route {}->http://sw-center.st.com:80
2019-06-10 00:03:53,272 [DEBUG] DefaultClientConnectionOperator:177 - Connecting to sw-center.st.com:80
2019-06-10 00:03:53,281 [DEBUG] RequestAddCookies:123 - CookieSpec selected: default
2019-06-10 00:03:53,282 [DEBUG] RequestAuthCache:77 - Auth cache not set in the context
2019-06-10 00:03:53,282 [DEBUG] RequestTargetAuthentication:80 - Target auth state: UNCHALLENGED
2019-06-10 00:03:53,282 [DEBUG] RequestProxyAuthentication:89 - Proxy auth state: UNCHALLENGED
2019-06-10 00:03:53,282 [DEBUG] SNIAwareHttpClient:682 - Attempt 1 to execute request
2019-06-10 00:03:53,282 [DEBUG] DefaultClientConnection:274 - Sending request: GET /stm32cubeide/updatesite1/1.0.0/p2.index HTTP/1.1
2019-06-10 00:03:53,283 [DEBUG] wire:73 -  >> "GET /stm32cubeide/updatesite1/1.0.0/p2.index HTTP/1.1[\r][\n]"
2019-06-10 00:03:53,283 [DEBUG] wire:73 -  >> "Cache-Control: max-age=0[\r][\n]"
2019-06-10 00:03:53,283 [DEBUG] wire:73 -  >> "User-Agent: p2/1.2.100.v20180822-1354 (Java 1.8.0_202-b08 AdoptOpenJdk; MacOSX 10.14.5 x86-64; ja_JP) com.st.stm32cube.ide.mcu.rcp.product/unknownBuildId (org.eclipse.ui.ide.workbench)[\r][\n]"
2019-06-10 00:03:53,283 [DEBUG] wire:73 -  >> "Host: sw-center.st.com[\r][\n]"
2019-06-10 00:03:53,284 [DEBUG] wire:73 -  >> "Connection: Keep-Alive[\r][\n]"
2019-06-10 00:03:53,284 [DEBUG] wire:73 -  >> "Accept-Encoding: gzip,deflate[\r][\n]"
2019-06-10 00:03:53,284 [DEBUG] wire:73 -  >> "[\r][\n]"
2019-06-10 00:03:53,284 [DEBUG] headers:278 - >> GET /stm32cubeide/updatesite1/1.0.0/p2.index HTTP/1.1
2019-06-10 00:03:53,284 [DEBUG] headers:281 - >> Cache-Control: max-age=0
2019-06-10 00:03:53,285 [DEBUG] headers:281 - >> User-Agent: p2/1.2.100.v20180822-1354 (Java 1.8.0_202-b08 AdoptOpenJdk; MacOSX 10.14.5 x86-64; ja_JP) com.st.stm32cube.ide.mcu.rcp.product/unknownBuildId (org.eclipse.ui.ide.workbench)
2019-06-10 00:03:53,285 [DEBUG] headers:281 - >> Host: sw-center.st.com
2019-06-10 00:03:53,285 [DEBUG] headers:281 - >> Connection: Keep-Alive
2019-06-10 00:03:53,285 [DEBUG] headers:281 - >> Accept-Encoding: gzip,deflate
2019-06-10 00:03:53,298 [DEBUG] wire:73 -  << "HTTP/1.1 200 OK[\r][\n]"
2019-06-10 00:03:53,298 [DEBUG] wire:73 -  << "Date: Sun, 9 Jun 2019 15:03:53 GMT[\r][\n]"
2019-06-10 00:03:53,299 [DEBUG] wire:73 -  << "Server: PWS/8.3.2.1[\r][\n]"
2019-06-10 00:03:53,299 [DEBUG] wire:73 -  << "X-Px: ms h0-s1924.p21-nrt ( h0-s1925.p21-nrt), ht-d h0-s1925.p21-nrt.cdngp.net[\r][\n]"
2019-06-10 00:03:53,299 [DEBUG] wire:73 -  << "ETag: "284632ada586aaf9826d908d33d87a49"[\r][\n]"
2019-06-10 00:03:53,299 [DEBUG] wire:73 -  << "Age: 467777[\r][\n]"
2019-06-10 00:03:53,300 [DEBUG] wire:73 -  << "Cache-Control: max-age=604800[\r][\n]"
2019-06-10 00:03:53,300 [DEBUG] wire:73 -  << "Expires: Tue, 11 Jun 2019 05:07:36 GMT[\r][\n]"
2019-06-10 00:03:53,300 [DEBUG] wire:73 -  << "Content-Length: 172[\r][\n]"
2019-06-10 00:03:53,300 [DEBUG] wire:73 -  << "Content-Type: application/octet-stream[\r][\n]"
2019-06-10 00:03:53,300 [DEBUG] wire:73 -  << "Last-Modified: Fri, 26 Apr 2019 08:50:51 GMT[\r][\n]"
2019-06-10 00:03:53,301 [DEBUG] wire:73 -  << "x-amz-version-id: 6TmQxlIR0LxPneaWQbf1z__wZKmE3NY7[\r][\n]"
2019-06-10 00:03:53,301 [DEBUG] wire:73 -  << "x-amz-id-2: wKMSRsg+V5C4T7BSaHvk9B/JLOquvY5EPmg9/ztNU2v7AE7HaVKmWrKrgqAKsgdDQZPcwHGBKLQ=[\r][\n]"
2019-06-10 00:03:53,301 [DEBUG] wire:73 -  << "x-amz-request-id: 755546482BE331D7[\r][\n]"
2019-06-10 00:03:53,301 [DEBUG] wire:73 -  << "x-amz-meta-cb-modifiedtime: Tue, 23 Apr 2019 19:03:42 GMT[\r][\n]"
2019-06-10 00:03:53,301 [DEBUG] wire:73 -  << "Connection: keep-alive[\r][\n]"
2019-06-10 00:03:53,302 [DEBUG] wire:73 -  << "[\r][\n]"
2019-06-10 00:03:53,302 [DEBUG] DefaultClientConnection:259 - Receiving response: HTTP/1.1 200 OK
2019-06-10 00:03:53,302 [DEBUG] headers:262 - << HTTP/1.1 200 OK
2019-06-10 00:03:53,302 [DEBUG] headers:265 - << Date: Sun, 9 Jun 2019 15:03:53 GMT
2019-06-10 00:03:53,302 [DEBUG] headers:265 - << Server: PWS/8.3.2.1
2019-06-10 00:03:53,302 [DEBUG] headers:265 - << X-Px: ms h0-s1924.p21-nrt ( h0-s1925.p21-nrt), ht-d h0-s1925.p21-nrt.cdngp.net
2019-06-10 00:03:53,303 [DEBUG] headers:265 - << ETag: "284632ada586aaf9826d908d33d87a49"
2019-06-10 00:03:53,303 [DEBUG] headers:265 - << Age: 467777
2019-06-10 00:03:53,303 [DEBUG] headers:265 - << Cache-Control: max-age=604800
2019-06-10 00:03:53,303 [DEBUG] headers:265 - << Expires: Tue, 11 Jun 2019 05:07:36 GMT
2019-06-10 00:03:53,303 [DEBUG] headers:265 - << Content-Length: 172
2019-06-10 00:03:53,303 [DEBUG] headers:265 - << Content-Type: application/octet-stream
2019-06-10 00:03:53,304 [DEBUG] headers:265 - << Last-Modified: Fri, 26 Apr 2019 08:50:51 GMT
2019-06-10 00:03:53,304 [DEBUG] headers:265 - << x-amz-version-id: 6TmQxlIR0LxPneaWQbf1z__wZKmE3NY7
2019-06-10 00:03:53,304 [DEBUG] headers:265 - << x-amz-id-2: wKMSRsg+V5C4T7BSaHvk9B/JLOquvY5EPmg9/ztNU2v7AE7HaVKmWrKrgqAKsgdDQZPcwHGBKLQ=
2019-06-10 00:03:53,304 [DEBUG] headers:265 - << x-amz-request-id: 755546482BE331D7
2019-06-10 00:03:53,304 [DEBUG] headers:265 - << x-amz-meta-cb-modifiedtime: Tue, 23 Apr 2019 19:03:42 GMT
2019-06-10 00:03:53,304 [DEBUG] headers:265 - << Connection: keep-alive
2019-06-10 00:03:53,305 [DEBUG] SNIAwareHttpClient:509 - Connection can be kept alive indefinitely
2019-06-10 00:03:53,308 [DEBUG] wire:73 -  << "#Tue Apr 23 21:03:43 UTC 2019[\n]"
2019-06-10 00:03:53,309 [DEBUG] wire:73 -  << "version=1[\n]"
2019-06-10 00:03:53,309 [DEBUG] wire:73 -  << "metadata.repository.factory.order=content.xml.xz,content.xml,\![\n]"
2019-06-10 00:03:53,309 [DEBUG] wire:73 -  << "artifact.repository.factory.order=artifacts.xml.xz,artifacts.xml,\![\n]"
2019-06-10 00:03:53,313 [DEBUG] SingleClientConnManager:265 - Releasing connection org.apache.http.impl.conn.SingleClientConnManager$ConnAdapter@4b8c9332
2019-06-10 00:03:53,417 [DEBUG] BasicClientConnectionManager:161 - Get connection for route {}->http://sw-center.st.com:80
2019-06-10 00:03:53,417 [DEBUG] DefaultClientConnectionOperator:177 - Connecting to sw-center.st.com:80
2019-06-10 00:03:53,426 [DEBUG] RequestAddCookies:123 - CookieSpec selected: default
2019-06-10 00:03:53,427 [DEBUG] RequestAuthCache:77 - Auth cache not set in the context
2019-06-10 00:03:53,427 [DEBUG] RequestTargetAuthentication:80 - Target auth state: UNCHALLENGED
2019-06-10 00:03:53,427 [DEBUG] RequestProxyAuthentication:89 - Proxy auth state: UNCHALLENGED
2019-06-10 00:03:53,428 [DEBUG] SNIAwareHttpClient:682 - Attempt 1 to execute request
2019-06-10 00:03:53,428 [DEBUG] DefaultClientConnection:274 - Sending request: HEAD /stm32cubeide/updatesite1/1.0.0/content.xml.xz HTTP/1.1
2019-06-10 00:03:53,428 [DEBUG] wire:73 -  >> "HEAD /stm32cubeide/updatesite1/1.0.0/content.xml.xz HTTP/1.1[\r][\n]"
2019-06-10 00:03:53,428 [DEBUG] wire:73 -  >> "Cache-Control: max-age=0[\r][\n]"
2019-06-10 00:03:53,428 [DEBUG] wire:73 -  >> "Host: sw-center.st.com[\r][\n]"
2019-06-10 00:03:53,429 [DEBUG] wire:73 -  >> "Connection: Keep-Alive[\r][\n]"
2019-06-10 00:03:53,429 [DEBUG] wire:73 -  >> "User-Agent: Apache-HttpClient/4.5.5 (Java/1.8.0_202)[\r][\n]"
2019-06-10 00:03:53,429 [DEBUG] wire:73 -  >> "[\r][\n]"
2019-06-10 00:03:53,429 [DEBUG] headers:278 - >> HEAD /stm32cubeide/updatesite1/1.0.0/content.xml.xz HTTP/1.1
2019-06-10 00:03:53,429 [DEBUG] headers:281 - >> Cache-Control: max-age=0
2019-06-10 00:03:53,430 [DEBUG] headers:281 - >> Host: sw-center.st.com
2019-06-10 00:03:53,430 [DEBUG] headers:281 - >> Connection: Keep-Alive
2019-06-10 00:03:53,430 [DEBUG] headers:281 - >> User-Agent: Apache-HttpClient/4.5.5 (Java/1.8.0_202)
2019-06-10 00:03:53,448 [DEBUG] wire:73 -  << "HTTP/1.1 200 OK[\r][\n]"
2019-06-10 00:03:53,449 [DEBUG] wire:73 -  << "Date: Sun, 9 Jun 2019 15:03:53 GMT[\r][\n]"
2019-06-10 00:03:53,449 [DEBUG] wire:73 -  << "Server: PWS/8.3.2.1[\r][\n]"
2019-06-10 00:03:53,449 [DEBUG] wire:73 -  << "X-Px: ms h0-s1924.p21-nrt ( h0-s1923.p21-nrt), ht-d h0-s1923.p21-nrt.cdngp.net[\r][\n]"
2019-06-10 00:03:53,449 [DEBUG] wire:73 -  << "ETag: "0ae01ce1ffa429a5af9a7c1badadf2a8"[\r][\n]"
2019-06-10 00:03:53,450 [DEBUG] wire:73 -  << "Age: 590780[\r][\n]"
2019-06-10 00:03:53,450 [DEBUG] wire:73 -  << "Cache-Control: max-age=604800[\r][\n]"
2019-06-10 00:03:53,450 [DEBUG] wire:73 -  << "Expires: Sun, 9 Jun 2019 18:57:33 GMT[\r][\n]"
2019-06-10 00:03:53,450 [DEBUG] wire:73 -  << "Accept-Ranges: bytes[\r][\n]"
2019-06-10 00:03:53,450 [DEBUG] wire:73 -  << "Content-Length: 69904[\r][\n]"
2019-06-10 00:03:53,450 [DEBUG] wire:73 -  << "Content-Type: application/octet-stream[\r][\n]"
2019-06-10 00:03:53,451 [DEBUG] wire:73 -  << "Last-Modified: Fri, 26 Apr 2019 08:50:51 GMT[\r][\n]"
2019-06-10 00:03:53,451 [DEBUG] wire:73 -  << "x-amz-version-id: 8r6hCUl1L7ffx6AGOZCxQrEmyo986kNH[\r][\n]"
2019-06-10 00:03:53,451 [DEBUG] wire:73 -  << "x-amz-id-2: q0te4dU7W8qtnXf8tmbCkOSb/qyZKBB0AynnM5w0UNQmpZqAOq2+ImweTj5gV6wy6S5tIYx42gY=[\r][\n]"
2019-06-10 00:03:53,451 [DEBUG] wire:73 -  << "x-amz-request-id: D59C3E64434DDE75[\r][\n]"
2019-06-10 00:03:53,451 [DEBUG] wire:73 -  << "x-amz-meta-cb-modifiedtime: Tue, 23 Apr 2019 19:03:42 GMT[\r][\n]"
2019-06-10 00:03:53,452 [DEBUG] wire:73 -  << "Connection: keep-alive[\r][\n]"
2019-06-10 00:03:53,452 [DEBUG] wire:73 -  << "[\r][\n]"
2019-06-10 00:03:53,452 [DEBUG] DefaultClientConnection:259 - Receiving response: HTTP/1.1 200 OK
2019-06-10 00:03:53,452 [DEBUG] headers:262 - << HTTP/1.1 200 OK
2019-06-10 00:03:53,452 [DEBUG] headers:265 - << Date: Sun, 9 Jun 2019 15:03:53 GMT
2019-06-10 00:03:53,452 [DEBUG] headers:265 - << Server: PWS/8.3.2.1
2019-06-10 00:03:53,453 [DEBUG] headers:265 - << X-Px: ms h0-s1924.p21-nrt ( h0-s1923.p21-nrt), ht-d h0-s1923.p21-nrt.cdngp.net
2019-06-10 00:03:53,453 [DEBUG] headers:265 - << ETag: "0ae01ce1ffa429a5af9a7c1badadf2a8"
2019-06-10 00:03:53,453 [DEBUG] headers:265 - << Age: 590780
2019-06-10 00:03:53,453 [DEBUG] headers:265 - << Cache-Control: max-age=604800
2019-06-10 00:03:53,453 [DEBUG] headers:265 - << Expires: Sun, 9 Jun 2019 18:57:33 GMT
2019-06-10 00:03:53,453 [DEBUG] headers:265 - << Accept-Ranges: bytes
2019-06-10 00:03:53,453 [DEBUG] headers:265 - << Content-Length: 69904
2019-06-10 00:03:53,453 [DEBUG] headers:265 - << Content-Type: application/octet-stream
2019-06-10 00:03:53,454 [DEBUG] headers:265 - << Last-Modified: Fri, 26 Apr 2019 08:50:51 GMT
2019-06-10 00:03:53,455 [DEBUG] headers:265 - << x-amz-version-id: 8r6hCUl1L7ffx6AGOZCxQrEmyo986kNH
2019-06-10 00:03:53,455 [DEBUG] headers:265 - << x-amz-id-2: q0te4dU7W8qtnXf8tmbCkOSb/qyZKBB0AynnM5w0UNQmpZqAOq2+ImweTj5gV6wy6S5tIYx42gY=
2019-06-10 00:03:53,455 [DEBUG] headers:265 - << x-amz-request-id: D59C3E64434DDE75
2019-06-10 00:03:53,455 [DEBUG] headers:265 - << x-amz-meta-cb-modifiedtime: Tue, 23 Apr 2019 19:03:42 GMT
2019-06-10 00:03:53,455 [DEBUG] headers:265 - << Connection: keep-alive
2019-06-10 00:03:53,456 [DEBUG] SNIAwareHttpClient:509 - Connection can be kept alive indefinitely
2019-06-10 00:03:53,456 [DEBUG] BasicClientConnectionManager:200 - Releasing connection org.apache.http.impl.conn.ManagedClientConnectionImpl@641276d1
2019-06-10 00:03:53,456 [DEBUG] BasicClientConnectionManager:225 - Connection can be kept alive indefinitely
2019-06-10 00:03:53,679 [DEBUG] DefaultClientConnection:164 - Connection 0.0.0.0:49255<->115.127.250.10:80 shut down
2019-06-10 00:03:53,682 [DEBUG] DefaultClientConnection:180 - Connection 0.0.0.0:49256<->115.127.250.10:80 closed
2019-06-10 00:03:53,682 [DEBUG] DefaultClientConnection:180 - Connection 0.0.0.0:49257<->115.127.250.10:80 closed
2019-06-10 00:03:53,683 [DEBUG] DefaultClientConnection:164 - Connection 0.0.0.0:49258<->115.127.250.10:80 shut down
2019-06-10 00:03:53,821 [DEBUG] SingleClientConnManager:210 - Get connection for route {s}->https://download.eclipse.org:443
2019-06-10 00:03:53,823 [DEBUG] DefaultClientConnectionOperator:177 - Connecting to download.eclipse.org:443
2019-06-10 00:03:54,033 [DEBUG] RequestAddCookies:123 - CookieSpec selected: default
2019-06-10 00:03:54,034 [DEBUG] RequestAuthCache:77 - Auth cache not set in the context
2019-06-10 00:03:54,034 [DEBUG] RequestTargetAuthentication:80 - Target auth state: UNCHALLENGED
2019-06-10 00:03:54,034 [DEBUG] RequestProxyAuthentication:89 - Proxy auth state: UNCHALLENGED
2019-06-10 00:03:54,034 [DEBUG] SNIAwareHttpClient:682 - Attempt 1 to execute request
2019-06-10 00:03:54,034 [DEBUG] DefaultClientConnection:274 - Sending request: GET /releases/2019-03/p2.index HTTP/1.1
2019-06-10 00:03:54,035 [DEBUG] wire:73 -  >> "GET /releases/2019-03/p2.index HTTP/1.1[\r][\n]"
2019-06-10 00:03:54,035 [DEBUG] wire:73 -  >> "Cache-Control: max-age=0[\r][\n]"
2019-06-10 00:03:54,035 [DEBUG] wire:73 -  >> "User-Agent: p2/1.2.100.v20180822-1354 (Java 1.8.0_202-b08 AdoptOpenJdk; MacOSX 10.14.5 x86-64; ja_JP) com.st.stm32cube.ide.mcu.rcp.product/unknownBuildId (org.eclipse.ui.ide.workbench)[\r][\n]"
2019-06-10 00:03:54,035 [DEBUG] wire:73 -  >> "Host: download.eclipse.org[\r][\n]"
2019-06-10 00:03:54,035 [DEBUG] wire:73 -  >> "Connection: Keep-Alive[\r][\n]"
2019-06-10 00:03:54,036 [DEBUG] wire:73 -  >> "Accept-Encoding: gzip,deflate[\r][\n]"
2019-06-10 00:03:54,036 [DEBUG] wire:73 -  >> "[\r][\n]"
2019-06-10 00:03:54,036 [DEBUG] headers:278 - >> GET /releases/2019-03/p2.index HTTP/1.1
2019-06-10 00:03:54,036 [DEBUG] headers:281 - >> Cache-Control: max-age=0
2019-06-10 00:03:54,036 [DEBUG] headers:281 - >> User-Agent: p2/1.2.100.v20180822-1354 (Java 1.8.0_202-b08 AdoptOpenJdk; MacOSX 10.14.5 x86-64; ja_JP) com.st.stm32cube.ide.mcu.rcp.product/unknownBuildId (org.eclipse.ui.ide.workbench)
2019-06-10 00:03:54,037 [DEBUG] headers:281 - >> Host: download.eclipse.org
2019-06-10 00:03:54,037 [DEBUG] headers:281 - >> Connection: Keep-Alive
2019-06-10 00:03:54,037 [DEBUG] headers:281 - >> Accept-Encoding: gzip,deflate
2019-06-10 00:03:54,696 [DEBUG] wire:73 -  << "HTTP/1.1 200 OK[\r][\n]"
2019-06-10 00:03:54,697 [DEBUG] wire:73 -  << "Server: nginx[\r][\n]"
2019-06-10 00:03:54,697 [DEBUG] wire:73 -  << "Date: Sun, 09 Jun 2019 15:03:45 GMT[\r][\n]"
2019-06-10 00:03:54,697 [DEBUG] wire:73 -  << "Content-Type: text/plain[\r][\n]"
2019-06-10 00:03:54,697 [DEBUG] wire:73 -  << "Transfer-Encoding: chunked[\r][\n]"
2019-06-10 00:03:54,698 [DEBUG] wire:73 -  << "Connection: keep-alive[\r][\n]"
2019-06-10 00:03:54,698 [DEBUG] wire:73 -  << "Vary: Accept-Encoding[\r][\n]"
2019-06-10 00:03:54,698 [DEBUG] wire:73 -  << "Last-Modified: Wed, 19 Dec 2018 15:24:41 GMT[\r][\n]"
2019-06-10 00:03:54,698 [DEBUG] wire:73 -  << "ETag: W/"7a-57d619ceaff8e"[\r][\n]"
2019-06-10 00:03:54,699 [DEBUG] wire:73 -  << "X-NodeID: download2[\r][\n]"
2019-06-10 00:03:54,699 [DEBUG] wire:73 -  << "Strict-Transport-Security: max-age=15552000; includeSubDomains; preload[\r][\n]"
2019-06-10 00:03:54,699 [DEBUG] wire:73 -  << "X-Frame-Options: SAMEORIGIN[\r][\n]"
2019-06-10 00:03:54,699 [DEBUG] wire:73 -  << "X-Content-Type-Options: nosniff[\r][\n]"
2019-06-10 00:03:54,699 [DEBUG] wire:73 -  << "X-XSS-Protection: 1; mode=block[\r][\n]"
2019-06-10 00:03:54,699 [DEBUG] wire:73 -  << "X-Proxy-Cache: HIT[\r][\n]"
2019-06-10 00:03:54,700 [DEBUG] wire:73 -  << "Content-Encoding: gzip[\r][\n]"
2019-06-10 00:03:54,700 [DEBUG] wire:73 -  << "[\r][\n]"
2019-06-10 00:03:54,700 [DEBUG] DefaultClientConnection:259 - Receiving response: HTTP/1.1 200 OK
2019-06-10 00:03:54,700 [DEBUG] headers:262 - << HTTP/1.1 200 OK
2019-06-10 00:03:54,700 [DEBUG] headers:265 - << Server: nginx
2019-06-10 00:03:54,701 [DEBUG] headers:265 - << Date: Sun, 09 Jun 2019 15:03:45 GMT
2019-06-10 00:03:54,701 [DEBUG] headers:265 - << Content-Type: text/plain
2019-06-10 00:03:54,701 [DEBUG] headers:265 - << Transfer-Encoding: chunked
2019-06-10 00:03:54,701 [DEBUG] headers:265 - << Connection: keep-alive
2019-06-10 00:03:54,701 [DEBUG] headers:265 - << Vary: Accept-Encoding
2019-06-10 00:03:54,702 [DEBUG] headers:265 - << Last-Modified: Wed, 19 Dec 2018 15:24:41 GMT
2019-06-10 00:03:54,702 [DEBUG] headers:265 - << ETag: W/"7a-57d619ceaff8e"
2019-06-10 00:03:54,702 [DEBUG] headers:265 - << X-NodeID: download2
2019-06-10 00:03:54,702 [DEBUG] headers:265 - << Strict-Transport-Security: max-age=15552000; includeSubDomains; preload
2019-06-10 00:03:54,702 [DEBUG] headers:265 - << X-Frame-Options: SAMEORIGIN
2019-06-10 00:03:54,702 [DEBUG] headers:265 - << X-Content-Type-Options: nosniff
2019-06-10 00:03:54,703 [DEBUG] headers:265 - << X-XSS-Protection: 1; mode=block
2019-06-10 00:03:54,703 [DEBUG] headers:265 - << X-Proxy-Cache: HIT
2019-06-10 00:03:54,703 [DEBUG] headers:265 - << Content-Encoding: gzip
2019-06-10 00:03:54,706 [DEBUG] SNIAwareHttpClient:509 - Connection can be kept alive indefinitely
2019-06-10 00:03:54,709 [DEBUG] wire:73 -  << "5d[\r][\n]"
2019-06-10 00:03:54,709 [DEBUG] wire:87 -  << "[0x1f]"
2019-06-10 00:03:54,709 [DEBUG] wire:87 -  << "[0x8b]"
2019-06-10 00:03:54,710 [DEBUG] wire:87 -  << "[0x8]"
2019-06-10 00:03:54,710 [DEBUG] wire:87 -  << "[0x0]"
2019-06-10 00:03:54,710 [DEBUG] wire:87 -  << "[0x0][0x0][0x0][0x0][0x0][0x3]"
2019-06-10 00:03:54,710 [DEBUG] wire:87 -  << "+K-*[0xce][0xcc][0xcf][0xb3]5[0xe4][0xca]M-ILI,I[0xd4]+J-[0xc8]/[0xce],[0xc9]/[0xaa][0xd4]KKL[0x6][0xd3][0xf9]E)[0xa9]E[0xb6][0xc9][0xf9][0xb9]`[0x99]T[0xe7][0xfc][0xbc][0x92][0xd4][0xbc][0x12][0xbd][0x8a][0xdc][0x1c][0xae][0xc4][0xa2][0x92]L[0x90]2"[0xb4]9B[0x95][0x16][0x83]5[0x2][0x0]{[0xc4][0xca]iz[0x0][0x0][0x0]"
2019-06-10 00:03:54,711 [DEBUG] wire:73 -  << "[\r][\n]"
2019-06-10 00:03:54,711 [DEBUG] wire:73 -  << "0[\r][\n]"
2019-06-10 00:03:54,712 [DEBUG] wire:73 -  << "[\r][\n]"
2019-06-10 00:03:54,712 [DEBUG] SingleClientConnManager:265 - Releasing connection org.apache.http.impl.conn.SingleClientConnManager$ConnAdapter@264f344c
2019-06-10 00:03:54,811 [DEBUG] BasicClientConnectionManager:161 - Get connection for route {s}->https://download.eclipse.org:443
2019-06-10 00:03:54,811 [DEBUG] DefaultClientConnectionOperator:177 - Connecting to download.eclipse.org:443
2019-06-10 00:03:55,662 [DEBUG] RequestAddCookies:123 - CookieSpec selected: default
2019-06-10 00:03:55,662 [DEBUG] RequestAuthCache:77 - Auth cache not set in the context
2019-06-10 00:03:55,662 [DEBUG] RequestTargetAuthentication:80 - Target auth state: UNCHALLENGED
2019-06-10 00:03:55,662 [DEBUG] RequestProxyAuthentication:89 - Proxy auth state: UNCHALLENGED
2019-06-10 00:03:55,662 [DEBUG] SNIAwareHttpClient:682 - Attempt 1 to execute request
2019-06-10 00:03:55,662 [DEBUG] DefaultClientConnection:274 - Sending request: HEAD /releases/2019-03/compositeContent.jar HTTP/1.1
2019-06-10 00:03:55,663 [DEBUG] wire:73 -  >> "HEAD /releases/2019-03/compositeContent.jar HTTP/1.1[\r][\n]"
2019-06-10 00:03:55,663 [DEBUG] wire:73 -  >> "Cache-Control: max-age=0[\r][\n]"
2019-06-10 00:03:55,663 [DEBUG] wire:73 -  >> "Host: download.eclipse.org[\r][\n]"
2019-06-10 00:03:55,663 [DEBUG] wire:73 -  >> "Connection: Keep-Alive[\r][\n]"
2019-06-10 00:03:55,663 [DEBUG] wire:73 -  >> "User-Agent: Apache-HttpClient/4.5.5 (Java/1.8.0_202)[\r][\n]"
2019-06-10 00:03:55,663 [DEBUG] wire:73 -  >> "[\r][\n]"
2019-06-10 00:03:55,664 [DEBUG] headers:278 - >> HEAD /releases/2019-03/compositeContent.jar HTTP/1.1
2019-06-10 00:03:55,664 [DEBUG] headers:281 - >> Cache-Control: max-age=0
2019-06-10 00:03:55,664 [DEBUG] headers:281 - >> Host: download.eclipse.org
2019-06-10 00:03:55,664 [DEBUG] headers:281 - >> Connection: Keep-Alive
2019-06-10 00:03:55,664 [DEBUG] headers:281 - >> User-Agent: Apache-HttpClient/4.5.5 (Java/1.8.0_202)
2019-06-10 00:03:55,852 [DEBUG] wire:73 -  << "HTTP/1.1 200 OK[\r][\n]"
2019-06-10 00:03:55,853 [DEBUG] wire:73 -  << "Server: nginx[\r][\n]"
2019-06-10 00:03:55,853 [DEBUG] wire:73 -  << "Date: Sun, 09 Jun 2019 15:03:46 GMT[\r][\n]"
2019-06-10 00:03:55,854 [DEBUG] wire:73 -  << "Content-Type: application/x-java-archive[\r][\n]"
2019-06-10 00:03:55,854 [DEBUG] wire:73 -  << "Content-Length: 491[\r][\n]"
2019-06-10 00:03:55,854 [DEBUG] wire:73 -  << "Connection: keep-alive[\r][\n]"
2019-06-10 00:03:55,854 [DEBUG] wire:73 -  << "Last-Modified: Wed, 20 Mar 2019 13:30:05 GMT[\r][\n]"
2019-06-10 00:03:55,855 [DEBUG] wire:73 -  << "ETag: "1eb-584869ea1932a"[\r][\n]"
2019-06-10 00:03:55,855 [DEBUG] wire:73 -  << "X-NodeID: download1[\r][\n]"
2019-06-10 00:03:55,855 [DEBUG] wire:73 -  << "Strict-Transport-Security: max-age=15552000; includeSubDomains; preload[\r][\n]"
2019-06-10 00:03:55,855 [DEBUG] wire:73 -  << "X-Frame-Options: SAMEORIGIN[\r][\n]"
2019-06-10 00:03:55,855 [DEBUG] wire:73 -  << "X-Content-Type-Options: nosniff[\r][\n]"
2019-06-10 00:03:55,855 [DEBUG] wire:73 -  << "X-XSS-Protection: 1; mode=block[\r][\n]"
2019-06-10 00:03:55,855 [DEBUG] wire:73 -  << "X-Proxy-Cache: HIT[\r][\n]"
2019-06-10 00:03:55,856 [DEBUG] wire:73 -  << "Accept-Ranges: bytes[\r][\n]"
2019-06-10 00:03:55,856 [DEBUG] wire:73 -  << "[\r][\n]"
2019-06-10 00:03:55,856 [DEBUG] DefaultClientConnection:259 - Receiving response: HTTP/1.1 200 OK
2019-06-10 00:03:55,856 [DEBUG] headers:262 - << HTTP/1.1 200 OK
2019-06-10 00:03:55,856 [DEBUG] headers:265 - << Server: nginx
2019-06-10 00:03:55,856 [DEBUG] headers:265 - << Date: Sun, 09 Jun 2019 15:03:46 GMT
2019-06-10 00:03:55,857 [DEBUG] headers:265 - << Content-Type: application/x-java-archive
2019-06-10 00:03:55,857 [DEBUG] headers:265 - << Content-Length: 491
2019-06-10 00:03:55,857 [DEBUG] headers:265 - << Connection: keep-alive
2019-06-10 00:03:55,857 [DEBUG] headers:265 - << Last-Modified: Wed, 20 Mar 2019 13:30:05 GMT
2019-06-10 00:03:55,857 [DEBUG] headers:265 - << ETag: "1eb-584869ea1932a"
2019-06-10 00:03:55,857 [DEBUG] headers:265 - << X-NodeID: download1
2019-06-10 00:03:55,857 [DEBUG] headers:265 - << Strict-Transport-Security: max-age=15552000; includeSubDomains; preload
2019-06-10 00:03:55,857 [DEBUG] headers:265 - << X-Frame-Options: SAMEORIGIN
2019-06-10 00:03:55,857 [DEBUG] headers:265 - << X-Content-Type-Options: nosniff
2019-06-10 00:03:55,857 [DEBUG] headers:265 - << X-XSS-Protection: 1; mode=block
2019-06-10 00:03:55,858 [DEBUG] headers:265 - << X-Proxy-Cache: HIT
2019-06-10 00:03:55,858 [DEBUG] headers:265 - << Accept-Ranges: bytes
2019-06-10 00:03:55,858 [DEBUG] SNIAwareHttpClient:509 - Connection can be kept alive indefinitely
2019-06-10 00:03:55,858 [DEBUG] BasicClientConnectionManager:200 - Releasing connection org.apache.http.impl.conn.ManagedClientConnectionImpl@2f7c3e93
2019-06-10 00:03:55,858 [DEBUG] BasicClientConnectionManager:225 - Connection can be kept alive indefinitely
2019-06-10 00:03:55,863 [DEBUG] SingleClientConnManager:210 - Get connection for route {s}->https://download.eclipse.org:443
2019-06-10 00:03:55,863 [DEBUG] DefaultClientConnectionOperator:177 - Connecting to download.eclipse.org:443
2019-06-10 00:03:56,049 [DEBUG] RequestAddCookies:123 - CookieSpec selected: default
2019-06-10 00:03:56,050 [DEBUG] RequestAuthCache:77 - Auth cache not set in the context
2019-06-10 00:03:56,050 [DEBUG] RequestTargetAuthentication:80 - Target auth state: UNCHALLENGED
2019-06-10 00:03:56,050 [DEBUG] RequestProxyAuthentication:89 - Proxy auth state: UNCHALLENGED
2019-06-10 00:03:56,050 [DEBUG] SNIAwareHttpClient:682 - Attempt 1 to execute request
2019-06-10 00:03:56,050 [DEBUG] DefaultClientConnection:274 - Sending request: GET /technology/epp/packages/2019-03/p2.index HTTP/1.1
2019-06-10 00:03:56,050 [DEBUG] wire:73 -  >> "GET /technology/epp/packages/2019-03/p2.index HTTP/1.1[\r][\n]"
2019-06-10 00:03:56,050 [DEBUG] wire:73 -  >> "Cache-Control: max-age=0[\r][\n]"
2019-06-10 00:03:56,051 [DEBUG] wire:73 -  >> "User-Agent: p2/1.2.100.v20180822-1354 (Java 1.8.0_202-b08 AdoptOpenJdk; MacOSX 10.14.5 x86-64; ja_JP) com.st.stm32cube.ide.mcu.rcp.product/unknownBuildId (org.eclipse.ui.ide.workbench)[\r][\n]"
2019-06-10 00:03:56,051 [DEBUG] wire:73 -  >> "Host: download.eclipse.org[\r][\n]"
2019-06-10 00:03:56,051 [DEBUG] wire:73 -  >> "Connection: Keep-Alive[\r][\n]"
2019-06-10 00:03:56,051 [DEBUG] wire:73 -  >> "Accept-Encoding: gzip,deflate[\r][\n]"
2019-06-10 00:03:56,051 [DEBUG] wire:73 -  >> "[\r][\n]"
2019-06-10 00:03:56,052 [DEBUG] headers:278 - >> GET /technology/epp/packages/2019-03/p2.index HTTP/1.1
2019-06-10 00:03:56,052 [DEBUG] headers:281 - >> Cache-Control: max-age=0
2019-06-10 00:03:56,052 [DEBUG] headers:281 - >> User-Agent: p2/1.2.100.v20180822-1354 (Java 1.8.0_202-b08 AdoptOpenJdk; MacOSX 10.14.5 x86-64; ja_JP) com.st.stm32cube.ide.mcu.rcp.product/unknownBuildId (org.eclipse.ui.ide.workbench)
2019-06-10 00:03:56,052 [DEBUG] headers:281 - >> Host: download.eclipse.org
2019-06-10 00:03:56,052 [DEBUG] headers:281 - >> Connection: Keep-Alive
2019-06-10 00:03:56,052 [DEBUG] headers:281 - >> Accept-Encoding: gzip,deflate
2019-06-10 00:03:56,627 [DEBUG] wire:73 -  << "HTTP/1.1 200 OK[\r][\n]"
2019-06-10 00:03:56,627 [DEBUG] wire:73 -  << "Server: nginx[\r][\n]"
2019-06-10 00:03:56,627 [DEBUG] wire:73 -  << "Date: Sun, 09 Jun 2019 15:03:47 GMT[\r][\n]"
2019-06-10 00:03:56,628 [DEBUG] wire:73 -  << "Content-Type: text/plain[\r][\n]"
2019-06-10 00:03:56,628 [DEBUG] wire:73 -  << "Transfer-Encoding: chunked[\r][\n]"
2019-06-10 00:03:56,628 [DEBUG] wire:73 -  << "Connection: keep-alive[\r][\n]"
2019-06-10 00:03:56,628 [DEBUG] wire:73 -  << "Vary: Accept-Encoding[\r][\n]"
2019-06-10 00:03:56,629 [DEBUG] wire:73 -  << "Last-Modified: Wed, 20 Mar 2019 10:26:30 GMT[\r][\n]"
2019-06-10 00:03:56,629 [DEBUG] wire:73 -  << "ETag: W/"8e-584840e0f8180"[\r][\n]"
2019-06-10 00:03:56,629 [DEBUG] wire:73 -  << "X-NodeID: download1[\r][\n]"
2019-06-10 00:03:56,629 [DEBUG] wire:73 -  << "Strict-Transport-Security: max-age=15552000; includeSubDomains; preload[\r][\n]"
2019-06-10 00:03:56,630 [DEBUG] wire:73 -  << "X-Frame-Options: SAMEORIGIN[\r][\n]"
2019-06-10 00:03:56,630 [DEBUG] wire:73 -  << "X-Content-Type-Options: nosniff[\r][\n]"
2019-06-10 00:03:56,630 [DEBUG] wire:73 -  << "X-XSS-Protection: 1; mode=block[\r][\n]"
2019-06-10 00:03:56,631 [DEBUG] wire:73 -  << "X-Proxy-Cache: HIT[\r][\n]"
2019-06-10 00:03:56,631 [DEBUG] wire:73 -  << "Content-Encoding: gzip[\r][\n]"
2019-06-10 00:03:56,631 [DEBUG] wire:73 -  << "[\r][\n]"
2019-06-10 00:03:56,632 [DEBUG] DefaultClientConnection:259 - Receiving response: HTTP/1.1 200 OK
2019-06-10 00:03:56,632 [DEBUG] headers:262 - << HTTP/1.1 200 OK
2019-06-10 00:03:56,632 [DEBUG] headers:265 - << Server: nginx
2019-06-10 00:03:56,632 [DEBUG] headers:265 - << Date: Sun, 09 Jun 2019 15:03:47 GMT
2019-06-10 00:03:56,632 [DEBUG] headers:265 - << Content-Type: text/plain
2019-06-10 00:03:56,633 [DEBUG] headers:265 - << Transfer-Encoding: chunked
2019-06-10 00:03:56,633 [DEBUG] headers:265 - << Connection: keep-alive
2019-06-10 00:03:56,633 [DEBUG] headers:265 - << Vary: Accept-Encoding
2019-06-10 00:03:56,633 [DEBUG] headers:265 - << Last-Modified: Wed, 20 Mar 2019 10:26:30 GMT
2019-06-10 00:03:56,633 [DEBUG] headers:265 - << ETag: W/"8e-584840e0f8180"
2019-06-10 00:03:56,634 [DEBUG] headers:265 - << X-NodeID: download1
2019-06-10 00:03:56,634 [DEBUG] headers:265 - << Strict-Transport-Security: max-age=15552000; includeSubDomains; preload
2019-06-10 00:03:56,634 [DEBUG] headers:265 - << X-Frame-Options: SAMEORIGIN
2019-06-10 00:03:56,634 [DEBUG] headers:265 - << X-Content-Type-Options: nosniff
2019-06-10 00:03:56,634 [DEBUG] headers:265 - << X-XSS-Protection: 1; mode=block
2019-06-10 00:03:56,635 [DEBUG] headers:265 - << X-Proxy-Cache: HIT
2019-06-10 00:03:56,635 [DEBUG] headers:265 - << Content-Encoding: gzip
2019-06-10 00:03:56,635 [DEBUG] SNIAwareHttpClient:509 - Connection can be kept alive indefinitely
2019-06-10 00:03:56,637 [DEBUG] wire:73 -  << "63[\r][\n]"
2019-06-10 00:03:56,637 [DEBUG] wire:87 -  << "[0x1f]"
2019-06-10 00:03:56,637 [DEBUG] wire:87 -  << "[0x8b]"
2019-06-10 00:03:56,637 [DEBUG] wire:87 -  << "[0x8]"
2019-06-10 00:03:56,638 [DEBUG] wire:87 -  << "[0x0]"
2019-06-10 00:03:56,638 [DEBUG] wire:87 -  << "[0x0][0x0][0x0][0x0][0x0][0x3]"
2019-06-10 00:03:56,638 [DEBUG] wire:73 -  << "+K-*[0xce][0xcc][0xcf][0xb3]5[0xe4][0xca]M-ILI,I[0xd4]+J-[0xc8]/[0xce],[0xc9]/[0xaa][0xd4]KKL[0x6][0xd3][0xf9]E)[0xa9]E[0xb6][\n]"
2019-06-10 00:03:56,638 [DEBUG] wire:87 -  << "[0xc9][0xf9]y%[0xa9]y%z[0x15][0xb9]9z[0x15]U:H\[0x1d]E[0xae][0xc4][0xa2][0x92]L[0x90]z<[0xfa]aJ[0x8a]a&[0xa0][0x8][0x0][0xcd][0x0][0x0][0x94][0x5]R[0xac][0x8e][0x0][0x0][0x0]"
2019-06-10 00:03:56,639 [DEBUG] wire:73 -  << "[\r][\n]"
2019-06-10 00:03:56,639 [DEBUG] wire:73 -  << "0[\r][\n]"
2019-06-10 00:03:56,639 [DEBUG] wire:73 -  << "[\r][\n]"
2019-06-10 00:03:56,639 [DEBUG] SingleClientConnManager:265 - Releasing connection org.apache.http.impl.conn.SingleClientConnManager$ConnAdapter@4471a9f8
2019-06-10 00:03:56,740 [DEBUG] BasicClientConnectionManager:161 - Get connection for route {s}->https://download.eclipse.org:443
2019-06-10 00:03:56,741 [DEBUG] DefaultClientConnectionOperator:177 - Connecting to download.eclipse.org:443
2019-06-10 00:03:57,606 [DEBUG] RequestAddCookies:123 - CookieSpec selected: default
2019-06-10 00:03:57,606 [DEBUG] RequestAuthCache:77 - Auth cache not set in the context
2019-06-10 00:03:57,606 [DEBUG] RequestTargetAuthentication:80 - Target auth state: UNCHALLENGED
2019-06-10 00:03:57,607 [DEBUG] RequestProxyAuthentication:89 - Proxy auth state: UNCHALLENGED
2019-06-10 00:03:57,607 [DEBUG] SNIAwareHttpClient:682 - Attempt 1 to execute request
2019-06-10 00:03:57,607 [DEBUG] DefaultClientConnection:274 - Sending request: HEAD /technology/epp/packages/2019-03/content.xml.xz HTTP/1.1
2019-06-10 00:03:57,607 [DEBUG] wire:73 -  >> "HEAD /technology/epp/packages/2019-03/content.xml.xz HTTP/1.1[\r][\n]"
2019-06-10 00:03:57,607 [DEBUG] wire:73 -  >> "Cache-Control: max-age=0[\r][\n]"
2019-06-10 00:03:57,607 [DEBUG] wire:73 -  >> "Host: download.eclipse.org[\r][\n]"
2019-06-10 00:03:57,607 [DEBUG] wire:73 -  >> "Connection: Keep-Alive[\r][\n]"
2019-06-10 00:03:57,608 [DEBUG] wire:73 -  >> "User-Agent: Apache-HttpClient/4.5.5 (Java/1.8.0_202)[\r][\n]"
2019-06-10 00:03:57,608 [DEBUG] wire:73 -  >> "[\r][\n]"
2019-06-10 00:03:57,608 [DEBUG] headers:278 - >> HEAD /technology/epp/packages/2019-03/content.xml.xz HTTP/1.1
2019-06-10 00:03:57,608 [DEBUG] headers:281 - >> Cache-Control: max-age=0
2019-06-10 00:03:57,608 [DEBUG] headers:281 - >> Host: download.eclipse.org
2019-06-10 00:03:57,608 [DEBUG] headers:281 - >> Connection: Keep-Alive
2019-06-10 00:03:57,608 [DEBUG] headers:281 - >> User-Agent: Apache-HttpClient/4.5.5 (Java/1.8.0_202)
2019-06-10 00:03:57,797 [DEBUG] wire:73 -  << "HTTP/1.1 200 OK[\r][\n]"
2019-06-10 00:03:57,798 [DEBUG] wire:73 -  << "Server: nginx[\r][\n]"
2019-06-10 00:03:57,798 [DEBUG] wire:73 -  << "Date: Sun, 09 Jun 2019 15:03:48 GMT[\r][\n]"
2019-06-10 00:03:57,798 [DEBUG] wire:73 -  << "Content-Type: text/xml[\r][\n]"
2019-06-10 00:03:57,798 [DEBUG] wire:73 -  << "Content-Length: 25388[\r][\n]"
2019-06-10 00:03:57,798 [DEBUG] wire:73 -  << "Connection: keep-alive[\r][\n]"
2019-06-10 00:03:57,799 [DEBUG] wire:73 -  << "Vary: Accept-Encoding[\r][\n]"
2019-06-10 00:03:57,799 [DEBUG] wire:73 -  << "Last-Modified: Thu, 14 Mar 2019 15:05:04 GMT[\r][\n]"
2019-06-10 00:03:57,799 [DEBUG] wire:73 -  << "ETag: "632c-5840f3f3ea800"[\r][\n]"
2019-06-10 00:03:57,799 [DEBUG] wire:73 -  << "X-NodeID: download2[\r][\n]"
2019-06-10 00:03:57,799 [DEBUG] wire:73 -  << "Strict-Transport-Security: max-age=15552000; includeSubDomains; preload[\r][\n]"
2019-06-10 00:03:57,800 [DEBUG] wire:73 -  << "X-Frame-Options: SAMEORIGIN[\r][\n]"
2019-06-10 00:03:57,800 [DEBUG] wire:73 -  << "X-Content-Type-Options: nosniff[\r][\n]"
2019-06-10 00:03:57,800 [DEBUG] wire:73 -  << "X-XSS-Protection: 1; mode=block[\r][\n]"
2019-06-10 00:03:57,800 [DEBUG] wire:73 -  << "X-Proxy-Cache: HIT[\r][\n]"
2019-06-10 00:03:57,801 [DEBUG] wire:73 -  << "Accept-Ranges: bytes[\r][\n]"
2019-06-10 00:03:57,801 [DEBUG] wire:73 -  << "[\r][\n]"
2019-06-10 00:03:57,801 [DEBUG] DefaultClientConnection:259 - Receiving response: HTTP/1.1 200 OK
2019-06-10 00:03:57,801 [DEBUG] headers:262 - << HTTP/1.1 200 OK
2019-06-10 00:03:57,801 [DEBUG] headers:265 - << Server: nginx
2019-06-10 00:03:57,802 [DEBUG] headers:265 - << Date: Sun, 09 Jun 2019 15:03:48 GMT
2019-06-10 00:03:57,802 [DEBUG] headers:265 - << Content-Type: text/xml
2019-06-10 00:03:57,802 [DEBUG] headers:265 - << Content-Length: 25388
2019-06-10 00:03:57,802 [DEBUG] headers:265 - << Connection: keep-alive
2019-06-10 00:03:57,802 [DEBUG] headers:265 - << Vary: Accept-Encoding
2019-06-10 00:03:57,802 [DEBUG] headers:265 - << Last-Modified: Thu, 14 Mar 2019 15:05:04 GMT
2019-06-10 00:03:57,802 [DEBUG] headers:265 - << ETag: "632c-5840f3f3ea800"
2019-06-10 00:03:57,802 [DEBUG] headers:265 - << X-NodeID: download2
2019-06-10 00:03:57,803 [DEBUG] headers:265 - << Strict-Transport-Security: max-age=15552000; includeSubDomains; preload
2019-06-10 00:03:57,803 [DEBUG] headers:265 - << X-Frame-Options: SAMEORIGIN
2019-06-10 00:03:57,803 [DEBUG] headers:265 - << X-Content-Type-Options: nosniff
2019-06-10 00:03:57,803 [DEBUG] headers:265 - << X-XSS-Protection: 1; mode=block
2019-06-10 00:03:57,803 [DEBUG] headers:265 - << X-Proxy-Cache: HIT
2019-06-10 00:03:57,803 [DEBUG] headers:265 - << Accept-Ranges: bytes
2019-06-10 00:03:57,803 [DEBUG] SNIAwareHttpClient:509 - Connection can be kept alive indefinitely
2019-06-10 00:03:57,803 [DEBUG] BasicClientConnectionManager:200 - Releasing connection org.apache.http.impl.conn.ManagedClientConnectionImpl@7ea0260b
2019-06-10 00:03:57,803 [DEBUG] BasicClientConnectionManager:225 - Connection can be kept alive indefinitely
2019-06-10 00:03:57,874 [DEBUG] SingleClientConnManager:210 - Get connection for route {s}->https://download.eclipse.org:443
2019-06-10 00:03:57,874 [DEBUG] DefaultClientConnectionOperator:177 - Connecting to download.eclipse.org:443
2019-06-10 00:03:58,059 [DEBUG] RequestAddCookies:123 - CookieSpec selected: default
2019-06-10 00:03:58,060 [DEBUG] RequestAuthCache:77 - Auth cache not set in the context
2019-06-10 00:03:58,060 [DEBUG] RequestTargetAuthentication:80 - Target auth state: UNCHALLENGED
2019-06-10 00:03:58,061 [DEBUG] RequestProxyAuthentication:89 - Proxy auth state: UNCHALLENGED
2019-06-10 00:03:58,061 [DEBUG] SNIAwareHttpClient:682 - Attempt 1 to execute request
2019-06-10 00:03:58,061 [DEBUG] DefaultClientConnection:274 - Sending request: GET /releases/2019-03/201903201000/p2.index HTTP/1.1
2019-06-10 00:03:58,062 [DEBUG] wire:73 -  >> "GET /releases/2019-03/201903201000/p2.index HTTP/1.1[\r][\n]"
2019-06-10 00:03:58,062 [DEBUG] wire:73 -  >> "Cache-Control: max-age=0[\r][\n]"
2019-06-10 00:03:58,062 [DEBUG] wire:73 -  >> "User-Agent: p2/1.2.100.v20180822-1354 (Java 1.8.0_202-b08 AdoptOpenJdk; MacOSX 10.14.5 x86-64; ja_JP) com.st.stm32cube.ide.mcu.rcp.product/unknownBuildId (org.eclipse.ui.ide.workbench)[\r][\n]"
2019-06-10 00:03:58,063 [DEBUG] wire:73 -  >> "Host: download.eclipse.org[\r][\n]"
2019-06-10 00:03:58,063 [DEBUG] wire:73 -  >> "Connection: Keep-Alive[\r][\n]"
2019-06-10 00:03:58,064 [DEBUG] wire:73 -  >> "Accept-Encoding: gzip,deflate[\r][\n]"
2019-06-10 00:03:58,064 [DEBUG] wire:73 -  >> "[\r][\n]"
2019-06-10 00:03:58,064 [DEBUG] headers:278 - >> GET /releases/2019-03/201903201000/p2.index HTTP/1.1
2019-06-10 00:03:58,064 [DEBUG] headers:281 - >> Cache-Control: max-age=0
2019-06-10 00:03:58,064 [DEBUG] headers:281 - >> User-Agent: p2/1.2.100.v20180822-1354 (Java 1.8.0_202-b08 AdoptOpenJdk; MacOSX 10.14.5 x86-64; ja_JP) com.st.stm32cube.ide.mcu.rcp.product/unknownBuildId (org.eclipse.ui.ide.workbench)
2019-06-10 00:03:58,064 [DEBUG] headers:281 - >> Host: download.eclipse.org
2019-06-10 00:03:58,064 [DEBUG] headers:281 - >> Connection: Keep-Alive
2019-06-10 00:03:58,065 [DEBUG] headers:281 - >> Accept-Encoding: gzip,deflate
2019-06-10 00:03:58,631 [DEBUG] wire:73 -  << "HTTP/1.1 200 OK[\r][\n]"
2019-06-10 00:03:58,632 [DEBUG] wire:73 -  << "Server: nginx[\r][\n]"
2019-06-10 00:03:58,632 [DEBUG] wire:73 -  << "Date: Sun, 09 Jun 2019 15:03:49 GMT[\r][\n]"
2019-06-10 00:03:58,632 [DEBUG] wire:73 -  << "Content-Type: text/plain[\r][\n]"
2019-06-10 00:03:58,633 [DEBUG] wire:73 -  << "Transfer-Encoding: chunked[\r][\n]"
2019-06-10 00:03:58,633 [DEBUG] wire:73 -  << "Connection: keep-alive[\r][\n]"
2019-06-10 00:03:58,633 [DEBUG] wire:73 -  << "Vary: Accept-Encoding[\r][\n]"
2019-06-10 00:03:58,634 [DEBUG] wire:73 -  << "Last-Modified: Thu, 14 Mar 2019 12:58:33 GMT[\r][\n]"
2019-06-10 00:03:58,634 [DEBUG] wire:73 -  << "ETag: W/"8e-5840d7acd9f07"[\r][\n]"
2019-06-10 00:03:58,634 [DEBUG] wire:73 -  << "X-NodeID: download2[\r][\n]"
2019-06-10 00:03:58,635 [DEBUG] wire:73 -  << "Strict-Transport-Security: max-age=15552000; includeSubDomains; preload[\r][\n]"
2019-06-10 00:03:58,635 [DEBUG] wire:73 -  << "X-Frame-Options: SAMEORIGIN[\r][\n]"
2019-06-10 00:03:58,635 [DEBUG] wire:73 -  << "X-Content-Type-Options: nosniff[\r][\n]"
2019-06-10 00:03:58,635 [DEBUG] wire:73 -  << "X-XSS-Protection: 1; mode=block[\r][\n]"
2019-06-10 00:03:58,636 [DEBUG] wire:73 -  << "X-Proxy-Cache: HIT[\r][\n]"
2019-06-10 00:03:58,636 [DEBUG] wire:73 -  << "Content-Encoding: gzip[\r][\n]"
2019-06-10 00:03:58,636 [DEBUG] wire:73 -  << "[\r][\n]"
2019-06-10 00:03:58,637 [DEBUG] DefaultClientConnection:259 - Receiving response: HTTP/1.1 200 OK
2019-06-10 00:03:58,637 [DEBUG] headers:262 - << HTTP/1.1 200 OK
2019-06-10 00:03:58,637 [DEBUG] headers:265 - << Server: nginx
2019-06-10 00:03:58,637 [DEBUG] headers:265 - << Date: Sun, 09 Jun 2019 15:03:49 GMT
2019-06-10 00:03:58,637 [DEBUG] headers:265 - << Content-Type: text/plain
2019-06-10 00:03:58,637 [DEBUG] headers:265 - << Transfer-Encoding: chunked
2019-06-10 00:03:58,638 [DEBUG] headers:265 - << Connection: keep-alive
2019-06-10 00:03:58,638 [DEBUG] headers:265 - << Vary: Accept-Encoding
2019-06-10 00:03:58,638 [DEBUG] headers:265 - << Last-Modified: Thu, 14 Mar 2019 12:58:33 GMT
2019-06-10 00:03:58,638 [DEBUG] headers:265 - << ETag: W/"8e-5840d7acd9f07"
2019-06-10 00:03:58,638 [DEBUG] headers:265 - << X-NodeID: download2
2019-06-10 00:03:58,638 [DEBUG] headers:265 - << Strict-Transport-Security: max-age=15552000; includeSubDomains; preload
2019-06-10 00:03:58,638 [DEBUG] headers:265 - << X-Frame-Options: SAMEORIGIN
2019-06-10 00:03:58,638 [DEBUG] headers:265 - << X-Content-Type-Options: nosniff
2019-06-10 00:03:58,639 [DEBUG] headers:265 - << X-XSS-Protection: 1; mode=block
2019-06-10 00:03:58,639 [DEBUG] headers:265 - << X-Proxy-Cache: HIT
2019-06-10 00:03:58,639 [DEBUG] headers:265 - << Content-Encoding: gzip
2019-06-10 00:03:58,639 [DEBUG] SNIAwareHttpClient:509 - Connection can be kept alive indefinitely
2019-06-10 00:03:58,641 [DEBUG] wire:73 -  << "63[\r][\n]"
2019-06-10 00:03:58,641 [DEBUG] wire:87 -  << "[0x1f]"
2019-06-10 00:03:58,641 [DEBUG] wire:87 -  << "[0x8b]"
2019-06-10 00:03:58,641 [DEBUG] wire:87 -  << "[0x8]"
2019-06-10 00:03:58,641 [DEBUG] wire:87 -  << "[0x0]"
2019-06-10 00:03:58,641 [DEBUG] wire:87 -  << "[0x0][0x0][0x0][0x0][0x0][0x3]"
2019-06-10 00:03:58,641 [DEBUG] wire:73 -  << "+K-*[0xce][0xcc][0xcf][0xb3]5[0xe4][0xca]M-ILI,I[0xd4]+J-[0xc8]/[0xce],[0xc9]/[0xaa][0xd4]KKL[0x6][0xd3][0xf9]E)[0xa9]E[0xb6][\n]"
2019-06-10 00:03:58,642 [DEBUG] wire:87 -  << "[0xc9][0xf9]y%[0xa9]y%z[0x15][0xb9]9z[0x15]U:H\[0x1d]E[0xae][0xc4][0xa2][0x92]L[0x90]z<[0xfa]aJ[0x8a]a&[0xa0][0x8][0x0][0xcd][0x0][0x0][0x94][0x5]R[0xac][0x8e][0x0][0x0][0x0]"
2019-06-10 00:03:58,642 [DEBUG] wire:73 -  << "[\r][\n]"
2019-06-10 00:03:58,642 [DEBUG] wire:73 -  << "0[\r][\n]"
2019-06-10 00:03:58,642 [DEBUG] wire:73 -  << "[\r][\n]"
2019-06-10 00:03:58,643 [DEBUG] SingleClientConnManager:265 - Releasing connection org.apache.http.impl.conn.SingleClientConnManager$ConnAdapter@585dfb0d
2019-06-10 00:03:58,745 [DEBUG] BasicClientConnectionManager:161 - Get connection for route {s}->https://download.eclipse.org:443
2019-06-10 00:03:58,745 [DEBUG] DefaultClientConnectionOperator:177 - Connecting to download.eclipse.org:443
2019-06-10 00:03:59,649 [DEBUG] RequestAddCookies:123 - CookieSpec selected: default
2019-06-10 00:03:59,649 [DEBUG] RequestAuthCache:77 - Auth cache not set in the context
2019-06-10 00:03:59,649 [DEBUG] RequestTargetAuthentication:80 - Target auth state: UNCHALLENGED
2019-06-10 00:03:59,649 [DEBUG] RequestProxyAuthentication:89 - Proxy auth state: UNCHALLENGED
2019-06-10 00:03:59,650 [DEBUG] SNIAwareHttpClient:682 - Attempt 1 to execute request
2019-06-10 00:03:59,650 [DEBUG] DefaultClientConnection:274 - Sending request: HEAD /releases/2019-03/201903201000/content.xml.xz HTTP/1.1
2019-06-10 00:03:59,650 [DEBUG] wire:73 -  >> "HEAD /releases/2019-03/201903201000/content.xml.xz HTTP/1.1[\r][\n]"
2019-06-10 00:03:59,650 [DEBUG] wire:73 -  >> "Cache-Control: max-age=0[\r][\n]"
2019-06-10 00:03:59,650 [DEBUG] wire:73 -  >> "Host: download.eclipse.org[\r][\n]"
2019-06-10 00:03:59,650 [DEBUG] wire:73 -  >> "Connection: Keep-Alive[\r][\n]"
2019-06-10 00:03:59,650 [DEBUG] wire:73 -  >> "User-Agent: Apache-HttpClient/4.5.5 (Java/1.8.0_202)[\r][\n]"
2019-06-10 00:03:59,650 [DEBUG] wire:73 -  >> "[\r][\n]"
2019-06-10 00:03:59,650 [DEBUG] headers:278 - >> HEAD /releases/2019-03/201903201000/content.xml.xz HTTP/1.1
2019-06-10 00:03:59,651 [DEBUG] headers:281 - >> Cache-Control: max-age=0
2019-06-10 00:03:59,651 [DEBUG] headers:281 - >> Host: download.eclipse.org
2019-06-10 00:03:59,651 [DEBUG] headers:281 - >> Connection: Keep-Alive
2019-06-10 00:03:59,651 [DEBUG] headers:281 - >> User-Agent: Apache-HttpClient/4.5.5 (Java/1.8.0_202)
2019-06-10 00:03:59,836 [DEBUG] wire:73 -  << "HTTP/1.1 200 OK[\r][\n]"
2019-06-10 00:03:59,836 [DEBUG] wire:73 -  << "Server: nginx[\r][\n]"
2019-06-10 00:03:59,837 [DEBUG] wire:73 -  << "Date: Sun, 09 Jun 2019 15:03:50 GMT[\r][\n]"
2019-06-10 00:03:59,837 [DEBUG] wire:73 -  << "Content-Type: text/xml[\r][\n]"
2019-06-10 00:03:59,837 [DEBUG] wire:73 -  << "Content-Length: 1016284[\r][\n]"
2019-06-10 00:03:59,837 [DEBUG] wire:73 -  << "Connection: keep-alive[\r][\n]"
2019-06-10 00:03:59,837 [DEBUG] wire:73 -  << "Vary: Accept-Encoding[\r][\n]"
2019-06-10 00:03:59,838 [DEBUG] wire:73 -  << "Last-Modified: Thu, 21 Mar 2019 10:13:51 GMT[\r][\n]"
2019-06-10 00:03:59,839 [DEBUG] wire:73 -  << "ETag: "f81dc-58497feaec139"[\r][\n]"
2019-06-10 00:03:59,839 [DEBUG] wire:73 -  << "X-NodeID: download1[\r][\n]"
2019-06-10 00:03:59,839 [DEBUG] wire:73 -  << "Strict-Transport-Security: max-age=15552000; includeSubDomains; preload[\r][\n]"
2019-06-10 00:03:59,840 [DEBUG] wire:73 -  << "X-Frame-Options: SAMEORIGIN[\r][\n]"
2019-06-10 00:03:59,840 [DEBUG] wire:73 -  << "X-Content-Type-Options: nosniff[\r][\n]"
2019-06-10 00:03:59,840 [DEBUG] wire:73 -  << "X-XSS-Protection: 1; mode=block[\r][\n]"
2019-06-10 00:03:59,840 [DEBUG] wire:73 -  << "X-Proxy-Cache: HIT[\r][\n]"
2019-06-10 00:03:59,840 [DEBUG] wire:73 -  << "Accept-Ranges: bytes[\r][\n]"
2019-06-10 00:03:59,840 [DEBUG] wire:73 -  << "[\r][\n]"
2019-06-10 00:03:59,841 [DEBUG] DefaultClientConnection:259 - Receiving response: HTTP/1.1 200 OK
2019-06-10 00:03:59,841 [DEBUG] headers:262 - << HTTP/1.1 200 OK
2019-06-10 00:03:59,841 [DEBUG] headers:265 - << Server: nginx
2019-06-10 00:03:59,841 [DEBUG] headers:265 - << Date: Sun, 09 Jun 2019 15:03:50 GMT
2019-06-10 00:03:59,841 [DEBUG] headers:265 - << Content-Type: text/xml
2019-06-10 00:03:59,841 [DEBUG] headers:265 - << Content-Length: 1016284
2019-06-10 00:03:59,842 [DEBUG] headers:265 - << Connection: keep-alive
2019-06-10 00:03:59,842 [DEBUG] headers:265 - << Vary: Accept-Encoding
2019-06-10 00:03:59,842 [DEBUG] headers:265 - << Last-Modified: Thu, 21 Mar 2019 10:13:51 GMT
2019-06-10 00:03:59,842 [DEBUG] headers:265 - << ETag: "f81dc-58497feaec139"
2019-06-10 00:03:59,842 [DEBUG] headers:265 - << X-NodeID: download1
2019-06-10 00:03:59,842 [DEBUG] headers:265 - << Strict-Transport-Security: max-age=15552000; includeSubDomains; preload
2019-06-10 00:03:59,842 [DEBUG] headers:265 - << X-Frame-Options: SAMEORIGIN
2019-06-10 00:03:59,842 [DEBUG] headers:265 - << X-Content-Type-Options: nosniff
2019-06-10 00:03:59,842 [DEBUG] headers:265 - << X-XSS-Protection: 1; mode=block
2019-06-10 00:03:59,843 [DEBUG] headers:265 - << X-Proxy-Cache: HIT
2019-06-10 00:03:59,843 [DEBUG] headers:265 - << Accept-Ranges: bytes
2019-06-10 00:03:59,843 [DEBUG] SNIAwareHttpClient:509 - Connection can be kept alive indefinitely
2019-06-10 00:03:59,843 [DEBUG] BasicClientConnectionManager:200 - Releasing connection org.apache.http.impl.conn.ManagedClientConnectionImpl@1e43f492
2019-06-10 00:03:59,843 [DEBUG] BasicClientConnectionManager:225 - Connection can be kept alive indefinitely
2019-06-10 00:04:00,256 [DEBUG] DefaultClientConnection:164 - Connection 0.0.0.0:49262<->198.41.30.199:443 shut down
2019-06-10 00:04:00,279 [DEBUG] DefaultClientConnection:180 - Connection 0.0.0.0:49263<->198.41.30.199:443 closed
2019-06-10 00:04:00,281 [DEBUG] DefaultClientConnection:164 - Connection 0.0.0.0:49264<->198.41.30.199:443 shut down
2019-06-10 00:04:00,282 [DEBUG] DefaultClientConnection:180 - Connection 0.0.0.0:49265<->198.41.30.199:443 closed
2019-06-10 00:04:00,335 [DEBUG] DefaultClientConnection:180 - Connection 0.0.0.0:49259<->115.127.250.10:80 closed
2019-06-10 00:04:00,342 [DEBUG] DefaultClientConnection:164 - Connection 0.0.0.0:49260<->198.41.30.199:443 shut down
2019-06-10 00:04:00,344 [DEBUG] DefaultClientConnection:180 - Connection 0.0.0.0:49261<->198.41.30.199:443 closed
