2019-05-10 22:38:47,872 DEBUG [Main.lambda$run$0] Arguments: [-ioc, C:\Users\watashi\A2212 930KV\A2212 930KV.ioc, -xdm, C:\Users\watashi\A2212 930KV\A2212 930KV.wb_def]
2019-05-10 22:38:47,879 DEBUG [ArgsValue.readPropertiesFile] [AppConfig] pack.source = "C:\Program Files (x86)\STMicroelectronics\MC_SDK_5.3.3\Middlewares\ST\MotorControl" 
2019-05-10 22:38:47,879 DEBUG [ArgsValue.readPropertiesFile] [UserConfig] do not exist in "C:\Users\watashi\.st_motor_control\wb2mx.properties" 
2019-05-10 22:38:47,879 DEBUG [ArgsValue.getConfigProperties] pack.source = "../../../../Middlewares/ST/MotorControl"
2019-05-10 22:38:47,890 DEBUG [ArgsValue.lambda$retrieve$2] CLI_ARG[xdm]: C:\Users\watashi\A2212 930KV\A2212 930KV.wb_def
2019-05-10 22:38:47,890 DEBUG [ArgsValue.lambda$retrieve$2] CLI_ARG[ioc]: C:\Users\watashi\A2212 930KV\A2212 930KV.ioc
2019-05-10 22:38:47,892 DEBUG [ArgsValue.retrieve] {xdm=C:\Users\watashi\A2212 930KV\A2212 930KV.wb_def, updftl=templates/wb_ioc_mc-middleware.ftl, mx_timeout=-1, exp=templates/wb-defines_where_and_what.txt, ioc=C:\Users\watashi\A2212 930KV\A2212 930KV.ioc, pack=../../../../Middlewares/ST/MotorControl, ftl=templates/wb_ioc_template.ftl}
2019-05-10 22:38:47,951 DEBUG [Main.run] Targeted MCU family = F3
2019-05-10 22:38:47,985 DEBUG [Main.run] Minimum associated CubeMx to the `F3` targeted MCU family is `4.25.0-a0`
2019-05-10 22:38:48,005 DEBUG [WindowsCubeMxFinder.lambda$findThem$2] Found 64-bit subkey HKEY_LOCAL_MACHINE\~~~\Uninstall\STM32CubeMX
2019-05-10 22:38:48,014 DEBUG [CubeMxCtx.EXE_version] Loaded path: 'C:\Program Files\STMicroelectronics\STM32Cube\STM32CubeMX\STM32CubeMX.exe'
2019-05-10 22:38:48,014 DEBUG [CubeMxCtx.EXE_version] Loaded updater jar: 'C:\Program Files\STMicroelectronics\STM32Cube\STM32CubeMX\plugins\updater.jar'
2019-05-10 22:38:48,031 DEBUG [CubeMxCtx.EXE_version] Loaded path: 'C:\Program Files\STMicroelectronics\STM32Cube\STM32CubeMX\STM32CubeMX.exe'
2019-05-10 22:38:48,031 DEBUG [CubeMxCtx.EXE_version] Loaded updater jar: 'C:\Program Files\STMicroelectronics\STM32Cube\STM32CubeMX\plugins\updater.jar'
2019-05-10 22:38:48,048 DEBUG [CubeMxCtx.EXE_version] Loaded path: 'C:\Program Files\STMicroelectronics\STM32Cube\STM32CubeMX\STM32CubeMX.exe'
2019-05-10 22:38:48,048 DEBUG [CubeMxCtx.EXE_version] Loaded updater jar: 'C:\Program Files\STMicroelectronics\STM32Cube\STM32CubeMX\plugins\updater.jar'
2019-05-10 22:38:50,506 DEBUG [CubeMxCtx.EXE_version] Loaded path: 'C:\Program Files\STMicroelectronics\STM32Cube\STM32CubeMX\STM32CubeMX.exe'
2019-05-10 22:38:50,506 DEBUG [CubeMxCtx.EXE_version] Loaded updater jar: 'C:\Program Files\STMicroelectronics\STM32Cube\STM32CubeMX\plugins\updater.jar'
2019-05-10 22:38:50,557 DEBUG [EnvironmentChecker.checkPack] STM32CubeMX.Version: 5.2.0-RC8
2019-05-10 22:38:50,570 DEBUG [MxUpdaterFactory.lambda$create$2] failed first attempt to instantiate MxUpdater (v_27)
2019-05-10 22:38:50,650 DEBUG [MxUpdaterFactory.lambda$create$3] Updater instantiated
2019-05-10 22:38:50,653 DEBUG [MxUpdater.lambda$whait_while_busy$12] MxUpdater still busy - await for 50 milliseconds before to retry
2019-05-10 22:38:50,704 DEBUG [MxUpdater.lambda$whait_while_busy$12] MxUpdater no more busy
2019-05-10 22:38:50,704 DEBUG [MxUpdaterFactory.lambda$create$4] Updater initialization complete
2019-05-10 22:38:50,705 DEBUG [MxUpdaterValidator.lambda$getVerifiedRepositoryFolder$e68017fb$1] Repository Folder Exist: C:\Users\watashi\STM32Cube\Repository
2019-05-10 22:38:50,707 DEBUG [RetrieveFirmwareVersion.from_PackConfig_xfile] Looking for version from MotorControl_Configs.xml: C:\Program Files (x86)\STMicroelectronics\MC_SDK_5.3.3\Middlewares\ST\MotorControl\MotorControl_Configs.xml
2019-05-10 22:38:50,719 DEBUG [RetrieveFirmwareVersion.minimum_supporte_version] minimum_supporte_version MotorControlFirmware.Version: 5.3.0
2019-05-10 22:38:50,720 DEBUG [PackInfoFactory.deploy_MCPack_to_MxRepo] Deployment strategy class: VersionedFolderStyle_MCPackDeployer
2019-05-10 22:38:50,721 DEBUG [PackInfoFactory.deploy_MCPack_to_MxRepo] Expected MC Pack 5.3.3 already deployed
2019-05-10 22:38:50,737 DEBUG [DataSetUpdater.update] Updating data set
2019-05-10 22:38:50,737 DEBUG [DataSetUpdater.update] Update done
2019-05-10 22:38:50,737 INFO  [IocGenerator.logModulesVersionInfo] Version info: 
2019-05-10 22:38:50,742 INFO  [IocGenerator.logModulesVersionInfo]   MC Workbench       : 5.3.2.18569
2019-05-10 22:38:50,744 INFO  [IocGenerator.logModulesVersionInfo]   WB_to_Mx           : 0.15.6.template-19-01-16
2019-05-10 22:38:50,745 INFO  [IocGenerator.logModulesVersionInfo]   STM32CubeMX        : 5.2.0
2019-05-10 22:38:50,746 INFO  [IocGenerator.logModulesVersionInfo]   MC Firmware Library: 5.3.3
2019-05-10 22:38:50,747 INFO  [IocGenerator.logModulesVersionInfo] Generation options: 
2019-05-10 22:38:50,747 INFO  [IocGenerator.logModulesVersionInfo]   Target Toolchain   : ST TrueSTUDIO
2019-05-10 22:38:50,749 INFO  [IocGenerator.logModulesVersionInfo]   Target Driver      : HAL - Hardware Abstraction Layer
2019-05-10 22:38:50,749 INFO  [IocGenerator.logModulesVersionInfo]   Target STM32 FW    : 1.10.0

2019-05-10 22:38:50,750 DEBUG [IocGenerator.process] Generating ioc file: C:\Users\watashi\A2212 930KV\A2212 930KV.ioc
2019-05-10 22:38:50,751 DEBUG [IocGenerator.createOutput] Generating file from template templates\wb_ioc_template.ftl
2019-05-10 22:38:51,549 DEBUG [IocGenerator.process] Generated ioc file C:\Users\watashi\A2212 930KV\A2212 930KV.ioc
2019-05-10 22:38:51,556 INFO  [LineInfo_to_exitCode.log_LineInfo] Generated ioc: C:\Users\watashi\A2212 930KV\A2212 930KV.ioc
2019-05-10 22:38:51,567 INFO  [Wb2MxProcess.lambda$create_extSettings_file_in$82c805cd$1] Generated C:\Users\watashi\A2212 930KV\.extSettings
2019-05-10 22:38:51,641 DEBUG [CubeMxRunner.create_code_generation_script_for] Generated CubeMx script file: C:\Users\watashi\AppData\Local\Temp\WB_to_Mx-akv-8940091927559233765.script
2019-05-10 22:38:51,646 DEBUG [SignalCatcher.listenTo] Listen to signal INT
2019-05-10 22:38:51,646 DEBUG [SignalCatcher.listenTo] Listen to signal TERM
2019-05-10 22:38:51,646 INFO  [CubeMxRunner.run$] Code generation started
2019-05-10 22:38:51,764 DEBUG [LineInfo_to_exitCode.log_LineInfo] 2019-05-10 22:38:51,762 [INFO] MicroXplorer:521 - Detected Java Version = 1.8.0_191
2019-05-10 22:38:51,766 DEBUG [LineInfo_to_exitCode.log_LineInfo] 2019-05-10 22:38:51,766 [INFO] ApplicationProperties:181 - Using Application install path: C:\Program Files\STMicroelectronics\STM32Cube\STM32CubeMX
2019-05-10 22:38:51,779 DEBUG [LineInfo_to_exitCode.log_LineInfo] 2019-05-10 22:38:51,778 [INFO] DbMcusXml:68 - Set database path to: C:\Program Files\STMicroelectronics\STM32Cube\STM32CubeMX\\db\/mcu/
2019-05-10 22:38:51,781 DEBUG [LineInfo_to_exitCode.log_LineInfo] 2019-05-10 22:38:51,781 [INFO] DbBoardsPdsc:54 - Set plugin database path to: C:\Program Files\STMicroelectronics\STM32Cube\STM32CubeMX\\db\/plugins/boardmanager/
2019-05-10 22:38:51,781 DEBUG [LineInfo_to_exitCode.log_LineInfo] 2019-05-10 22:38:51,781 [INFO] DbMcus:262 - Set plugin images path to: C:\Program Files\STMicroelectronics\STM32Cube\STM32CubeMX\\db\/plugins/mcufinder/images/
2019-05-10 22:38:51,781 DEBUG [LineInfo_to_exitCode.log_LineInfo] 2019-05-10 22:38:51,781 [INFO] DbBoards:225 - Set plugin images path to: C:\Program Files\STMicroelectronics\STM32Cube\STM32CubeMX\\db\/plugins/mcufinder/images/
2019-05-10 22:38:51,782 DEBUG [LineInfo_to_exitCode.log_LineInfo] 2019-05-10 22:38:51,782 [INFO] APIGFXSelector:72 - Set database path to: C:\Program Files\STMicroelectronics\STM32Cube\STM32CubeMX\\db\/plugins/mcufinder/mcu/
2019-05-10 22:38:51,785 DEBUG [LineInfo_to_exitCode.log_LineInfo] 2019-05-10 22:38:51,785 [INFO] DbMcusAds:72 - Set database path to: C:\Users\watashi\.stmcufinder\plugins\mcufinder//mcu/
2019-05-10 22:38:51,786 DEBUG [LineInfo_to_exitCode.log_LineInfo] 2019-05-10 22:38:51,786 [INFO] DbMcusDocs:90 - Set database path to: C:\Users\watashi\.stmcufinder\plugins\mcufinder//mcu/
2019-05-10 22:38:51,787 DEBUG [LineInfo_to_exitCode.log_LineInfo] 2019-05-10 22:38:51,787 [INFO] DbMcusJson:59 - Set database path to: C:\Users\watashi\.stmcufinder\plugins\mcufinder//mcu/
2019-05-10 22:38:51,787 DEBUG [LineInfo_to_exitCode.log_LineInfo] 2019-05-10 22:38:51,787 [INFO] DbBoardsDocs:82 - Set database path to: C:\Users\watashi\.stmcufinder\plugins\mcufinder//mcu/
2019-05-10 22:38:51,788 DEBUG [LineInfo_to_exitCode.log_LineInfo] 2019-05-10 22:38:51,788 [INFO] DbBoardsJson:51 - Set database path to: C:\Users\watashi\.stmcufinder\plugins\mcufinder//mcu/
2019-05-10 22:38:51,883 DEBUG [LineInfo_to_exitCode.log_LineInfo] 2019-05-10 22:38:51,883 [INFO] CrossReferenceDbSqlite:197 - Set database path to: C:\Users\watashi\.stmcufinder\plugins\mcufinder//mcu/cs/
2019-05-10 22:38:52,016 DEBUG [LineInfo_to_exitCode.log_LineInfo] 2019-05-10 22:38:52,015 [INFO] RulesReader:52 - Compatibility file has been processed (156 Rules)
2019-05-10 22:38:52,029 DEBUG [LineInfo_to_exitCode.log_LineInfo] 2019-05-10 22:38:52,029 [INFO] STM32CubeMX:31 - Starting STM32CubeMX
2019-05-10 22:38:52,289 DEBUG [LineInfo_to_exitCode.log_LineInfo] 2019-05-10 22:38:52,288 [INFO] MainPanel:211 - HeapMemory: 257425408
2019-05-10 22:38:52,359 DEBUG [LineInfo_to_exitCode.log_LineInfo] 2019-05-10 22:38:52,359 [INFO] DbMcusXml:68 - Set database path to: C:\Program Files\STMicroelectronics\STM32Cube\STM32CubeMX\\db\/mcu/
2019-05-10 22:38:52,359 DEBUG [LineInfo_to_exitCode.log_LineInfo] 2019-05-10 22:38:52,359 [INFO] DbBoardsPdsc:54 - Set plugin database path to: C:\Program Files\STMicroelectronics\STM32Cube\STM32CubeMX\\db\/plugins/boardmanager/
2019-05-10 22:38:52,359 DEBUG [LineInfo_to_exitCode.log_LineInfo] 2019-05-10 22:38:52,359 [INFO] DbMcus:262 - Set plugin images path to: C:\Program Files\STMicroelectronics\STM32Cube\STM32CubeMX\\db\/plugins/mcufinder/images/
2019-05-10 22:38:52,360 DEBUG [LineInfo_to_exitCode.log_LineInfo] 2019-05-10 22:38:52,359 [INFO] DbBoards:225 - Set plugin images path to: C:\Program Files\STMicroelectronics\STM32Cube\STM32CubeMX\\db\/plugins/mcufinder/images/
2019-05-10 22:38:52,360 DEBUG [LineInfo_to_exitCode.log_LineInfo] 2019-05-10 22:38:52,359 [INFO] APIGFXSelector:72 - Set database path to: C:\Program Files\STMicroelectronics\STM32Cube\STM32CubeMX\\db\/plugins/mcufinder/mcu/
2019-05-10 22:38:52,360 DEBUG [LineInfo_to_exitCode.log_LineInfo] 2019-05-10 22:38:52,360 [INFO] DbMcusAds:72 - Set database path to: C:\Users\watashi\.stmcufinder\plugins\mcufinder//mcu/
2019-05-10 22:38:52,360 DEBUG [LineInfo_to_exitCode.log_LineInfo] 2019-05-10 22:38:52,360 [INFO] DbMcusDocs:90 - Set database path to: C:\Users\watashi\.stmcufinder\plugins\mcufinder//mcu/
2019-05-10 22:38:52,361 DEBUG [LineInfo_to_exitCode.log_LineInfo] 2019-05-10 22:38:52,361 [INFO] DbMcusJson:59 - Set database path to: C:\Users\watashi\.stmcufinder\plugins\mcufinder//mcu/
2019-05-10 22:38:52,361 DEBUG [LineInfo_to_exitCode.log_LineInfo] 2019-05-10 22:38:52,361 [INFO] DbBoardsDocs:82 - Set database path to: C:\Users\watashi\.stmcufinder\plugins\mcufinder//mcu/
2019-05-10 22:38:52,361 DEBUG [LineInfo_to_exitCode.log_LineInfo] 2019-05-10 22:38:52,361 [INFO] DbBoardsJson:51 - Set database path to: C:\Users\watashi\.stmcufinder\plugins\mcufinder//mcu/
2019-05-10 22:38:52,361 DEBUG [LineInfo_to_exitCode.log_LineInfo] 2019-05-10 22:38:52,361 [INFO] CrossReferenceDbSqlite:197 - Set database path to: C:\Users\watashi\.stmcufinder\plugins\mcufinder//mcu/cs/
2019-05-10 22:38:52,373 DEBUG [LineInfo_to_exitCode.log_LineInfo] 2019-05-10 22:38:52,373 [INFO] ApplicationProperties:181 - Using Application install path: C:\Program Files\STMicroelectronics\STM32Cube\STM32CubeMX
2019-05-10 22:38:52,374 DEBUG [LineInfo_to_exitCode.log_LineInfo] 2019-05-10 22:38:52,374 [INFO] PluginManage:178 - Search for loadable plugins [exclusion list=]
2019-05-10 22:38:52,375 DEBUG [LineInfo_to_exitCode.log_LineInfo] 2019-05-10 22:38:52,375 [INFO] PluginManage:292 - Check plugin analytics
2019-05-10 22:38:52,486 DEBUG [LineInfo_to_exitCode.log_LineInfo] 2019-05-10 22:38:52,485 [INFO] AnalyticsPlugin:166 - Accepted Software Licenses: 
2019-05-10 22:38:52,486 DEBUG [LineInfo_to_exitCode.log_LineInfo] 2019-05-10 22:38:52,486 [INFO] AnalyticsPlugin:168 - Accepted CMSIS Pack Licenses: 
2019-05-10 22:38:52,486 DEBUG [LineInfo_to_exitCode.log_LineInfo] 2019-05-10 22:38:52,486 [INFO] AnalyticsPlugin:170 - Accepted Firmware Licenses: 
2019-05-10 22:38:52,487 DEBUG [LineInfo_to_exitCode.log_LineInfo] 2019-05-10 22:38:52,487 [INFO] PluginManage:342 - Loaded plugin analytics (category:tool,tabindex:-1)
2019-05-10 22:38:52,487 DEBUG [LineInfo_to_exitCode.log_LineInfo] 2019-05-10 22:38:52,487 [INFO] PluginManage:292 - Check plugin clock
2019-05-10 22:38:52,492 DEBUG [LineInfo_to_exitCode.log_LineInfo] 2019-05-10 22:38:52,492 [INFO] PluginManage:342 - Loaded plugin clock (category:base,tabindex:2)
2019-05-10 22:38:52,493 DEBUG [LineInfo_to_exitCode.log_LineInfo] 2019-05-10 22:38:52,493 [INFO] PluginManage:292 - Check plugin ddr
2019-05-10 22:38:52,496 DEBUG [LineInfo_to_exitCode.log_LineInfo] 2019-05-10 22:38:52,496 [INFO] PluginManage:342 - Loaded plugin ddr (category:tool,tabindex:6)
2019-05-10 22:38:52,496 DEBUG [LineInfo_to_exitCode.log_LineInfo] 2019-05-10 22:38:52,496 [INFO] PluginManage:292 - Check plugin filemanager
2019-05-10 22:38:52,572 DEBUG [LineInfo_to_exitCode.log_LineInfo] 2019-05-10 22:38:52,572 [INFO] PluginManage:342 - Loaded plugin filemanager (category:base,tabindex:10)
2019-05-10 22:38:52,573 DEBUG [LineInfo_to_exitCode.log_LineInfo] 2019-05-10 22:38:52,572 [INFO] PluginManage:292 - Check plugin ipmanager
2019-05-10 22:38:52,581 DEBUG [LineInfo_to_exitCode.log_LineInfo] 2019-05-10 22:38:52,580 [INFO] PluginManage:342 - Loaded plugin ipmanager (category:base,tabindex:5)
2019-05-10 22:38:52,581 DEBUG [LineInfo_to_exitCode.log_LineInfo] 2019-05-10 22:38:52,581 [INFO] PluginManage:292 - Check plugin pinoutandconfiguration
2019-05-10 22:38:52,585 DEBUG [LineInfo_to_exitCode.log_LineInfo] 2019-05-10 22:38:52,584 [INFO] PluginManage:342 - Loaded plugin pinoutandconfiguration (category:base,tabindex:1)
2019-05-10 22:38:52,585 DEBUG [LineInfo_to_exitCode.log_LineInfo] 2019-05-10 22:38:52,585 [INFO] PluginManage:292 - Check plugin pinoutconfig
2019-05-10 22:38:52,598 DEBUG [LineInfo_to_exitCode.log_LineInfo] 2019-05-10 22:38:52,598 [INFO] PluginManage:342 - Loaded plugin pinoutconfig (category:base,tabindex:0)
2019-05-10 22:38:52,598 DEBUG [LineInfo_to_exitCode.log_LineInfo] 2019-05-10 22:38:52,598 [INFO] PluginManage:292 - Check plugin power
2019-05-10 22:38:52,603 DEBUG [LineInfo_to_exitCode.log_LineInfo] 2019-05-10 22:38:52,603 [INFO] PluginManage:342 - Loaded plugin power (category:power,tabindex:4)
2019-05-10 22:38:52,603 DEBUG [LineInfo_to_exitCode.log_LineInfo] 2019-05-10 22:38:52,603 [INFO] PluginManage:292 - Check plugin projectmanager
2019-05-10 22:38:52,630 DEBUG [LineInfo_to_exitCode.log_LineInfo] 2019-05-10 22:38:52,629 [INFO] PluginManage:342 - Loaded plugin projectmanager (category:projectmanager,tabindex:3)
2019-05-10 22:38:52,630 DEBUG [LineInfo_to_exitCode.log_LineInfo] 2019-05-10 22:38:52,629 [INFO] PluginManage:292 - Check plugin thirdparty
2019-05-10 22:38:52,657 DEBUG [LineInfo_to_exitCode.log_LineInfo] 2019-05-10 22:38:52,657 [INFO] ThirdPartyDb:293 - Open Third Party DataBase File (C:/Users/watashi/.stm32cubemx/plugins/thirdparty/db/thirdparties_db.xml) : 12 ms. number of Sw pack : 4
2019-05-10 22:38:52,661 DEBUG [LineInfo_to_exitCode.log_LineInfo] 2019-05-10 22:38:52,661 [INFO] PluginManage:342 - Loaded plugin thirdparty (category:base,tabindex:-1)
2019-05-10 22:38:52,661 DEBUG [LineInfo_to_exitCode.log_LineInfo] 2019-05-10 22:38:52,661 [INFO] PluginManage:292 - Check plugin tools
2019-05-10 22:38:52,663 DEBUG [LineInfo_to_exitCode.log_LineInfo] 2019-05-10 22:38:52,662 [INFO] PluginManage:342 - Loaded plugin tools (category:base,tabindex:7)
2019-05-10 22:38:52,663 DEBUG [LineInfo_to_exitCode.log_LineInfo] 2019-05-10 22:38:52,663 [INFO] PluginManage:292 - Check plugin updater
2019-05-10 22:38:52,669 DEBUG [LineInfo_to_exitCode.log_LineInfo] 2019-05-10 22:38:52,669 [INFO] PluginManage:342 - Loaded plugin updater (category:base,tabindex:12)
2019-05-10 22:38:52,669 DEBUG [LineInfo_to_exitCode.log_LineInfo] 2019-05-10 22:38:52,669 [INFO] PluginManage:265 - PluginManage : Loaded plugins [12]
2019-05-10 22:38:52,769 DEBUG [LineInfo_to_exitCode.log_LineInfo] 2019-05-10 22:38:52,769 [INFO] PinOutPanel:1361 - setPackage(No Configuration,No Configuration)
2019-05-10 22:38:52,818 DEBUG [LineInfo_to_exitCode.log_LineInfo] 2019-05-10 22:38:52,818 [INFO] PluginManager:200 - loadIPPluginJar : add adc
2019-05-10 22:38:52,819 DEBUG [LineInfo_to_exitCode.log_LineInfo] 2019-05-10 22:38:52,819 [INFO] PluginManager:200 - loadIPPluginJar : add aes
2019-05-10 22:38:52,821 DEBUG [LineInfo_to_exitCode.log_LineInfo] 2019-05-10 22:38:52,820 [INFO] PluginManager:200 - loadIPPluginJar : add can
2019-05-10 22:38:52,821 DEBUG [LineInfo_to_exitCode.log_LineInfo] 2019-05-10 22:38:52,821 [INFO] PluginManager:200 - loadIPPluginJar : add comp
2019-05-10 22:38:52,823 DEBUG [LineInfo_to_exitCode.log_LineInfo] 2019-05-10 22:38:52,822 [INFO] PluginManager:200 - loadIPPluginJar : add cryp
2019-05-10 22:38:52,824 DEBUG [LineInfo_to_exitCode.log_LineInfo] 2019-05-10 22:38:52,824 [INFO] PluginManager:200 - loadIPPluginJar : add dfsdm
2019-05-10 22:38:52,827 DEBUG [LineInfo_to_exitCode.log_LineInfo] 2019-05-10 22:38:52,827 [INFO] PluginManager:200 - loadIPPluginJar : add dma
2019-05-10 22:38:52,828 DEBUG [LineInfo_to_exitCode.log_LineInfo] 2019-05-10 22:38:52,828 [INFO] PluginManager:200 - loadIPPluginJar : add fatfs
2019-05-10 22:38:52,830 DEBUG [LineInfo_to_exitCode.log_LineInfo] 2019-05-10 22:38:52,830 [INFO] PluginManager:200 - loadIPPluginJar : add fmc
2019-05-10 22:38:52,833 DEBUG [LineInfo_to_exitCode.log_LineInfo] 2019-05-10 22:38:52,833 [INFO] PluginManager:200 - loadIPPluginJar : add freertos
2019-05-10 22:38:52,834 DEBUG [LineInfo_to_exitCode.log_LineInfo] 2019-05-10 22:38:52,834 [INFO] PluginManager:200 - loadIPPluginJar : add genericplugin
2019-05-10 22:38:52,835 DEBUG [LineInfo_to_exitCode.log_LineInfo] 2019-05-10 22:38:52,835 [INFO] PluginManager:200 - loadIPPluginJar : add gfxmmu
2019-05-10 22:38:52,836 DEBUG [LineInfo_to_exitCode.log_LineInfo] 2019-05-10 22:38:52,836 [INFO] PluginManager:200 - loadIPPluginJar : add gfxsimulator
2019-05-10 22:38:52,839 DEBUG [LineInfo_to_exitCode.log_LineInfo] 2019-05-10 22:38:52,839 [INFO] PluginManager:200 - loadIPPluginJar : add gic
2019-05-10 22:38:52,840 DEBUG [LineInfo_to_exitCode.log_LineInfo] 2019-05-10 22:38:52,840 [INFO] PluginManager:200 - loadIPPluginJar : add gpio
2019-05-10 22:38:52,842 DEBUG [LineInfo_to_exitCode.log_LineInfo] 2019-05-10 22:38:52,841 [INFO] PluginManager:200 - loadIPPluginJar : add hash
2019-05-10 22:38:52,843 DEBUG [LineInfo_to_exitCode.log_LineInfo] 2019-05-10 22:38:52,843 [INFO] PluginManager:200 - loadIPPluginJar : add i2c
2019-05-10 22:38:52,844 DEBUG [LineInfo_to_exitCode.log_LineInfo] 2019-05-10 22:38:52,844 [INFO] PluginManager:200 - loadIPPluginJar : add i2s
2019-05-10 22:38:52,847 DEBUG [LineInfo_to_exitCode.log_LineInfo] 2019-05-10 22:38:52,847 [INFO] PluginManager:200 - loadIPPluginJar : add ipddr
2019-05-10 22:38:52,848 DEBUG [LineInfo_to_exitCode.log_LineInfo] 2019-05-10 22:38:52,848 [INFO] PluginManager:200 - loadIPPluginJar : add ltdc
2019-05-10 22:38:52,850 DEBUG [LineInfo_to_exitCode.log_LineInfo] 2019-05-10 22:38:52,850 [INFO] PluginManager:200 - loadIPPluginJar : add mdma
2019-05-10 22:38:52,853 DEBUG [LineInfo_to_exitCode.log_LineInfo] 2019-05-10 22:38:52,853 [INFO] PluginManager:200 - loadIPPluginJar : add nvic
2019-05-10 22:38:52,855 DEBUG [LineInfo_to_exitCode.log_LineInfo] 2019-05-10 22:38:52,855 [INFO] PluginManager:200 - loadIPPluginJar : add opamp
2019-05-10 22:38:52,857 DEBUG [LineInfo_to_exitCode.log_LineInfo] 2019-05-10 22:38:52,857 [INFO] PluginManager:200 - loadIPPluginJar : add pdm2pcm
2019-05-10 22:38:52,861 DEBUG [LineInfo_to_exitCode.log_LineInfo] 2019-05-10 22:38:52,861 [INFO] PluginManager:200 - loadIPPluginJar : add plateformsettings
2019-05-10 22:38:52,862 DEBUG [LineInfo_to_exitCode.log_LineInfo] 2019-05-10 22:38:52,862 [INFO] PluginManager:200 - loadIPPluginJar : add quadspi
2019-05-10 22:38:52,864 DEBUG [LineInfo_to_exitCode.log_LineInfo] 2019-05-10 22:38:52,863 [INFO] PluginManager:200 - loadIPPluginJar : add resmgrutility
2019-05-10 22:38:52,867 DEBUG [LineInfo_to_exitCode.log_LineInfo] 2019-05-10 22:38:52,867 [INFO] PluginManager:200 - loadIPPluginJar : add sai
2019-05-10 22:38:52,868 DEBUG [LineInfo_to_exitCode.log_LineInfo] 2019-05-10 22:38:52,868 [INFO] PluginManager:200 - loadIPPluginJar : add spi
2019-05-10 22:38:52,870 DEBUG [LineInfo_to_exitCode.log_LineInfo] 2019-05-10 22:38:52,870 [INFO] PluginManager:200 - loadIPPluginJar : add stm32_wpan
2019-05-10 22:38:52,871 DEBUG [LineInfo_to_exitCode.log_LineInfo] 2019-05-10 22:38:52,871 [INFO] PluginManager:200 - loadIPPluginJar : add tim
2019-05-10 22:38:52,872 DEBUG [LineInfo_to_exitCode.log_LineInfo] 2019-05-10 22:38:52,872 [INFO] PluginManager:200 - loadIPPluginJar : add touchsensing
2019-05-10 22:38:52,873 DEBUG [LineInfo_to_exitCode.log_LineInfo] 2019-05-10 22:38:52,873 [INFO] PluginManager:200 - loadIPPluginJar : add tracer_emb
2019-05-10 22:38:52,874 DEBUG [LineInfo_to_exitCode.log_LineInfo] 2019-05-10 22:38:52,874 [INFO] PluginManager:200 - loadIPPluginJar : add ts
2019-05-10 22:38:52,875 DEBUG [LineInfo_to_exitCode.log_LineInfo] 2019-05-10 22:38:52,875 [INFO] PluginManager:200 - loadIPPluginJar : add tsc
2019-05-10 22:38:52,876 DEBUG [LineInfo_to_exitCode.log_LineInfo] 2019-05-10 22:38:52,876 [INFO] PluginManager:200 - loadIPPluginJar : add ucpd
2019-05-10 22:38:52,877 DEBUG [LineInfo_to_exitCode.log_LineInfo] 2019-05-10 22:38:52,877 [INFO] PluginManager:200 - loadIPPluginJar : add usart
2019-05-10 22:38:53,216 DEBUG [LineInfo_to_exitCode.log_LineInfo] 2019-05-10 22:38:53,216 [INFO] Updater:860 - Updater Version found : 5.2.0
2019-05-10 22:38:53,222 DEBUG [LineInfo_to_exitCode.log_LineInfo] 2019-05-10 22:38:53,222 [INFO] ApplicationProperties:181 - Using Application install path: C:\Program Files\STMicroelectronics\STM32Cube\STM32CubeMX
2019-05-10 22:38:53,270 DEBUG [LineInfo_to_exitCode.log_LineInfo] 2019-05-10 22:38:53,270 [INFO] MainUpdater:2032 - connection check result : 10
2019-05-10 22:38:53,272 DEBUG [LineInfo_to_exitCode.log_LineInfo] 2019-05-10 22:38:53,271 [INFO] MainUpdater:223 - Updater Check For Update Now.
2019-05-10 22:38:53,272 DEBUG [LineInfo_to_exitCode.log_LineInfo] 2019-05-10 22:38:53,272 [INFO] MicroXplorer:401 - Change Database Version : DB.5.0.20
2019-05-10 22:38:53,294 DEBUG [LineInfo_to_exitCode.log_LineInfo] 2019-05-10 22:38:53,294 [INFO] CheckServerUpdateThread:121 - End of CheckServer Thread
2019-05-10 22:38:53,486 DEBUG [LineInfo_to_exitCode.log_LineInfo] 2019-05-10 22:38:53,486 [INFO] DbMcusAds:130 - JSON generation date=Thu Feb 21 01:46:15 JST 2019 (1550681175)
2019-05-10 22:38:53,491 DEBUG [LineInfo_to_exitCode.log_LineInfo] 2019-05-10 22:38:53,491 [INFO] LoadUrlFilesThread:147 - End of LoadServerUrlFiles without Thread
2019-05-10 22:38:53,499 DEBUG [LineInfo_to_exitCode.log_LineInfo] 2019-05-10 22:38:53,498 [INFO] McuDetailPanel:180 - Set advertising image to C:/Users/watashi/STM32Cube/Repository/\PRSTM32MP10219-01-med.jpg
2019-05-10 22:38:53,501 DEBUG [LineInfo_to_exitCode.log_LineInfo] 2019-05-10 22:38:53,500 [INFO] LoadUrlFilesThread:147 - End of LoadServerUrlFiles without Thread
2019-05-10 22:38:53,501 DEBUG [LineInfo_to_exitCode.log_LineInfo] 2019-05-10 22:38:53,501 [INFO] McuDetailPanel:180 - Set advertising image to C:/Users/watashi/STM32Cube/Repository/\PRSTM32MP10219-01-med.jpg
2019-05-10 22:38:53,511 DEBUG [LineInfo_to_exitCode.log_LineInfo] 2019-05-10 22:38:53,511 [INFO] MicroXplorer:371 - Change Database Path : 
2019-05-10 22:38:53,511 DEBUG [LineInfo_to_exitCode.log_LineInfo] 2019-05-10 22:38:53,511 [INFO] MicroXplorer:401 - Change Database Version : DB.5.0.20
2019-05-10 22:38:53,513 DEBUG [LineInfo_to_exitCode.log_LineInfo] 2019-05-10 22:38:53,512 [INFO] PinOutPanel:1361 - setPackage(No Configuration,No Configuration)
2019-05-10 22:38:53,543 DEBUG [LineInfo_to_exitCode.log_LineInfo] 2019-05-10 22:38:53,542 [INFO] New_gui_TipPanel:173 - scale :0.5406320541760722
2019-05-10 22:38:53,588 DEBUG [LineInfo_to_exitCode.log_LineInfo] 2019-05-10 22:38:53,588 [INFO] MicroXplorer:371 - Change Database Path : 
2019-05-10 22:38:53,589 DEBUG [LineInfo_to_exitCode.log_LineInfo] 2019-05-10 22:38:53,588 [INFO] MicroXplorer:401 - Change Database Version : DB.5.0.20
2019-05-10 22:38:53,589 DEBUG [LineInfo_to_exitCode.log_LineInfo] 2019-05-10 22:38:53,589 [INFO] PinOutPanel:1361 - setPackage(No Configuration,No Configuration)
2019-05-10 22:38:53,591 DEBUG [LineInfo_to_exitCode.log_LineInfo] 2019-05-10 22:38:53,591 [INFO] UtilMem:74 - Begin LoadConfig() Used Memory: 72811240 Bytes (206569472)
2019-05-10 22:38:53,594 DEBUG [LineInfo_to_exitCode.log_LineInfo] 2019-05-10 22:38:53,594 [INFO] MicroXplorer:371 - Change Database Path : 
2019-05-10 22:38:53,594 DEBUG [LineInfo_to_exitCode.log_LineInfo] 2019-05-10 22:38:53,594 [INFO] MicroXplorer:401 - Change Database Version : DB.5.0.20
2019-05-10 22:38:53,595 DEBUG [LineInfo_to_exitCode.log_LineInfo] 2019-05-10 22:38:53,594 [INFO] OpenFileManager:269 - Change cursor
2019-05-10 22:38:55,195 DEBUG [LineInfo_to_exitCode.log_LineInfo] 2019-05-10 22:38:55,195 [INFO] ImportTextPane:162 - (OptionalMessage_ERROR) Unable to find key (Mcu.ThirdPartyNb) in loaded IOC file
2019-05-10 22:38:55,197 DEBUG [LineInfo_to_exitCode.log_LineInfo] 2019-05-10 22:38:55,197 [INFO] ImportTextPane:162 - (OptionalMessage_WARN) Unknown mode (AF_PP) for pin (PA2)
2019-05-10 22:38:55,198 DEBUG [LineInfo_to_exitCode.log_LineInfo] 2019-05-10 22:38:55,198 [INFO] ImportTextPane:162 - (OptionalMessage_WARN) Unknown mode (AF_PP) for pin (PA3)
2019-05-10 22:38:55,249 DEBUG [LineInfo_to_exitCode.log_LineInfo] 2019-05-10 22:38:55,249 [INFO] ImportTextPane:162 - (OptionalMessage_INFO) Successful Mode recovery for pin (PA3) with mode (Asynchronous)
2019-05-10 22:38:55,249 DEBUG [LineInfo_to_exitCode.log_LineInfo] 2019-05-10 22:38:55,249 [INFO] ImportTextPane:162 - (OptionalMessage_INFO) Successful Mode recovery for pin (PA2) with mode (Asynchronous)
2019-05-10 22:38:55,268 DEBUG [LineInfo_to_exitCode.log_LineInfo] 2019-05-10 22:38:55,268 [INFO] ImportTextPane:162 - (OptionalMessage_INFO) Successful Mode recovery for pin (PA4) with mode (OUT1 Configuration)
2019-05-10 22:38:55,272 DEBUG [LineInfo_to_exitCode.log_LineInfo] 2019-05-10 22:38:55,271 [INFO] ImportTextPane:162 - (OptionalMessage_ERROR) IP (ADC1) : Parameter (InjectedRank) has Id (1#ChannelInjectedConversion) currently not set
2019-05-10 22:38:55,272 DEBUG [LineInfo_to_exitCode.log_LineInfo] 2019-05-10 22:38:55,272 [INFO] ImportTextPane:162 - (OptionalMessage_ERROR) IP (ADC1) : Parameter (InjectedChannel) has Id (1#ChannelInjectedConversion) currently not set
2019-05-10 22:38:55,272 DEBUG [LineInfo_to_exitCode.log_LineInfo] 2019-05-10 22:38:55,272 [INFO] ImportTextPane:162 - (OptionalMessage_ERROR) IP (ADC1) : Parameter (InjectedSamplingTime) has Id (1#ChannelInjectedConversion) currently not set
2019-05-10 22:38:55,272 DEBUG [LineInfo_to_exitCode.log_LineInfo] 2019-05-10 22:38:55,272 [INFO] ImportTextPane:162 - (OptionalMessage_ERROR) IP (ADC1) : Parameter (InjectedOffsetNumber) has Id (1#ChannelInjectedConversion) currently not set
2019-05-10 22:38:55,272 DEBUG [LineInfo_to_exitCode.log_LineInfo] 2019-05-10 22:38:55,272 [INFO] ImportTextPane:162 - (OptionalMessage_ERROR) IP (ADC1) : Parameter (InjectedOffset) has Id (1#ChannelInjectedConversion) currently not set
2019-05-10 22:38:55,273 DEBUG [LineInfo_to_exitCode.log_LineInfo] 2019-05-10 22:38:55,272 [INFO] ImportTextPane:162 - (OptionalMessage_ERROR) IP (ADC1) : Parameter (InjectedRank) has Id (2#ChannelInjectedConversion) currently not set
2019-05-10 22:38:55,273 DEBUG [LineInfo_to_exitCode.log_LineInfo] 2019-05-10 22:38:55,273 [INFO] ImportTextPane:162 - (OptionalMessage_ERROR) IP (ADC1) : Parameter (InjectedChannel) has Id (2#ChannelInjectedConversion) currently not set
2019-05-10 22:38:55,273 DEBUG [LineInfo_to_exitCode.log_LineInfo] 2019-05-10 22:38:55,273 [INFO] ImportTextPane:162 - (OptionalMessage_ERROR) IP (ADC1) : Parameter (InjectedSamplingTime) has Id (2#ChannelInjectedConversion) currently not set
2019-05-10 22:38:55,273 DEBUG [LineInfo_to_exitCode.log_LineInfo] 2019-05-10 22:38:55,273 [INFO] ImportTextPane:162 - (OptionalMessage_ERROR) IP (ADC1) : Parameter (InjectedOffsetNumber) has Id (2#ChannelInjectedConversion) currently not set
2019-05-10 22:38:55,274 DEBUG [LineInfo_to_exitCode.log_LineInfo] 2019-05-10 22:38:55,273 [INFO] ImportTextPane:162 - (OptionalMessage_ERROR) IP (ADC1) : Parameter (InjectedOffset) has Id (2#ChannelInjectedConversion) currently not set
2019-05-10 22:38:55,274 DEBUG [LineInfo_to_exitCode.log_LineInfo] 2019-05-10 22:38:55,274 [INFO] ImportTextPane:162 - (OptionalMessage_ERROR) IP (ADC1) : Parameter (InjectedRank) has Id (3#ChannelInjectedConversion) currently not set
2019-05-10 22:38:55,274 DEBUG [LineInfo_to_exitCode.log_LineInfo] 2019-05-10 22:38:55,274 [INFO] ImportTextPane:162 - (OptionalMessage_ERROR) IP (ADC1) : Parameter (InjectedChannel) has Id (3#ChannelInjectedConversion) currently not set
2019-05-10 22:38:55,274 DEBUG [LineInfo_to_exitCode.log_LineInfo] 2019-05-10 22:38:55,274 [INFO] ImportTextPane:162 - (OptionalMessage_ERROR) IP (ADC1) : Parameter (InjectedSamplingTime) has Id (3#ChannelInjectedConversion) currently not set
2019-05-10 22:38:55,274 DEBUG [LineInfo_to_exitCode.log_LineInfo] 2019-05-10 22:38:55,274 [INFO] ImportTextPane:162 - (OptionalMessage_ERROR) IP (ADC1) : Parameter (InjectedOffsetNumber) has Id (3#ChannelInjectedConversion) currently not set
2019-05-10 22:38:55,274 DEBUG [LineInfo_to_exitCode.log_LineInfo] 2019-05-10 22:38:55,274 [INFO] ImportTextPane:162 - (OptionalMessage_ERROR) IP (ADC1) : Parameter (InjectedOffset) has Id (3#ChannelInjectedConversion) currently not set
2019-05-10 22:38:55,275 DEBUG [LineInfo_to_exitCode.log_LineInfo] 2019-05-10 22:38:55,275 [INFO] ImportTextPane:162 - (OptionalMessage_ERROR) IP (ADC1) : Parameter (Rank) has Id (1#ChannelRegularConversion) currently not set
2019-05-10 22:38:55,275 DEBUG [LineInfo_to_exitCode.log_LineInfo] 2019-05-10 22:38:55,275 [INFO] ImportTextPane:162 - (OptionalMessage_ERROR) IP (ADC1) : Parameter (Channel) has Id (1#ChannelRegularConversion) currently not set
2019-05-10 22:38:55,275 DEBUG [LineInfo_to_exitCode.log_LineInfo] 2019-05-10 22:38:55,275 [INFO] ImportTextPane:162 - (OptionalMessage_ERROR) IP (ADC1) : Parameter (SamplingTime) has Id (1#ChannelRegularConversion) currently not set
2019-05-10 22:38:55,276 DEBUG [LineInfo_to_exitCode.log_LineInfo] 2019-05-10 22:38:55,275 [INFO] ImportTextPane:162 - (OptionalMessage_ERROR) IP (ADC1) : Parameter (OffsetNumber) has Id (1#ChannelRegularConversion) currently not set
2019-05-10 22:38:55,276 DEBUG [LineInfo_to_exitCode.log_LineInfo] 2019-05-10 22:38:55,276 [INFO] ImportTextPane:162 - (OptionalMessage_ERROR) IP (ADC1) : Parameter (Offset) has Id (1#ChannelRegularConversion) currently not set
2019-05-10 22:38:55,276 DEBUG [LineInfo_to_exitCode.log_LineInfo] 2019-05-10 22:38:55,276 [INFO] ImportTextPane:162 - (OptionalMessage_ERROR) IP (ADC1) : Parameter (Rank) has Id (2#ChannelRegularConversion) currently not set
2019-05-10 22:38:55,277 DEBUG [LineInfo_to_exitCode.log_LineInfo] 2019-05-10 22:38:55,277 [INFO] ImportTextPane:162 - (OptionalMessage_ERROR) IP (ADC1) : Parameter (Channel) has Id (2#ChannelRegularConversion) currently not set
2019-05-10 22:38:55,277 DEBUG [LineInfo_to_exitCode.log_LineInfo] 2019-05-10 22:38:55,277 [INFO] ImportTextPane:162 - (OptionalMessage_ERROR) IP (ADC1) : Parameter (SamplingTime) has Id (2#ChannelRegularConversion) currently not set
2019-05-10 22:38:55,277 DEBUG [LineInfo_to_exitCode.log_LineInfo] 2019-05-10 22:38:55,277 [INFO] ImportTextPane:162 - (OptionalMessage_ERROR) IP (ADC1) : Parameter (OffsetNumber) has Id (2#ChannelRegularConversion) currently not set
2019-05-10 22:38:55,278 DEBUG [LineInfo_to_exitCode.log_LineInfo] 2019-05-10 22:38:55,278 [INFO] ImportTextPane:162 - (OptionalMessage_ERROR) IP (ADC1) : Parameter (Offset) has Id (2#ChannelRegularConversion) currently not set
2019-05-10 22:38:55,314 DEBUG [LineInfo_to_exitCode.log_LineInfo] 2019-05-10 22:38:55,313 [INFO] ImportTextPane:162 - (OptionalMessage_ERROR) IP (MotorControl) : Invalid parameter (ADC_AHBPERIPH)
2019-05-10 22:38:55,314 DEBUG [LineInfo_to_exitCode.log_LineInfo] 2019-05-10 22:38:55,314 [INFO] ImportTextPane:162 - (OptionalMessage_ERROR) IP (MotorControl) : Invalid parameter (ADC_CLOCK_WB_FREQ)
2019-05-10 22:38:55,314 DEBUG [LineInfo_to_exitCode.log_LineInfo] 2019-05-10 22:38:55,314 [INFO] ImportTextPane:162 - (OptionalMessage_ERROR) IP (MotorControl) : Invalid parameter (BKIN_MODE)
2019-05-10 22:38:55,315 DEBUG [LineInfo_to_exitCode.log_LineInfo] 2019-05-10 22:38:55,315 [INFO] ImportTextPane:162 - (OptionalMessage_ERROR) IP (MotorControl) : Invalid parameter (BKIN1_FILTER)
2019-05-10 22:38:55,317 DEBUG [LineInfo_to_exitCode.log_LineInfo] 2019-05-10 22:38:55,316 [INFO] ImportTextPane:162 - (OptionalMessage_ERROR) IP (MotorControl) : Invalid parameter (BKIN2_FILTER)
2019-05-10 22:38:55,317 DEBUG [LineInfo_to_exitCode.log_LineInfo] 2019-05-10 22:38:55,317 [INFO] ImportTextPane:162 - (OptionalMessage_ERROR) IP (MotorControl) : Invalid parameter (BRKIN_GPIO_AF)
2019-05-10 22:38:55,317 DEBUG [LineInfo_to_exitCode.log_LineInfo] 2019-05-10 22:38:55,317 [INFO] ImportTextPane:162 - (OptionalMessage_ERROR) IP (MotorControl) : Invalid parameter (BRKIN2_GPIO_AF)
2019-05-10 22:38:55,318 DEBUG [LineInfo_to_exitCode.log_LineInfo] 2019-05-10 22:38:55,317 [INFO] ImportTextPane:162 - (OptionalMessage_ERROR) IP (MotorControl) : Invalid parameter (CLOCK_FREQUENCY)
2019-05-10 22:38:55,318 DEBUG [LineInfo_to_exitCode.log_LineInfo] 2019-05-10 22:38:55,318 [INFO] ImportTextPane:162 - (OptionalMessage_ERROR) IP (MotorControl) : Invalid parameter (CLOCK_SOURCE)
2019-05-10 22:38:55,318 DEBUG [LineInfo_to_exitCode.log_LineInfo] 2019-05-10 22:38:55,318 [INFO] ImportTextPane:162 - (OptionalMessage_ERROR) IP (MotorControl) : Invalid parameter (CPU_CLK_72_MHZ)
2019-05-10 22:38:55,318 DEBUG [LineInfo_to_exitCode.log_LineInfo] 2019-05-10 22:38:55,318 [INFO] ImportTextPane:162 - (OptionalMessage_ERROR) IP (MotorControl) : Invalid parameter (DAC_TIMER_REMAPPING)
2019-05-10 22:38:55,319 DEBUG [LineInfo_to_exitCode.log_LineInfo] 2019-05-10 22:38:55,319 [INFO] ImportTextPane:162 - (OptionalMessage_ERROR) IP (MotorControl) : Invalid parameter (DC_CURRENT_RS_MEAS)
2019-05-10 22:38:55,319 DEBUG [LineInfo_to_exitCode.log_LineInfo] 2019-05-10 22:38:55,319 [INFO] ImportTextPane:162 - (OptionalMessage_ERROR) IP (MotorControl) : Invalid parameter (DEFAULT_DAC_MOTOR)
2019-05-10 22:38:55,319 DEBUG [LineInfo_to_exitCode.log_LineInfo] 2019-05-10 22:38:55,319 [INFO] ImportTextPane:162 - (OptionalMessage_ERROR) IP (MotorControl) : Invalid parameter (DRIVES_NUMBER_SELECTION)
2019-05-10 22:38:55,320 DEBUG [LineInfo_to_exitCode.log_LineInfo] 2019-05-10 22:38:55,319 [INFO] ImportTextPane:162 - (OptionalMessage_ERROR) IP (MotorControl) : Invalid parameter (EMERGENCY_STOP_GPIO_PIN)
2019-05-10 22:38:55,320 DEBUG [LineInfo_to_exitCode.log_LineInfo] 2019-05-10 22:38:55,320 [INFO] ImportTextPane:162 - (OptionalMessage_ERROR) IP (MotorControl) : Invalid parameter (EMERGENCY_STOP_GPIO_PORT)
2019-05-10 22:38:55,321 DEBUG [LineInfo_to_exitCode.log_LineInfo] 2019-05-10 22:38:55,321 [INFO] ImportTextPane:162 - (OptionalMessage_ERROR) IP (MotorControl) : Invalid parameter (EMERGENCY2_STOP_GPIO_PIN)
2019-05-10 22:38:55,322 DEBUG [LineInfo_to_exitCode.log_LineInfo] 2019-05-10 22:38:55,322 [INFO] ImportTextPane:162 - (OptionalMessage_ERROR) IP (MotorControl) : Invalid parameter (EMERGENCY2_STOP_GPIO_PORT)
2019-05-10 22:38:55,322 DEBUG [LineInfo_to_exitCode.log_LineInfo] 2019-05-10 22:38:55,322 [INFO] ImportTextPane:162 - (OptionalMessage_ERROR) IP (MotorControl) : Invalid parameter (ENC_A_GPIO_PIN)
2019-05-10 22:38:55,323 DEBUG [LineInfo_to_exitCode.log_LineInfo] 2019-05-10 22:38:55,323 [INFO] ImportTextPane:162 - (OptionalMessage_ERROR) IP (MotorControl) : Invalid parameter (ENC_A_GPIO_PORT)
2019-05-10 22:38:55,323 DEBUG [LineInfo_to_exitCode.log_LineInfo] 2019-05-10 22:38:55,323 [INFO] ImportTextPane:162 - (OptionalMessage_ERROR) IP (MotorControl) : Invalid parameter (ENC_B_GPIO_PIN)
2019-05-10 22:38:55,323 DEBUG [LineInfo_to_exitCode.log_LineInfo] 2019-05-10 22:38:55,323 [INFO] ImportTextPane:162 - (OptionalMessage_ERROR) IP (MotorControl) : Invalid parameter (ENC_B_GPIO_PORT)
2019-05-10 22:38:55,324 DEBUG [LineInfo_to_exitCode.log_LineInfo] 2019-05-10 22:38:55,324 [INFO] ImportTextPane:162 - (OptionalMessage_ERROR) IP (MotorControl) : Invalid parameter (ENC_INVERT_SPEED)
2019-05-10 22:38:55,324 DEBUG [LineInfo_to_exitCode.log_LineInfo] 2019-05-10 22:38:55,324 [INFO] ImportTextPane:162 - (OptionalMessage_ERROR) IP (MotorControl) : Invalid parameter (ENC_TIMER_REMAPPING)
2019-05-10 22:38:55,325 DEBUG [LineInfo_to_exitCode.log_LineInfo] 2019-05-10 22:38:55,325 [INFO] ImportTextPane:162 - (OptionalMessage_ERROR) IP (MotorControl) : Invalid parameter (ENCODER_AVAILABLE)
2019-05-10 22:38:55,325 DEBUG [LineInfo_to_exitCode.log_LineInfo] 2019-05-10 22:38:55,325 [INFO] ImportTextPane:162 - (OptionalMessage_ERROR) IP (MotorControl) : Invalid parameter (EXT_CLK_8_MHZ)
2019-05-10 22:38:55,325 DEBUG [LineInfo_to_exitCode.log_LineInfo] 2019-05-10 22:38:55,325 [INFO] ImportTextPane:162 - (OptionalMessage_ERROR) IP (MotorControl) : Invalid parameter (EXT_CLOCK_FREQUENCY)
2019-05-10 22:38:55,326 DEBUG [LineInfo_to_exitCode.log_LineInfo] 2019-05-10 22:38:55,326 [INFO] ImportTextPane:162 - (OptionalMessage_ERROR) IP (MotorControl) : Invalid parameter (FEEDBACK_NET_FILTERING)
2019-05-10 22:38:55,326 DEBUG [LineInfo_to_exitCode.log_LineInfo] 2019-05-10 22:38:55,326 [INFO] ImportTextPane:162 - (OptionalMessage_ERROR) IP (MotorControl) : Invalid parameter (H1_GPIO_PIN)
2019-05-10 22:38:55,327 DEBUG [LineInfo_to_exitCode.log_LineInfo] 2019-05-10 22:38:55,327 [INFO] ImportTextPane:162 - (OptionalMessage_ERROR) IP (MotorControl) : Invalid parameter (H1_GPIO_PORT)
2019-05-10 22:38:55,327 DEBUG [LineInfo_to_exitCode.log_LineInfo] 2019-05-10 22:38:55,327 [INFO] ImportTextPane:162 - (OptionalMessage_ERROR) IP (MotorControl) : Invalid parameter (H2_GPIO_PIN)
2019-05-10 22:38:55,328 DEBUG [LineInfo_to_exitCode.log_LineInfo] 2019-05-10 22:38:55,328 [INFO] ImportTextPane:162 - (OptionalMessage_ERROR) IP (MotorControl) : Invalid parameter (H2_GPIO_PORT)
2019-05-10 22:38:55,329 DEBUG [LineInfo_to_exitCode.log_LineInfo] 2019-05-10 22:38:55,329 [INFO] ImportTextPane:162 - (OptionalMessage_ERROR) IP (MotorControl) : Invalid parameter (H3_GPIO_PIN)
2019-05-10 22:38:55,329 DEBUG [LineInfo_to_exitCode.log_LineInfo] 2019-05-10 22:38:55,329 [INFO] ImportTextPane:162 - (OptionalMessage_ERROR) IP (MotorControl) : Invalid parameter (H3_GPIO_PORT)
2019-05-10 22:38:55,330 DEBUG [LineInfo_to_exitCode.log_LineInfo] 2019-05-10 22:38:55,329 [INFO] ImportTextPane:162 - (OptionalMessage_ERROR) IP (MotorControl) : Invalid parameter (HALL_SENSORS_AVAILABLE)
2019-05-10 22:38:55,330 DEBUG [LineInfo_to_exitCode.log_LineInfo] 2019-05-10 22:38:55,330 [INFO] ImportTextPane:162 - (OptionalMessage_ERROR) IP (MotorControl) : Invalid parameter (HALL_TIMER_REMAPPING)
2019-05-10 22:38:55,330 DEBUG [LineInfo_to_exitCode.log_LineInfo] 2019-05-10 22:38:55,330 [INFO] ImportTextPane:162 - (OptionalMessage_ERROR) IP (MotorControl) : Invalid parameter (HFI_DEBUG_MODE)
2019-05-10 22:38:55,331 DEBUG [LineInfo_to_exitCode.log_LineInfo] 2019-05-10 22:38:55,331 [INFO] ImportTextPane:162 - (OptionalMessage_ERROR) IP (MotorControl) : Invalid parameter (HFI_IDH_DELAY)
2019-05-10 22:38:55,331 DEBUG [LineInfo_to_exitCode.log_LineInfo] 2019-05-10 22:38:55,331 [INFO] ImportTextPane:162 - (OptionalMessage_ERROR) IP (MotorControl) : Invalid parameter (HFI_MAXANGLEDIFF)
2019-05-10 22:38:55,332 DEBUG [LineInfo_to_exitCode.log_LineInfo] 2019-05-10 22:38:55,332 [INFO] ImportTextPane:162 - (OptionalMessage_ERROR) IP (MotorControl) : Invalid parameter (HFI_RESTART_RPM_TH)
2019-05-10 22:38:55,332 DEBUG [LineInfo_to_exitCode.log_LineInfo] 2019-05-10 22:38:55,332 [INFO] ImportTextPane:162 - (OptionalMessage_ERROR) IP (MotorControl) : Invalid parameter (HFI_RESTARTTIMESEC)
2019-05-10 22:38:55,333 DEBUG [LineInfo_to_exitCode.log_LineInfo] 2019-05-10 22:38:55,333 [INFO] ImportTextPane:162 - (OptionalMessage_ERROR) IP (MotorControl) : Invalid parameter (HFI_REVERT_DIRECTION)
2019-05-10 22:38:55,334 DEBUG [LineInfo_to_exitCode.log_LineInfo] 2019-05-10 22:38:55,334 [INFO] ImportTextPane:162 - (OptionalMessage_ERROR) IP (MotorControl) : Invalid parameter (HFI_STEPANGLE)
2019-05-10 22:38:55,334 DEBUG [LineInfo_to_exitCode.log_LineInfo] 2019-05-10 22:38:55,334 [INFO] ImportTextPane:162 - (OptionalMessage_ERROR) IP (MotorControl) : Invalid parameter (HFI_WAITSYNCH)
2019-05-10 22:38:55,334 DEBUG [LineInfo_to_exitCode.log_LineInfo] 2019-05-10 22:38:55,334 [INFO] ImportTextPane:162 - (OptionalMessage_ERROR) IP (MotorControl) : Invalid parameter (HFI_WAITTRACK)
2019-05-10 22:38:55,334 DEBUG [LineInfo_to_exitCode.log_LineInfo] 2019-05-10 22:38:55,334 [INFO] ImportTextPane:162 - (OptionalMessage_ERROR) IP (MotorControl) : Invalid parameter (HIGH_SIDE_BRAKE_STATE)
2019-05-10 22:38:55,335 DEBUG [LineInfo_to_exitCode.log_LineInfo] 2019-05-10 22:38:55,335 [INFO] ImportTextPane:162 - (OptionalMessage_ERROR) IP (MotorControl) : Invalid parameter (HW_COMPLEMENTED_LOW_SIDE)
2019-05-10 22:38:55,335 DEBUG [LineInfo_to_exitCode.log_LineInfo] 2019-05-10 22:38:55,335 [INFO] ImportTextPane:162 - (OptionalMessage_ERROR) IP (MotorControl) : Parameter (INRUSH_CURRLIMIT_AT_POWER_ON) has invalid value (false)
2019-05-10 22:38:55,335 DEBUG [LineInfo_to_exitCode.log_LineInfo] 2019-05-10 22:38:55,335 [INFO] ImportTextPane:162 - (OptionalMessage_ERROR) IP (MotorControl) : Invalid parameter (INRUSH_CURRLIMIT_GPIO_PIN)
2019-05-10 22:38:55,336 DEBUG [LineInfo_to_exitCode.log_LineInfo] 2019-05-10 22:38:55,335 [INFO] ImportTextPane:162 - (OptionalMessage_ERROR) IP (MotorControl) : Invalid parameter (INRUSH_CURRLIMIT_GPIO_PORT)
2019-05-10 22:38:55,336 DEBUG [LineInfo_to_exitCode.log_LineInfo] 2019-05-10 22:38:55,336 [INFO] ImportTextPane:162 - (OptionalMessage_ERROR) IP (MotorControl) : Invalid parameter (LCD_JOYSTICK_FUNCTIONALITY)
2019-05-10 22:38:55,336 DEBUG [LineInfo_to_exitCode.log_LineInfo] 2019-05-10 22:38:55,336 [INFO] ImportTextPane:162 - (OptionalMessage_ERROR) IP (MotorControl) : Invalid parameter (LCD_MODE)
2019-05-10 22:38:55,336 DEBUG [LineInfo_to_exitCode.log_LineInfo] 2019-05-10 22:38:55,336 [INFO] ImportTextPane:162 - (OptionalMessage_ERROR) IP (MotorControl) : Invalid parameter (LDLQ_RATIO)
2019-05-10 22:38:55,336 DEBUG [LineInfo_to_exitCode.log_LineInfo] 2019-05-10 22:38:55,336 [INFO] ImportTextPane:162 - (OptionalMessage_ERROR) IP (MotorControl) : Invalid parameter (LOW_SIDE_BRAKE_STATE)
2019-05-10 22:38:55,336 DEBUG [LineInfo_to_exitCode.log_LineInfo] 2019-05-10 22:38:55,336 [INFO] ImportTextPane:162 - (OptionalMessage_ERROR) IP (MotorControl) : Invalid parameter (MAX_MODULATION_81_PER_CENT)
2019-05-10 22:38:55,336 DEBUG [LineInfo_to_exitCode.log_LineInfo] 2019-05-10 22:38:55,336 [INFO] ImportTextPane:162 - (OptionalMessage_ERROR) IP (MotorControl) : Invalid parameter (MC_WORKBENCH_VERSION)
2019-05-10 22:38:55,337 DEBUG [LineInfo_to_exitCode.log_LineInfo] 2019-05-10 22:38:55,336 [INFO] ImportTextPane:162 - (OptionalMessage_ERROR) IP (MotorControl) : Invalid parameter (MCU)
2019-05-10 22:38:55,337 DEBUG [LineInfo_to_exitCode.log_LineInfo] 2019-05-10 22:38:55,337 [INFO] ImportTextPane:162 - (OptionalMessage_ERROR) IP (MotorControl) : Invalid parameter (MCU_TYPE)
2019-05-10 22:38:55,337 DEBUG [LineInfo_to_exitCode.log_LineInfo] 2019-05-10 22:38:55,337 [INFO] ImportTextPane:162 - (OptionalMessage_ERROR) IP (MotorControl) : Invalid parameter (MOTOR_TYPE)
2019-05-10 22:38:55,338 DEBUG [LineInfo_to_exitCode.log_LineInfo] 2019-05-10 22:38:55,338 [INFO] ImportTextPane:162 - (OptionalMessage_ERROR) IP (MotorControl) : Invalid parameter (OCP_COMP_THRESHOLD)
2019-05-10 22:38:55,338 DEBUG [LineInfo_to_exitCode.log_LineInfo] 2019-05-10 22:38:55,338 [INFO] ImportTextPane:162 - (OptionalMessage_ERROR) IP (MotorControl) : Invalid parameter (OCP_FILTER)
2019-05-10 22:38:55,338 DEBUG [LineInfo_to_exitCode.log_LineInfo] 2019-05-10 22:38:55,338 [INFO] ImportTextPane:162 - (OptionalMessage_ERROR) IP (MotorControl) : Invalid parameter (OCP_INVERTINGINPUT)
2019-05-10 22:38:55,338 DEBUG [LineInfo_to_exitCode.log_LineInfo] 2019-05-10 22:38:55,338 [INFO] ImportTextPane:162 - (OptionalMessage_ERROR) IP (MotorControl) : Invalid parameter (OCP_INVERTINGINPUT_GPIO_PIN)
2019-05-10 22:38:55,338 DEBUG [LineInfo_to_exitCode.log_LineInfo] 2019-05-10 22:38:55,338 [INFO] ImportTextPane:162 - (OptionalMessage_ERROR) IP (MotorControl) : Invalid parameter (OCP_INVERTINGINPUT_GPIO_PORT)
2019-05-10 22:38:55,338 DEBUG [LineInfo_to_exitCode.log_LineInfo] 2019-05-10 22:38:55,338 [INFO] ImportTextPane:162 - (OptionalMessage_ERROR) IP (MotorControl) : Invalid parameter (OCP_NONINVERTINGINPUT)
2019-05-10 22:38:55,339 DEBUG [LineInfo_to_exitCode.log_LineInfo] 2019-05-10 22:38:55,338 [INFO] ImportTextPane:162 - (OptionalMessage_ERROR) IP (MotorControl) : Invalid parameter (OCP_NONINVERTINGINPUT_GPIO_PIN)
2019-05-10 22:38:55,339 DEBUG [LineInfo_to_exitCode.log_LineInfo] 2019-05-10 22:38:55,339 [INFO] ImportTextPane:162 - (OptionalMessage_ERROR) IP (MotorControl) : Invalid parameter (OCP_NONINVERTINGINPUT_GPIO_PORT)
2019-05-10 22:38:55,339 DEBUG [LineInfo_to_exitCode.log_LineInfo] 2019-05-10 22:38:55,339 [INFO] ImportTextPane:162 - (OptionalMessage_ERROR) IP (MotorControl) : Invalid parameter (OCP_OUTPUT)
2019-05-10 22:38:55,339 DEBUG [LineInfo_to_exitCode.log_LineInfo] 2019-05-10 22:38:55,339 [INFO] ImportTextPane:162 - (OptionalMessage_ERROR) IP (MotorControl) : Invalid parameter (OCP_OUTPUT_GPIO_AF)
2019-05-10 22:38:55,339 DEBUG [LineInfo_to_exitCode.log_LineInfo] 2019-05-10 22:38:55,339 [INFO] ImportTextPane:162 - (OptionalMessage_ERROR) IP (MotorControl) : Invalid parameter (OCP_OUTPUT_GPIO_PIN)
2019-05-10 22:38:55,340 DEBUG [LineInfo_to_exitCode.log_LineInfo] 2019-05-10 22:38:55,339 [INFO] ImportTextPane:162 - (OptionalMessage_ERROR) IP (MotorControl) : Invalid parameter (OCP_OUTPUT_GPIO_PORT)
2019-05-10 22:38:55,340 DEBUG [LineInfo_to_exitCode.log_LineInfo] 2019-05-10 22:38:55,340 [INFO] ImportTextPane:162 - (OptionalMessage_ERROR) IP (MotorControl) : Invalid parameter (OCP_OUTPUT_MODE)
2019-05-10 22:38:55,340 DEBUG [LineInfo_to_exitCode.log_LineInfo] 2019-05-10 22:38:55,340 [INFO] ImportTextPane:162 - (OptionalMessage_ERROR) IP (MotorControl) : Invalid parameter (OCP_OUTPUTPOL)
2019-05-10 22:38:55,340 DEBUG [LineInfo_to_exitCode.log_LineInfo] 2019-05-10 22:38:55,340 [INFO] ImportTextPane:162 - (OptionalMessage_ERROR) IP (MotorControl) : Invalid parameter (OCPA_INVERTINGINPUT)
2019-05-10 22:38:55,340 DEBUG [LineInfo_to_exitCode.log_LineInfo] 2019-05-10 22:38:55,340 [INFO] ImportTextPane:162 - (OptionalMessage_ERROR) IP (MotorControl) : Invalid parameter (OCPA_INVERTINGINPUT_GPIO_PIN)
2019-05-10 22:38:55,340 DEBUG [LineInfo_to_exitCode.log_LineInfo] 2019-05-10 22:38:55,340 [INFO] ImportTextPane:162 - (OptionalMessage_ERROR) IP (MotorControl) : Invalid parameter (OCPA_INVERTINGINPUT_GPIO_PORT)
2019-05-10 22:38:55,341 DEBUG [LineInfo_to_exitCode.log_LineInfo] 2019-05-10 22:38:55,340 [INFO] ImportTextPane:162 - (OptionalMessage_ERROR) IP (MotorControl) : Invalid parameter (OCPA_NONINVERTINGINPUT)
2019-05-10 22:38:55,341 DEBUG [LineInfo_to_exitCode.log_LineInfo] 2019-05-10 22:38:55,341 [INFO] ImportTextPane:162 - (OptionalMessage_ERROR) IP (MotorControl) : Invalid parameter (OCPA_NONINVERTINGINPUT_GPIO_PIN)
2019-05-10 22:38:55,341 DEBUG [LineInfo_to_exitCode.log_LineInfo] 2019-05-10 22:38:55,341 [INFO] ImportTextPane:162 - (OptionalMessage_ERROR) IP (MotorControl) : Invalid parameter (OCPA_NONINVERTINGINPUT_GPIO_PORT)
2019-05-10 22:38:55,342 DEBUG [LineInfo_to_exitCode.log_LineInfo] 2019-05-10 22:38:55,341 [INFO] ImportTextPane:162 - (OptionalMessage_ERROR) IP (MotorControl) : Invalid parameter (OCPA_OUTPUT)
2019-05-10 22:38:55,342 DEBUG [LineInfo_to_exitCode.log_LineInfo] 2019-05-10 22:38:55,342 [INFO] ImportTextPane:162 - (OptionalMessage_ERROR) IP (MotorControl) : Invalid parameter (OCPA_OUTPUT_GPIO_AF)
2019-05-10 22:38:55,342 DEBUG [LineInfo_to_exitCode.log_LineInfo] 2019-05-10 22:38:55,342 [INFO] ImportTextPane:162 - (OptionalMessage_ERROR) IP (MotorControl) : Invalid parameter (OCPA_OUTPUT_GPIO_PIN)
2019-05-10 22:38:55,342 DEBUG [LineInfo_to_exitCode.log_LineInfo] 2019-05-10 22:38:55,342 [INFO] ImportTextPane:162 - (OptionalMessage_ERROR) IP (MotorControl) : Invalid parameter (OCPA_OUTPUT_GPIO_PORT)
2019-05-10 22:38:55,342 DEBUG [LineInfo_to_exitCode.log_LineInfo] 2019-05-10 22:38:55,342 [INFO] ImportTextPane:162 - (OptionalMessage_ERROR) IP (MotorControl) : Invalid parameter (OCPA_OUTPUT_MODE)
2019-05-10 22:38:55,342 DEBUG [LineInfo_to_exitCode.log_LineInfo] 2019-05-10 22:38:55,342 [INFO] ImportTextPane:162 - (OptionalMessage_ERROR) IP (MotorControl) : Invalid parameter (OCPA_OUTPUTPOL)
2019-05-10 22:38:55,343 DEBUG [LineInfo_to_exitCode.log_LineInfo] 2019-05-10 22:38:55,342 [INFO] ImportTextPane:162 - (OptionalMessage_ERROR) IP (MotorControl) : Invalid parameter (OCPB_INVERTINGINPUT)
2019-05-10 22:38:55,343 DEBUG [LineInfo_to_exitCode.log_LineInfo] 2019-05-10 22:38:55,343 [INFO] ImportTextPane:162 - (OptionalMessage_ERROR) IP (MotorControl) : Invalid parameter (OCPB_INVERTINGINPUT_GPIO_PIN)
2019-05-10 22:38:55,343 DEBUG [LineInfo_to_exitCode.log_LineInfo] 2019-05-10 22:38:55,343 [INFO] ImportTextPane:162 - (OptionalMessage_ERROR) IP (MotorControl) : Invalid parameter (OCPB_INVERTINGINPUT_GPIO_PORT)
2019-05-10 22:38:55,344 DEBUG [LineInfo_to_exitCode.log_LineInfo] 2019-05-10 22:38:55,344 [INFO] ImportTextPane:162 - (OptionalMessage_ERROR) IP (MotorControl) : Invalid parameter (OCPB_NONINVERTINGINPUT)
2019-05-10 22:38:55,345 DEBUG [LineInfo_to_exitCode.log_LineInfo] 2019-05-10 22:38:55,345 [INFO] ImportTextPane:162 - (OptionalMessage_ERROR) IP (MotorControl) : Invalid parameter (OCPB_NONINVERTINGINPUT_GPIO_PIN)
2019-05-10 22:38:55,346 DEBUG [LineInfo_to_exitCode.log_LineInfo] 2019-05-10 22:38:55,346 [INFO] ImportTextPane:162 - (OptionalMessage_ERROR) IP (MotorControl) : Invalid parameter (OCPB_NONINVERTINGINPUT_GPIO_PORT)
2019-05-10 22:38:55,346 DEBUG [LineInfo_to_exitCode.log_LineInfo] 2019-05-10 22:38:55,346 [INFO] ImportTextPane:162 - (OptionalMessage_ERROR) IP (MotorControl) : Invalid parameter (OCPB_OUTPUT)
2019-05-10 22:38:55,346 DEBUG [LineInfo_to_exitCode.log_LineInfo] 2019-05-10 22:38:55,346 [INFO] ImportTextPane:162 - (OptionalMessage_ERROR) IP (MotorControl) : Invalid parameter (OCPB_OUTPUT_GPIO_AF)
2019-05-10 22:38:55,347 DEBUG [LineInfo_to_exitCode.log_LineInfo] 2019-05-10 22:38:55,347 [INFO] ImportTextPane:162 - (OptionalMessage_ERROR) IP (MotorControl) : Invalid parameter (OCPB_OUTPUT_GPIO_PIN)
2019-05-10 22:38:55,347 DEBUG [LineInfo_to_exitCode.log_LineInfo] 2019-05-10 22:38:55,347 [INFO] ImportTextPane:162 - (OptionalMessage_ERROR) IP (MotorControl) : Invalid parameter (OCPB_OUTPUT_GPIO_PORT)
2019-05-10 22:38:55,348 DEBUG [LineInfo_to_exitCode.log_LineInfo] 2019-05-10 22:38:55,347 [INFO] ImportTextPane:162 - (OptionalMessage_ERROR) IP (MotorControl) : Invalid parameter (OCPB_OUTPUT_MODE)
2019-05-10 22:38:55,348 DEBUG [LineInfo_to_exitCode.log_LineInfo] 2019-05-10 22:38:55,348 [INFO] ImportTextPane:162 - (OptionalMessage_ERROR) IP (MotorControl) : Invalid parameter (OCPB_OUTPUTPOL)
2019-05-10 22:38:55,349 DEBUG [LineInfo_to_exitCode.log_LineInfo] 2019-05-10 22:38:55,349 [INFO] ImportTextPane:162 - (OptionalMessage_ERROR) IP (MotorControl) : Invalid parameter (OCPC_INVERTINGINPUT)
2019-05-10 22:38:55,349 DEBUG [LineInfo_to_exitCode.log_LineInfo] 2019-05-10 22:38:55,349 [INFO] ImportTextPane:162 - (OptionalMessage_ERROR) IP (MotorControl) : Invalid parameter (OCPC_INVERTINGINPUT_GPIO_PIN)
2019-05-10 22:38:55,349 DEBUG [LineInfo_to_exitCode.log_LineInfo] 2019-05-10 22:38:55,349 [INFO] ImportTextPane:162 - (OptionalMessage_ERROR) IP (MotorControl) : Invalid parameter (OCPC_INVERTINGINPUT_GPIO_PORT)
2019-05-10 22:38:55,350 DEBUG [LineInfo_to_exitCode.log_LineInfo] 2019-05-10 22:38:55,350 [INFO] ImportTextPane:162 - (OptionalMessage_ERROR) IP (MotorControl) : Invalid parameter (OCPC_NONINVERTINGINPUT)
2019-05-10 22:38:55,350 DEBUG [LineInfo_to_exitCode.log_LineInfo] 2019-05-10 22:38:55,350 [INFO] ImportTextPane:162 - (OptionalMessage_ERROR) IP (MotorControl) : Invalid parameter (OCPC_NONINVERTINGINPUT_GPIO_PIN)
2019-05-10 22:38:55,351 DEBUG [LineInfo_to_exitCode.log_LineInfo] 2019-05-10 22:38:55,350 [INFO] ImportTextPane:162 - (OptionalMessage_ERROR) IP (MotorControl) : Invalid parameter (OCPC_NONINVERTINGINPUT_GPIO_PORT)
2019-05-10 22:38:55,351 DEBUG [LineInfo_to_exitCode.log_LineInfo] 2019-05-10 22:38:55,351 [INFO] ImportTextPane:162 - (OptionalMessage_ERROR) IP (MotorControl) : Invalid parameter (OCPC_OUTPUT)
2019-05-10 22:38:55,352 DEBUG [LineInfo_to_exitCode.log_LineInfo] 2019-05-10 22:38:55,351 [INFO] ImportTextPane:162 - (OptionalMessage_ERROR) IP (MotorControl) : Invalid parameter (OCPC_OUTPUT_GPIO_AF)
2019-05-10 22:38:55,352 DEBUG [LineInfo_to_exitCode.log_LineInfo] 2019-05-10 22:38:55,352 [INFO] ImportTextPane:162 - (OptionalMessage_ERROR) IP (MotorControl) : Invalid parameter (OCPC_OUTPUT_GPIO_PIN)
2019-05-10 22:38:55,352 DEBUG [LineInfo_to_exitCode.log_LineInfo] 2019-05-10 22:38:55,352 [INFO] ImportTextPane:162 - (OptionalMessage_ERROR) IP (MotorControl) : Invalid parameter (OCPC_OUTPUT_GPIO_PORT)
2019-05-10 22:38:55,353 DEBUG [LineInfo_to_exitCode.log_LineInfo] 2019-05-10 22:38:55,353 [INFO] ImportTextPane:162 - (OptionalMessage_ERROR) IP (MotorControl) : Invalid parameter (OCPC_OUTPUT_MODE)
2019-05-10 22:38:55,353 DEBUG [LineInfo_to_exitCode.log_LineInfo] 2019-05-10 22:38:55,353 [INFO] ImportTextPane:162 - (OptionalMessage_ERROR) IP (MotorControl) : Invalid parameter (OCPC_OUTPUTPOL)
2019-05-10 22:38:55,354 DEBUG [LineInfo_to_exitCode.log_LineInfo] 2019-05-10 22:38:55,353 [INFO] ImportTextPane:162 - (OptionalMessage_ERROR) IP (MotorControl) : Invalid parameter (OPAMP_INVERTINGINPUT)
2019-05-10 22:38:55,354 DEBUG [LineInfo_to_exitCode.log_LineInfo] 2019-05-10 22:38:55,354 [INFO] ImportTextPane:162 - (OptionalMessage_ERROR) IP (MotorControl) : Invalid parameter (OPAMP_INVERTINGINPUT_GPIO_PIN)
2019-05-10 22:38:55,354 DEBUG [LineInfo_to_exitCode.log_LineInfo] 2019-05-10 22:38:55,354 [INFO] ImportTextPane:162 - (OptionalMessage_ERROR) IP (MotorControl) : Invalid parameter (OPAMP_INVERTINGINPUT_GPIO_PORT)
2019-05-10 22:38:55,354 DEBUG [LineInfo_to_exitCode.log_LineInfo] 2019-05-10 22:38:55,354 [INFO] ImportTextPane:162 - (OptionalMessage_ERROR) IP (MotorControl) : Invalid parameter (OPAMP_INVERTINGINPUT_MODE)
2019-05-10 22:38:55,354 DEBUG [LineInfo_to_exitCode.log_LineInfo] 2019-05-10 22:38:55,354 [INFO] ImportTextPane:162 - (OptionalMessage_ERROR) IP (MotorControl) : Invalid parameter (OPAMP_NONINVERTINGINPUT)
2019-05-10 22:38:55,355 DEBUG [LineInfo_to_exitCode.log_LineInfo] 2019-05-10 22:38:55,355 [INFO] ImportTextPane:162 - (OptionalMessage_ERROR) IP (MotorControl) : Invalid parameter (OPAMP_NONINVERTINGINPUT_GPIO_PIN)
2019-05-10 22:38:55,356 DEBUG [LineInfo_to_exitCode.log_LineInfo] 2019-05-10 22:38:55,355 [INFO] ImportTextPane:162 - (OptionalMessage_ERROR) IP (MotorControl) : Invalid parameter (OPAMP_NONINVERTINGINPUT_GPIO_PORT)
2019-05-10 22:38:55,356 DEBUG [LineInfo_to_exitCode.log_LineInfo] 2019-05-10 22:38:55,356 [INFO] ImportTextPane:162 - (OptionalMessage_ERROR) IP (MotorControl) : Invalid parameter (OPAMP_OUT_GPIO_PIN)
2019-05-10 22:38:55,356 DEBUG [LineInfo_to_exitCode.log_LineInfo] 2019-05-10 22:38:55,356 [INFO] ImportTextPane:162 - (OptionalMessage_ERROR) IP (MotorControl) : Invalid parameter (OPAMP_OUT_GPIO_PORT)
2019-05-10 22:38:55,357 DEBUG [LineInfo_to_exitCode.log_LineInfo] 2019-05-10 22:38:55,357 [INFO] ImportTextPane:162 - (OptionalMessage_ERROR) IP (MotorControl) : Invalid parameter (OPAMP_PGACONNECT)
2019-05-10 22:38:55,357 DEBUG [LineInfo_to_exitCode.log_LineInfo] 2019-05-10 22:38:55,357 [INFO] ImportTextPane:162 - (OptionalMessage_ERROR) IP (MotorControl) : Invalid parameter (OPAMP_PGAGAIN)
2019-05-10 22:38:55,358 DEBUG [LineInfo_to_exitCode.log_LineInfo] 2019-05-10 22:38:55,357 [INFO] ImportTextPane:162 - (OptionalMessage_ERROR) IP (MotorControl) : Invalid parameter (OPAMP_TYPE_GAIN)
2019-05-10 22:38:55,358 DEBUG [LineInfo_to_exitCode.log_LineInfo] 2019-05-10 22:38:55,358 [INFO] ImportTextPane:162 - (OptionalMessage_ERROR) IP (MotorControl) : Invalid parameter (OPAMP1_INVERTINGINPUT_GPIO_PIN)
2019-05-10 22:38:55,358 DEBUG [LineInfo_to_exitCode.log_LineInfo] 2019-05-10 22:38:55,358 [INFO] ImportTextPane:162 - (OptionalMessage_ERROR) IP (MotorControl) : Invalid parameter (OPAMP1_INVERTINGINPUT_GPIO_PORT)
2019-05-10 22:38:55,359 DEBUG [LineInfo_to_exitCode.log_LineInfo] 2019-05-10 22:38:55,359 [INFO] ImportTextPane:162 - (OptionalMessage_ERROR) IP (MotorControl) : Invalid parameter (OPAMP1_INVERTINGINPUT_MODE)
2019-05-10 22:38:55,360 DEBUG [LineInfo_to_exitCode.log_LineInfo] 2019-05-10 22:38:55,360 [INFO] ImportTextPane:162 - (OptionalMessage_ERROR) IP (MotorControl) : Invalid parameter (OPAMP1_NONINVERTINGINPUT_PHA_GPIO_PIN)
2019-05-10 22:38:55,361 DEBUG [LineInfo_to_exitCode.log_LineInfo] 2019-05-10 22:38:55,361 [INFO] ImportTextPane:162 - (OptionalMessage_ERROR) IP (MotorControl) : Invalid parameter (OPAMP1_NONINVERTINGINPUT_PHA_GPIO_PORT)
2019-05-10 22:38:55,361 DEBUG [LineInfo_to_exitCode.log_LineInfo] 2019-05-10 22:38:55,361 [INFO] ImportTextPane:162 - (OptionalMessage_ERROR) IP (MotorControl) : Invalid parameter (OPAMP1_NONINVERTINGINPUT_PHB_GPIO_PIN)
2019-05-10 22:38:55,361 DEBUG [LineInfo_to_exitCode.log_LineInfo] 2019-05-10 22:38:55,361 [INFO] ImportTextPane:162 - (OptionalMessage_ERROR) IP (MotorControl) : Invalid parameter (OPAMP1_NONINVERTINGINPUT_PHB_GPIO_PORT)
2019-05-10 22:38:55,361 DEBUG [LineInfo_to_exitCode.log_LineInfo] 2019-05-10 22:38:55,361 [INFO] ImportTextPane:162 - (OptionalMessage_ERROR) IP (MotorControl) : Invalid parameter (OPAMP1_OUT_GPIO_PIN)
2019-05-10 22:38:55,361 DEBUG [LineInfo_to_exitCode.log_LineInfo] 2019-05-10 22:38:55,361 [INFO] ImportTextPane:162 - (OptionalMessage_ERROR) IP (MotorControl) : Invalid parameter (OPAMP1_OUT_GPIO_PORT)
2019-05-10 22:38:55,362 DEBUG [LineInfo_to_exitCode.log_LineInfo] 2019-05-10 22:38:55,362 [INFO] ImportTextPane:162 - (OptionalMessage_ERROR) IP (MotorControl) : Invalid parameter (OPAMP2_INVERTINGINPUT_GPIO_PIN)
2019-05-10 22:38:55,362 DEBUG [LineInfo_to_exitCode.log_LineInfo] 2019-05-10 22:38:55,362 [INFO] ImportTextPane:162 - (OptionalMessage_ERROR) IP (MotorControl) : Invalid parameter (OPAMP2_INVERTINGINPUT_GPIO_PORT)
2019-05-10 22:38:55,362 DEBUG [LineInfo_to_exitCode.log_LineInfo] 2019-05-10 22:38:55,362 [INFO] ImportTextPane:162 - (OptionalMessage_ERROR) IP (MotorControl) : Invalid parameter (OPAMP2_INVERTINGINPUT_MODE)
2019-05-10 22:38:55,362 DEBUG [LineInfo_to_exitCode.log_LineInfo] 2019-05-10 22:38:55,362 [INFO] ImportTextPane:162 - (OptionalMessage_ERROR) IP (MotorControl) : Invalid parameter (OPAMP2_NONINVERTINGINPUT_PHA_GPIO_PIN)
2019-05-10 22:38:55,363 DEBUG [LineInfo_to_exitCode.log_LineInfo] 2019-05-10 22:38:55,362 [INFO] ImportTextPane:162 - (OptionalMessage_ERROR) IP (MotorControl) : Invalid parameter (OPAMP2_NONINVERTINGINPUT_PHA_GPIO_PORT)
2019-05-10 22:38:55,363 DEBUG [LineInfo_to_exitCode.log_LineInfo] 2019-05-10 22:38:55,363 [INFO] ImportTextPane:162 - (OptionalMessage_ERROR) IP (MotorControl) : Invalid parameter (OPAMP2_NONINVERTINGINPUT_PHB_GPIO_PIN)
2019-05-10 22:38:55,363 DEBUG [LineInfo_to_exitCode.log_LineInfo] 2019-05-10 22:38:55,363 [INFO] ImportTextPane:162 - (OptionalMessage_ERROR) IP (MotorControl) : Invalid parameter (OPAMP2_NONINVERTINGINPUT_PHB_GPIO_PORT)
2019-05-10 22:38:55,363 DEBUG [LineInfo_to_exitCode.log_LineInfo] 2019-05-10 22:38:55,363 [INFO] ImportTextPane:162 - (OptionalMessage_ERROR) IP (MotorControl) : Invalid parameter (OPAMP2_NONINVERTINGINPUT_PHC_GPIO_PIN)
2019-05-10 22:38:55,363 DEBUG [LineInfo_to_exitCode.log_LineInfo] 2019-05-10 22:38:55,363 [INFO] ImportTextPane:162 - (OptionalMessage_ERROR) IP (MotorControl) : Invalid parameter (OPAMP2_NONINVERTINGINPUT_PHC_GPIO_PORT)
2019-05-10 22:38:55,363 DEBUG [LineInfo_to_exitCode.log_LineInfo] 2019-05-10 22:38:55,363 [INFO] ImportTextPane:162 - (OptionalMessage_ERROR) IP (MotorControl) : Invalid parameter (OPAMP2_OUT_GPIO_PIN)
2019-05-10 22:38:55,364 DEBUG [LineInfo_to_exitCode.log_LineInfo] 2019-05-10 22:38:55,364 [INFO] ImportTextPane:162 - (OptionalMessage_ERROR) IP (MotorControl) : Invalid parameter (OPAMP2_OUT_GPIO_PORT)
2019-05-10 22:38:55,367 DEBUG [LineInfo_to_exitCode.log_LineInfo] 2019-05-10 22:38:55,367 [INFO] ImportTextPane:162 - (OptionalMessage_ERROR) IP (MotorControl) : Invalid parameter (OPEN_LOOP_K)
2019-05-10 22:38:55,367 DEBUG [LineInfo_to_exitCode.log_LineInfo] 2019-05-10 22:38:55,367 [INFO] ImportTextPane:162 - (OptionalMessage_ERROR) IP (MotorControl) : Invalid parameter (OPEN_LOOP_OFF)
2019-05-10 22:38:55,368 DEBUG [LineInfo_to_exitCode.log_LineInfo] 2019-05-10 22:38:55,367 [INFO] ImportTextPane:162 - (OptionalMessage_ERROR) IP (MotorControl) : Invalid parameter (OPEN_LOOP_SPEED_RAMP_DURATION_MS)
2019-05-10 22:38:55,368 DEBUG [LineInfo_to_exitCode.log_LineInfo] 2019-05-10 22:38:55,368 [INFO] ImportTextPane:162 - (OptionalMessage_ERROR) IP (MotorControl) : Invalid parameter (OPEN_LOOP_SPEED_RPM)
2019-05-10 22:38:55,369 DEBUG [LineInfo_to_exitCode.log_LineInfo] 2019-05-10 22:38:55,369 [INFO] ImportTextPane:162 - (OptionalMessage_ERROR) IP (MotorControl) : Invalid parameter (OPEN_LOOP_VF)
2019-05-10 22:38:55,369 DEBUG [LineInfo_to_exitCode.log_LineInfo] 2019-05-10 22:38:55,369 [INFO] ImportTextPane:162 - (OptionalMessage_ERROR) IP (MotorControl) : Invalid parameter (OPEN_LOOP_VOLTAGE_d)
2019-05-10 22:38:55,369 DEBUG [LineInfo_to_exitCode.log_LineInfo] 2019-05-10 22:38:55,369 [INFO] ImportTextPane:162 - (OptionalMessage_ERROR) IP (MotorControl) : Invalid parameter (OV_CURR_BYPASS_GPIO_PIN)
2019-05-10 22:38:55,369 DEBUG [LineInfo_to_exitCode.log_LineInfo] 2019-05-10 22:38:55,369 [INFO] ImportTextPane:162 - (OptionalMessage_ERROR) IP (MotorControl) : Invalid parameter (OV_CURR_BYPASS_GPIO_PORT)
2019-05-10 22:38:55,370 DEBUG [LineInfo_to_exitCode.log_LineInfo] 2019-05-10 22:38:55,370 [INFO] ImportTextPane:162 - (OptionalMessage_ERROR) IP (MotorControl) : Invalid parameter (OVERCURR_FEEDBACK_POLARITY)
2019-05-10 22:38:55,370 DEBUG [LineInfo_to_exitCode.log_LineInfo] 2019-05-10 22:38:55,370 [INFO] ImportTextPane:162 - (OptionalMessage_ERROR) IP (MotorControl) : Invalid parameter (OVP_FILTER)
2019-05-10 22:38:55,370 DEBUG [LineInfo_to_exitCode.log_LineInfo] 2019-05-10 22:38:55,370 [INFO] ImportTextPane:162 - (OptionalMessage_ERROR) IP (MotorControl) : Invalid parameter (OVP_INVERTINGINPUT)
2019-05-10 22:38:55,370 DEBUG [LineInfo_to_exitCode.log_LineInfo] 2019-05-10 22:38:55,370 [INFO] ImportTextPane:162 - (OptionalMessage_ERROR) IP (MotorControl) : Invalid parameter (OVP_INVERTINGINPUT_GPIO_PIN)
2019-05-10 22:38:55,370 DEBUG [LineInfo_to_exitCode.log_LineInfo] 2019-05-10 22:38:55,370 [INFO] ImportTextPane:162 - (OptionalMessage_ERROR) IP (MotorControl) : Invalid parameter (OVP_INVERTINGINPUT_GPIO_PORT)
2019-05-10 22:38:55,371 DEBUG [LineInfo_to_exitCode.log_LineInfo] 2019-05-10 22:38:55,371 [INFO] ImportTextPane:162 - (OptionalMessage_ERROR) IP (MotorControl) : Invalid parameter (OVP_INVERTINGINPUT_MODE)
2019-05-10 22:38:55,371 DEBUG [LineInfo_to_exitCode.log_LineInfo] 2019-05-10 22:38:55,371 [INFO] ImportTextPane:162 - (OptionalMessage_ERROR) IP (MotorControl) : Invalid parameter (OVP_NONINVERTINGINPUT)
2019-05-10 22:38:55,371 DEBUG [LineInfo_to_exitCode.log_LineInfo] 2019-05-10 22:38:55,371 [INFO] ImportTextPane:162 - (OptionalMessage_ERROR) IP (MotorControl) : Invalid parameter (OVP_NONINVERTINGINPUT_GPIO_PIN)
2019-05-10 22:38:55,371 DEBUG [LineInfo_to_exitCode.log_LineInfo] 2019-05-10 22:38:55,371 [INFO] ImportTextPane:162 - (OptionalMessage_ERROR) IP (MotorControl) : Invalid parameter (OVP_NONINVERTINGINPUT_GPIO_PORT)
2019-05-10 22:38:55,371 DEBUG [LineInfo_to_exitCode.log_LineInfo] 2019-05-10 22:38:55,371 [INFO] ImportTextPane:162 - (OptionalMessage_ERROR) IP (MotorControl) : Invalid parameter (OVP_OUTPUT)
2019-05-10 22:38:55,372 DEBUG [LineInfo_to_exitCode.log_LineInfo] 2019-05-10 22:38:55,372 [INFO] ImportTextPane:162 - (OptionalMessage_ERROR) IP (MotorControl) : Invalid parameter (OVP_OUTPUT_GPIO_AF)
2019-05-10 22:38:55,372 DEBUG [LineInfo_to_exitCode.log_LineInfo] 2019-05-10 22:38:55,372 [INFO] ImportTextPane:162 - (OptionalMessage_ERROR) IP (MotorControl) : Invalid parameter (OVP_OUTPUT_GPIO_PIN)
2019-05-10 22:38:55,372 DEBUG [LineInfo_to_exitCode.log_LineInfo] 2019-05-10 22:38:55,372 [INFO] ImportTextPane:162 - (OptionalMessage_ERROR) IP (MotorControl) : Invalid parameter (OVP_OUTPUT_GPIO_PORT)
2019-05-10 22:38:55,373 DEBUG [LineInfo_to_exitCode.log_LineInfo] 2019-05-10 22:38:55,372 [INFO] ImportTextPane:162 - (OptionalMessage_ERROR) IP (MotorControl) : Invalid parameter (OVP_OUTPUT_MODE)
2019-05-10 22:38:55,374 DEBUG [LineInfo_to_exitCode.log_LineInfo] 2019-05-10 22:38:55,373 [INFO] ImportTextPane:162 - (OptionalMessage_ERROR) IP (MotorControl) : Invalid parameter (OVP_OUTPUTPOL)
2019-05-10 22:38:55,375 DEBUG [LineInfo_to_exitCode.log_LineInfo] 2019-05-10 22:38:55,375 [INFO] ImportTextPane:162 - (OptionalMessage_ERROR) IP (MotorControl) : Invalid parameter (OVP_SELECTION)
2019-05-10 22:38:55,375 DEBUG [LineInfo_to_exitCode.log_LineInfo] 2019-05-10 22:38:55,375 [INFO] ImportTextPane:162 - (OptionalMessage_ERROR) IP (MotorControl) : Invalid parameter (PHASE_CURRENTS_ADC)
2019-05-10 22:38:55,376 DEBUG [LineInfo_to_exitCode.log_LineInfo] 2019-05-10 22:38:55,376 [INFO] ImportTextPane:162 - (OptionalMessage_ERROR) IP (MotorControl) : Invalid parameter (PHASE_CURRENTS_GPIO_PIN)
2019-05-10 22:38:55,377 DEBUG [LineInfo_to_exitCode.log_LineInfo] 2019-05-10 22:38:55,377 [INFO] ImportTextPane:162 - (OptionalMessage_ERROR) IP (MotorControl) : Invalid parameter (PHASE_CURRENTS_GPIO_PORT)
2019-05-10 22:38:55,377 DEBUG [LineInfo_to_exitCode.log_LineInfo] 2019-05-10 22:38:55,377 [INFO] ImportTextPane:162 - (OptionalMessage_ERROR) IP (MotorControl) : Invalid parameter (PHASE_U_CURR_ADC)
2019-05-10 22:38:55,377 DEBUG [LineInfo_to_exitCode.log_LineInfo] 2019-05-10 22:38:55,377 [INFO] ImportTextPane:162 - (OptionalMessage_ERROR) IP (MotorControl) : Invalid parameter (PHASE_U_GPIO_PIN)
2019-05-10 22:38:55,377 DEBUG [LineInfo_to_exitCode.log_LineInfo] 2019-05-10 22:38:55,377 [INFO] ImportTextPane:162 - (OptionalMessage_ERROR) IP (MotorControl) : Invalid parameter (PHASE_U_GPIO_PORT)
2019-05-10 22:38:55,378 DEBUG [LineInfo_to_exitCode.log_LineInfo] 2019-05-10 22:38:55,377 [INFO] ImportTextPane:162 - (OptionalMessage_ERROR) IP (MotorControl) : Invalid parameter (PHASE_UH_GPIO_AF)
2019-05-10 22:38:55,378 DEBUG [LineInfo_to_exitCode.log_LineInfo] 2019-05-10 22:38:55,377 [INFO] ImportTextPane:162 - (OptionalMessage_ERROR) IP (MotorControl) : Invalid parameter (PHASE_UH_GPIO_PIN)
2019-05-10 22:38:55,378 DEBUG [LineInfo_to_exitCode.log_LineInfo] 2019-05-10 22:38:55,378 [INFO] ImportTextPane:162 - (OptionalMessage_ERROR) IP (MotorControl) : Invalid parameter (PHASE_UH_GPIO_PORT)
2019-05-10 22:38:55,378 DEBUG [LineInfo_to_exitCode.log_LineInfo] 2019-05-10 22:38:55,378 [INFO] ImportTextPane:162 - (OptionalMessage_ERROR) IP (MotorControl) : Invalid parameter (PHASE_UH_POLARITY)
2019-05-10 22:38:55,378 DEBUG [LineInfo_to_exitCode.log_LineInfo] 2019-05-10 22:38:55,378 [INFO] ImportTextPane:162 - (OptionalMessage_ERROR) IP (MotorControl) : Invalid parameter (PHASE_UL_GPIO_AF)
2019-05-10 22:38:55,378 DEBUG [LineInfo_to_exitCode.log_LineInfo] 2019-05-10 22:38:55,378 [INFO] ImportTextPane:162 - (OptionalMessage_ERROR) IP (MotorControl) : Invalid parameter (PHASE_UL_GPIO_PIN)
2019-05-10 22:38:55,378 DEBUG [LineInfo_to_exitCode.log_LineInfo] 2019-05-10 22:38:55,378 [INFO] ImportTextPane:162 - (OptionalMessage_ERROR) IP (MotorControl) : Invalid parameter (PHASE_UL_GPIO_PORT)
2019-05-10 22:38:55,378 DEBUG [LineInfo_to_exitCode.log_LineInfo] 2019-05-10 22:38:55,378 [INFO] ImportTextPane:162 - (OptionalMessage_ERROR) IP (MotorControl) : Invalid parameter (PHASE_UL_POLARITY)
2019-05-10 22:38:55,379 DEBUG [LineInfo_to_exitCode.log_LineInfo] 2019-05-10 22:38:55,379 [INFO] ImportTextPane:162 - (OptionalMessage_ERROR) IP (MotorControl) : Invalid parameter (PHASE_V_CURR_ADC)
2019-05-10 22:38:55,379 DEBUG [LineInfo_to_exitCode.log_LineInfo] 2019-05-10 22:38:55,379 [INFO] ImportTextPane:162 - (OptionalMessage_ERROR) IP (MotorControl) : Invalid parameter (PHASE_V_GPIO_PIN)
2019-05-10 22:38:55,379 DEBUG [LineInfo_to_exitCode.log_LineInfo] 2019-05-10 22:38:55,379 [INFO] ImportTextPane:162 - (OptionalMessage_ERROR) IP (MotorControl) : Invalid parameter (PHASE_V_GPIO_PORT)
2019-05-10 22:38:55,379 DEBUG [LineInfo_to_exitCode.log_LineInfo] 2019-05-10 22:38:55,379 [INFO] ImportTextPane:162 - (OptionalMessage_ERROR) IP (MotorControl) : Invalid parameter (PHASE_VH_GPIO_AF)
2019-05-10 22:38:55,379 DEBUG [LineInfo_to_exitCode.log_LineInfo] 2019-05-10 22:38:55,379 [INFO] ImportTextPane:162 - (OptionalMessage_ERROR) IP (MotorControl) : Invalid parameter (PHASE_VH_GPIO_PIN)
2019-05-10 22:38:55,379 DEBUG [LineInfo_to_exitCode.log_LineInfo] 2019-05-10 22:38:55,379 [INFO] ImportTextPane:162 - (OptionalMessage_ERROR) IP (MotorControl) : Invalid parameter (PHASE_VH_GPIO_PORT)
2019-05-10 22:38:55,380 DEBUG [LineInfo_to_exitCode.log_LineInfo] 2019-05-10 22:38:55,379 [INFO] ImportTextPane:162 - (OptionalMessage_ERROR) IP (MotorControl) : Invalid parameter (PHASE_VH_POLARITY)
2019-05-10 22:38:55,380 DEBUG [LineInfo_to_exitCode.log_LineInfo] 2019-05-10 22:38:55,380 [INFO] ImportTextPane:162 - (OptionalMessage_ERROR) IP (MotorControl) : Invalid parameter (PHASE_VL_GPIO_AF)
2019-05-10 22:38:55,380 DEBUG [LineInfo_to_exitCode.log_LineInfo] 2019-05-10 22:38:55,380 [INFO] ImportTextPane:162 - (OptionalMessage_ERROR) IP (MotorControl) : Invalid parameter (PHASE_VL_GPIO_PIN)
2019-05-10 22:38:55,380 DEBUG [LineInfo_to_exitCode.log_LineInfo] 2019-05-10 22:38:55,380 [INFO] ImportTextPane:162 - (OptionalMessage_ERROR) IP (MotorControl) : Invalid parameter (PHASE_VL_GPIO_PORT)
2019-05-10 22:38:55,381 DEBUG [LineInfo_to_exitCode.log_LineInfo] 2019-05-10 22:38:55,381 [INFO] ImportTextPane:162 - (OptionalMessage_ERROR) IP (MotorControl) : Invalid parameter (PHASE_VL_POLARITY)
2019-05-10 22:38:55,381 DEBUG [LineInfo_to_exitCode.log_LineInfo] 2019-05-10 22:38:55,381 [INFO] ImportTextPane:162 - (OptionalMessage_ERROR) IP (MotorControl) : Invalid parameter (PHASE_W_CURR_ADC)
2019-05-10 22:38:55,381 DEBUG [LineInfo_to_exitCode.log_LineInfo] 2019-05-10 22:38:55,381 [INFO] ImportTextPane:162 - (OptionalMessage_ERROR) IP (MotorControl) : Invalid parameter (PHASE_W_GPIO_PIN)
2019-05-10 22:38:55,381 DEBUG [LineInfo_to_exitCode.log_LineInfo] 2019-05-10 22:38:55,381 [INFO] ImportTextPane:162 - (OptionalMessage_ERROR) IP (MotorControl) : Invalid parameter (PHASE_W_GPIO_PORT)
2019-05-10 22:38:55,381 DEBUG [LineInfo_to_exitCode.log_LineInfo] 2019-05-10 22:38:55,381 [INFO] ImportTextPane:162 - (OptionalMessage_ERROR) IP (MotorControl) : Invalid parameter (PHASE_WH_GPIO_AF)
2019-05-10 22:38:55,381 DEBUG [LineInfo_to_exitCode.log_LineInfo] 2019-05-10 22:38:55,381 [INFO] ImportTextPane:162 - (OptionalMessage_ERROR) IP (MotorControl) : Invalid parameter (PHASE_WH_GPIO_PIN)
2019-05-10 22:38:55,382 DEBUG [LineInfo_to_exitCode.log_LineInfo] 2019-05-10 22:38:55,381 [INFO] ImportTextPane:162 - (OptionalMessage_ERROR) IP (MotorControl) : Invalid parameter (PHASE_WH_GPIO_PORT)
2019-05-10 22:38:55,382 DEBUG [LineInfo_to_exitCode.log_LineInfo] 2019-05-10 22:38:55,381 [INFO] ImportTextPane:162 - (OptionalMessage_ERROR) IP (MotorControl) : Invalid parameter (PHASE_WH_POLARITY)
2019-05-10 22:38:55,382 DEBUG [LineInfo_to_exitCode.log_LineInfo] 2019-05-10 22:38:55,381 [INFO] ImportTextPane:162 - (OptionalMessage_ERROR) IP (MotorControl) : Invalid parameter (PHASE_WL_GPIO_AF)
2019-05-10 22:38:55,382 DEBUG [LineInfo_to_exitCode.log_LineInfo] 2019-05-10 22:38:55,382 [INFO] ImportTextPane:162 - (OptionalMessage_ERROR) IP (MotorControl) : Invalid parameter (PHASE_WL_GPIO_PIN)
2019-05-10 22:38:55,382 DEBUG [LineInfo_to_exitCode.log_LineInfo] 2019-05-10 22:38:55,382 [INFO] ImportTextPane:162 - (OptionalMessage_ERROR) IP (MotorControl) : Invalid parameter (PHASE_WL_GPIO_PORT)
2019-05-10 22:38:55,382 DEBUG [LineInfo_to_exitCode.log_LineInfo] 2019-05-10 22:38:55,382 [INFO] ImportTextPane:162 - (OptionalMessage_ERROR) IP (MotorControl) : Invalid parameter (PHASE_WL_POLARITY)
2019-05-10 22:38:55,382 DEBUG [LineInfo_to_exitCode.log_LineInfo] 2019-05-10 22:38:55,382 [INFO] ImportTextPane:162 - (OptionalMessage_ERROR) IP (MotorControl) : Invalid parameter (PWM_TIMER_REMAPPING)
2019-05-10 22:38:55,382 DEBUG [LineInfo_to_exitCode.log_LineInfo] 2019-05-10 22:38:55,382 [INFO] ImportTextPane:162 - (OptionalMessage_ERROR) IP (MotorControl) : Invalid parameter (R_BRAKE_GPIO_PIN)
2019-05-10 22:38:55,382 DEBUG [LineInfo_to_exitCode.log_LineInfo] 2019-05-10 22:38:55,382 [INFO] ImportTextPane:162 - (OptionalMessage_ERROR) IP (MotorControl) : Invalid parameter (R_BRAKE_GPIO_PORT)
2019-05-10 22:38:55,382 DEBUG [LineInfo_to_exitCode.log_LineInfo] 2019-05-10 22:38:55,382 [INFO] ImportTextPane:162 - (OptionalMessage_ERROR) IP (MotorControl) : Invalid parameter (SPD_DIFFERENTIAL_TERM_ENABLING)
2019-05-10 22:38:55,382 DEBUG [LineInfo_to_exitCode.log_LineInfo] 2019-05-10 22:38:55,382 [INFO] ImportTextPane:162 - (OptionalMessage_ERROR) IP (MotorControl) : Invalid parameter (START_STOP_POLARITY)
2019-05-10 22:38:55,383 DEBUG [LineInfo_to_exitCode.log_LineInfo] 2019-05-10 22:38:55,382 [INFO] ImportTextPane:162 - (OptionalMessage_ERROR) IP (MotorControl) : Invalid parameter (START_STOP_POLARITY_EDGE)
2019-05-10 22:38:55,383 DEBUG [LineInfo_to_exitCode.log_LineInfo] 2019-05-10 22:38:55,383 [INFO] ImportTextPane:162 - (OptionalMessage_ERROR) IP (MotorControl) : Invalid parameter (STM32F302X8)
2019-05-10 22:38:55,383 DEBUG [LineInfo_to_exitCode.log_LineInfo] 2019-05-10 22:38:55,383 [INFO] ImportTextPane:162 - (OptionalMessage_ERROR) IP (MotorControl) : Invalid parameter (TEMP_FDBK_GPIO_PIN)
2019-05-10 22:38:55,383 DEBUG [LineInfo_to_exitCode.log_LineInfo] 2019-05-10 22:38:55,383 [INFO] ImportTextPane:162 - (OptionalMessage_ERROR) IP (MotorControl) : Invalid parameter (TEMP_FDBK_GPIO_PORT)
2019-05-10 22:38:55,383 DEBUG [LineInfo_to_exitCode.log_LineInfo] 2019-05-10 22:38:55,383 [INFO] ImportTextPane:162 - (OptionalMessage_ERROR) IP (MotorControl) : Invalid parameter (TFDIFFERENTIAL_TERM_ENABLING)
2019-05-10 22:38:55,383 DEBUG [LineInfo_to_exitCode.log_LineInfo] 2019-05-10 22:38:55,383 [INFO] ImportTextPane:162 - (OptionalMessage_ERROR) IP (MotorControl) : Invalid parameter (USART_REMAPPING)
2019-05-10 22:38:55,383 DEBUG [LineInfo_to_exitCode.log_LineInfo] 2019-05-10 22:38:55,383 [INFO] ImportTextPane:162 - (OptionalMessage_ERROR) IP (MotorControl) : Invalid parameter (USART_RX_GPIO_PIN)
2019-05-10 22:38:55,383 DEBUG [LineInfo_to_exitCode.log_LineInfo] 2019-05-10 22:38:55,383 [INFO] ImportTextPane:162 - (OptionalMessage_ERROR) IP (MotorControl) : Invalid parameter (USART_RX_GPIO_PORT)
2019-05-10 22:38:55,383 DEBUG [LineInfo_to_exitCode.log_LineInfo] 2019-05-10 22:38:55,383 [INFO] ImportTextPane:162 - (OptionalMessage_ERROR) IP (MotorControl) : Invalid parameter (USART_SPEED)
2019-05-10 22:38:55,383 DEBUG [LineInfo_to_exitCode.log_LineInfo] 2019-05-10 22:38:55,383 [INFO] ImportTextPane:162 - (OptionalMessage_ERROR) IP (MotorControl) : Invalid parameter (USART_TX_GPIO_PIN)
2019-05-10 22:38:55,384 DEBUG [LineInfo_to_exitCode.log_LineInfo] 2019-05-10 22:38:55,383 [INFO] ImportTextPane:162 - (OptionalMessage_ERROR) IP (MotorControl) : Invalid parameter (USART_TX_GPIO_PORT)
2019-05-10 22:38:55,384 DEBUG [LineInfo_to_exitCode.log_LineInfo] 2019-05-10 22:38:55,384 [INFO] ImportTextPane:162 - (OptionalMessage_ERROR) IP (MotorControl) : Invalid parameter (VBUS_GPIO_PIN)
2019-05-10 22:38:55,384 DEBUG [LineInfo_to_exitCode.log_LineInfo] 2019-05-10 22:38:55,384 [INFO] ImportTextPane:162 - (OptionalMessage_ERROR) IP (MotorControl) : Invalid parameter (VBUS_GPIO_PORT)
2019-05-10 22:38:55,384 DEBUG [LineInfo_to_exitCode.log_LineInfo] 2019-05-10 22:38:55,384 [INFO] ImportTextPane:162 - (OptionalMessage_ERROR) IP (MotorControl) : Invalid parameter (WB_to_Mx_template_version)
2019-05-10 22:38:55,384 DEBUG [LineInfo_to_exitCode.log_LineInfo] 2019-05-10 22:38:55,384 [INFO] ImportTextPane:162 - (OptionalMessage_ERROR) IP (MotorControl) : Invalid parameter (WB_to_Mx_version)
2019-05-10 22:38:55,385 DEBUG [LineInfo_to_exitCode.log_LineInfo] 2019-05-10 22:38:55,385 [INFO] ImportTextPane:162 - (OptionalMessage_ERROR) IP (RCC) : Invalid parameter (FamilyName)
2019-05-10 22:38:55,386 DEBUG [LineInfo_to_exitCode.log_LineInfo] 2019-05-10 22:38:55,386 [INFO] ImportTextPane:162 - (OptionalMessage_ERROR) IP (RCC) : Invalid parameter (TIM2Freq_Value)
2019-05-10 22:38:55,387 DEBUG [LineInfo_to_exitCode.log_LineInfo] 2019-05-10 22:38:55,386 [INFO] ImportTextPane:162 - (OptionalMessage_ERROR) IP (RCC) : Parameter (USBFreq_Value) has invalid value (72000000)
2019-05-10 22:38:55,444 DEBUG [LineInfo_to_exitCode.log_LineInfo] 2019-05-10 22:38:55,443 [INFO] ImportTextPane:162 - (OptionalMessage_ERROR) IP (TIM1) : Parameter (Pulse) has Id (PWM Generation5 No Output) currently not set
2019-05-10 22:38:55,444 DEBUG [LineInfo_to_exitCode.log_LineInfo] 2019-05-10 22:38:55,444 [INFO] ImportTextPane:162 - (OptionalMessage_ERROR) IP (TIM1) : Parameter (Pulse) has Id (PWM Generation6 No Output) currently not set
2019-05-10 22:38:55,580 DEBUG [LineInfo_to_exitCode.log_LineInfo] 2019-05-10 22:38:55,580 [INFO] UtilMem:74 - End LoadConfig() Used Memory: 326227952 Bytes (1006632960)
2019-05-10 22:38:55,678 DEBUG [LineInfo_to_exitCode.log_LineInfo] 2019-05-10 22:38:55,677 [INFO] ThirdPartyDb:263 - Close Third Party DataBase File (C:/Users/watashi/.stm32cubemx/plugins/thirdparty/db/thirdparties_db.xml)
2019-05-10 22:38:55,696 DEBUG [LineInfo_to_exitCode.log_LineInfo] 2019-05-10 22:38:55,695 [INFO] ThirdPartyDb:293 - Open Third Party DataBase File (C:/Users/watashi/.stm32cubemx/plugins/thirdparty/db/thirdparties_db.xml) : 1 ms. number of Sw pack : 4
2019-05-10 22:38:55,696 DEBUG [LineInfo_to_exitCode.log_LineInfo] 2019-05-10 22:38:55,695 [INFO] ThirdPartyDb:263 - Close Third Party DataBase File (C:/Users/watashi/.stm32cubemx/plugins/thirdparty/db/thirdparties_db.xml)
2019-05-10 22:38:55,709 DEBUG [LineInfo_to_exitCode.log_LineInfo] 2019-05-10 22:38:55,709 [INFO] IntegrityCheckThread:94 - End integrity checks thread
2019-05-10 22:38:55,745 DEBUG [LineInfo_to_exitCode.log_LineInfo] 2019-05-10 22:38:55,744 [INFO] ThirdParty:1207 - CMSIS Pack Vendor :STMicroelectronics BlueNRG-MS 1.0.0
2019-05-10 22:38:55,745 DEBUG [LineInfo_to_exitCode.log_LineInfo] 2019-05-10 22:38:55,745 [INFO] ThirdParty:1207 - CMSIS Pack Vendor :STMicroelectronics X-CUBE-BLE1 1.1.0
2019-05-10 22:38:55,745 DEBUG [LineInfo_to_exitCode.log_LineInfo] 2019-05-10 22:38:55,745 [INFO] ThirdParty:1207 - CMSIS Pack Vendor :STMicroelectronics X-CUBE-MEMS1 5.1.0
2019-05-10 22:38:55,745 DEBUG [LineInfo_to_exitCode.log_LineInfo] 2019-05-10 22:38:55,745 [INFO] ThirdParty:1207 - CMSIS Pack Vendor :STMicroelectronics X-CUBE-MEMS1 5.2.1
2019-05-10 22:38:55,892 DEBUG [LineInfo_to_exitCode.log_LineInfo] 2019-05-10 22:38:55,892 [INFO] PinOutPanel:1361 - setPackage(No Configuration,No Configuration)
2019-05-10 22:38:55,893 DEBUG [LineInfo_to_exitCode.log_LineInfo] 2019-05-10 22:38:55,893 [INFO] PinOutPanel:1361 - setPackage(STM32F302R8Tx,LQFP64)
2019-05-10 22:38:56,285 DEBUG [LineInfo_to_exitCode.log_LineInfo] 2019-05-10 22:38:56,285 [INFO] UtilMem:74 - Before build in PCC Used Memory: 469906440 Bytes (1006632960)
2019-05-10 22:38:56,515 DEBUG [LineInfo_to_exitCode.log_LineInfo] 2019-05-10 22:38:56,514 [INFO] SharedServices:71 - Folder for power plug-in: C:/Users/watashi/.stm32cubemx/plugins/power
2019-05-10 22:38:56,515 DEBUG [LineInfo_to_exitCode.log_LineInfo] 2019-05-10 22:38:56,515 [INFO] UtilMem:74 - After build in PCC Used Memory: 483385728 Bytes (1006632960)
2019-05-10 22:38:56,716 DEBUG [LineInfo_to_exitCode.log_LineInfo] 2019-05-10 22:38:56,715 [INFO] OpenFileManager:289 - Restore cursor
2019-05-10 22:38:56,743 DEBUG [LineInfo_to_exitCode.log_LineInfo] 2019-05-10 22:38:56,743 [INFO] DbMcusXml:106 - Load MCU database from C:\Program Files\STMicroelectronics\STM32Cube\STM32CubeMX\\db\/mcu/families.xml
2019-05-10 22:38:57,167 DEBUG [LineInfo_to_exitCode.log_LineInfo] 2019-05-10 22:38:57,167 [INFO] UtilMem:74 - End SaveConfig() Used Memory: 166364464 Bytes (1384644608)
2019-05-10 22:38:57,290 DEBUG [LineInfo_to_exitCode.log_LineInfo] 2019-05-10 22:38:57,290 [INFO] DbMcusJson:87 - JSON generation date=Thu May 02 22:08:30 JST 2019 (1556802510)
2019-05-10 22:38:57,353 DEBUG [LineInfo_to_exitCode.log_LineInfo] 2019-05-10 22:38:57,353 [INFO] BlockDiagram:1879 - set Specific Code input for plugin: NVIC
2019-05-10 22:38:57,353 DEBUG [LineInfo_to_exitCode.log_LineInfo] 2019-05-10 22:38:57,353 [INFO] BlockDiagram:1879 - set Specific Code input for plugin: MotorControl
2019-05-10 22:38:57,353 DEBUG [LineInfo_to_exitCode.log_LineInfo] 2019-05-10 22:38:57,353 [INFO] BlockDiagram:1879 - set Specific Code input for plugin: USART
2019-05-10 22:38:57,353 DEBUG [LineInfo_to_exitCode.log_LineInfo] 2019-05-10 22:38:57,353 [INFO] BlockDiagram:1879 - set Specific Code input for plugin: TIM1_8F3
2019-05-10 22:38:57,353 DEBUG [LineInfo_to_exitCode.log_LineInfo] 2019-05-10 22:38:57,353 [INFO] BlockDiagram:1879 - set Specific Code input for plugin: DAC
2019-05-10 22:38:57,353 DEBUG [LineInfo_to_exitCode.log_LineInfo] 2019-05-10 22:38:57,353 [INFO] BlockDiagram:1879 - set Specific Code input for plugin: SYS
2019-05-10 22:38:57,353 DEBUG [LineInfo_to_exitCode.log_LineInfo] 2019-05-10 22:38:57,353 [INFO] BlockDiagram:1879 - set Specific Code input for plugin: ADC
2019-05-10 22:38:57,353 DEBUG [LineInfo_to_exitCode.log_LineInfo] 2019-05-10 22:38:57,353 [INFO] BlockDiagram:1879 - set Specific Code input for plugin: RCC
2019-05-10 22:38:57,355 DEBUG [LineInfo_to_exitCode.log_LineInfo] 2019-05-10 22:38:57,354 [INFO] CodeGenerator:572 - code generatio: config db path: C:\Program Files\STMicroelectronics\STM32Cube\STM32CubeMX\\db\
2019-05-10 22:38:57,694 DEBUG [LineInfo_to_exitCode.log_LineInfo] 2019-05-10 22:38:57,693 [INFO] CodeEngine:190 - oldGeneratedFile, C:\Users\watashi\A2212 930KV\MXTmpFiles\license.tmp_save
2019-05-10 22:38:57,989 DEBUG [LineInfo_to_exitCode.log_LineInfo] 2019-05-10 22:38:57,989 [INFO] CodeEngine:208 - Generated code: C:\Users\watashi\A2212 930KV\MXTmpFiles\license.tmp
2019-05-10 22:38:58,067 DEBUG [LineInfo_to_exitCode.log_LineInfo] 2019-05-10 22:38:58,067 [INFO] DbMcus:192 - Found 1486 MCUs (1445 are supported by CubeMX, 1445 are visible in CubeMX)
2019-05-10 22:38:58,067 DEBUG [LineInfo_to_exitCode.log_LineInfo] 2019-05-10 22:38:58,067 [INFO] ApiDb:158 - Load user favorites file C:\Users\watashi/.stm32cubemx/favorites.mcus.txt: 0 item(s)
2019-05-10 22:38:58,068 DEBUG [LineInfo_to_exitCode.log_LineInfo] 2019-05-10 22:38:58,067 [INFO] ApiDb:163 - User favorites MCUs=[]
2019-05-10 22:38:58,068 DEBUG [LineInfo_to_exitCode.log_LineInfo] 2019-05-10 22:38:58,068 [INFO] DbMcus:203 - Set 0 / 0 favorites MCUs
2019-05-10 22:38:58,106 DEBUG [LineInfo_to_exitCode.log_LineInfo] 2019-05-10 22:38:58,106 [INFO] CodeEngine:190 - oldGeneratedFile, C:\Users\watashi\A2212 930KV\MXTmpFiles\gpio.tmp_save
2019-05-10 22:38:58,173 DEBUG [LineInfo_to_exitCode.log_LineInfo] 2019-05-10 22:38:58,173 [INFO] CodeEngine:208 - Generated code: C:\Users\watashi\A2212 930KV\MXTmpFiles\gpio.tmp
2019-05-10 22:38:58,500 DEBUG [LineInfo_to_exitCode.log_LineInfo] 2019-05-10 22:38:58,500 [INFO] ApiDbMcu:444 - Load IP Config File for MotorControl
2019-05-10 22:38:58,512 DEBUG [LineInfo_to_exitCode.log_LineInfo] 2019-05-10 22:38:58,512 [INFO] Middleware:985 - No code input for Bsp Dependency
2019-05-10 22:38:58,550 DEBUG [LineInfo_to_exitCode.log_LineInfo] 2019-05-10 22:38:58,550 [INFO] CodeEngine:190 - oldGeneratedFile, C:\Users\watashi\A2212 930KV\Src\motorcontrol.c_save
2019-05-10 22:38:58,600 INFO  [LineInfo_to_exitCode.log_LineInfo] Generated code: C:\Users\watashi\A2212 930KV\Src\motorcontrol.c
2019-05-10 22:38:58,621 DEBUG [LineInfo_to_exitCode.log_LineInfo] 2019-05-10 22:38:58,620 [INFO] CodeEngine:190 - oldGeneratedFile, C:\Users\watashi\A2212 930KV\Inc\motorcontrol.h_save
2019-05-10 22:38:58,679 INFO  [LineInfo_to_exitCode.log_LineInfo] Generated code: C:\Users\watashi\A2212 930KV\Inc\motorcontrol.h
2019-05-10 22:38:58,705 DEBUG [LineInfo_to_exitCode.log_LineInfo] 2019-05-10 22:38:58,705 [INFO] CodeEngine:190 - oldGeneratedFile, C:\Users\watashi\A2212 930KV\Inc\drive_parameters.h_save
2019-05-10 22:38:58,790 INFO  [LineInfo_to_exitCode.log_LineInfo] Generated code: C:\Users\watashi\A2212 930KV\Inc\drive_parameters.h
2019-05-10 22:38:58,826 DEBUG [LineInfo_to_exitCode.log_LineInfo] 2019-05-10 22:38:58,826 [INFO] CodeEngine:190 - oldGeneratedFile, C:\Users\watashi\A2212 930KV\Inc\mc_tasks.h_save
2019-05-10 22:38:58,879 INFO  [LineInfo_to_exitCode.log_LineInfo] Generated code: C:\Users\watashi\A2212 930KV\Inc\mc_tasks.h
2019-05-10 22:38:58,909 DEBUG [LineInfo_to_exitCode.log_LineInfo] 2019-05-10 22:38:58,909 [INFO] CodeEngine:190 - oldGeneratedFile, C:\Users\watashi\A2212 930KV\Src\mc_api.c_save
2019-05-10 22:38:58,971 INFO  [LineInfo_to_exitCode.log_LineInfo] Generated code: C:\Users\watashi\A2212 930KV\Src\mc_api.c
2019-05-10 22:38:58,997 DEBUG [LineInfo_to_exitCode.log_LineInfo] 2019-05-10 22:38:58,996 [INFO] CodeEngine:190 - oldGeneratedFile, C:\Users\watashi\A2212 930KV\Src\motor_control_protocol.c_save
2019-05-10 22:38:59,056 INFO  [LineInfo_to_exitCode.log_LineInfo] Generated code: C:\Users\watashi\A2212 930KV\Src\motor_control_protocol.c
2019-05-10 22:38:59,089 DEBUG [LineInfo_to_exitCode.log_LineInfo] 2019-05-10 22:38:59,089 [INFO] CodeEngine:190 - oldGeneratedFile, C:\Users\watashi\A2212 930KV\Inc\mc_api.h_save
2019-05-10 22:38:59,138 INFO  [LineInfo_to_exitCode.log_LineInfo] Generated code: C:\Users\watashi\A2212 930KV\Inc\mc_api.h
2019-05-10 22:38:59,161 DEBUG [LineInfo_to_exitCode.log_LineInfo] 2019-05-10 22:38:59,160 [INFO] CodeEngine:190 - oldGeneratedFile, C:\Users\watashi\A2212 930KV\Src\mc_config.c_save
2019-05-10 22:38:59,236 INFO  [LineInfo_to_exitCode.log_LineInfo] Generated code: C:\Users\watashi\A2212 930KV\Src\mc_config.c
2019-05-10 22:38:59,257 DEBUG [LineInfo_to_exitCode.log_LineInfo] 2019-05-10 22:38:59,257 [INFO] CodeEngine:190 - oldGeneratedFile, C:\Users\watashi\A2212 930KV\Inc\mc_config.h_save
2019-05-10 22:38:59,303 INFO  [LineInfo_to_exitCode.log_LineInfo] Generated code: C:\Users\watashi\A2212 930KV\Inc\mc_config.h
2019-05-10 22:38:59,321 DEBUG [LineInfo_to_exitCode.log_LineInfo] 2019-05-10 22:38:59,321 [INFO] CodeEngine:190 - oldGeneratedFile, C:\Users\watashi\A2212 930KV\Inc\mc_stm_types.h_save
2019-05-10 22:38:59,366 INFO  [LineInfo_to_exitCode.log_LineInfo] Generated code: C:\Users\watashi\A2212 930KV\Inc\mc_stm_types.h
2019-05-10 22:38:59,390 DEBUG [LineInfo_to_exitCode.log_LineInfo] 2019-05-10 22:38:59,390 [INFO] CodeEngine:190 - oldGeneratedFile, C:\Users\watashi\A2212 930KV\Src\mc_tasks.c_save
2019-05-10 22:38:59,472 INFO  [LineInfo_to_exitCode.log_LineInfo] Generated code: C:\Users\watashi\A2212 930KV\Src\mc_tasks.c
2019-05-10 22:38:59,500 DEBUG [LineInfo_to_exitCode.log_LineInfo] 2019-05-10 22:38:59,499 [INFO] CodeEngine:190 - oldGeneratedFile, C:\Users\watashi\A2212 930KV\Src\regular_conversion_manager.c_save
2019-05-10 22:38:59,550 INFO  [LineInfo_to_exitCode.log_LineInfo] Generated code: C:\Users\watashi\A2212 930KV\Src\regular_conversion_manager.c
2019-05-10 22:38:59,570 DEBUG [LineInfo_to_exitCode.log_LineInfo] 2019-05-10 22:38:59,570 [INFO] CodeEngine:190 - oldGeneratedFile, C:\Users\watashi\A2212 930KV\Inc\regular_conversion_manager.h_save
2019-05-10 22:38:59,608 INFO  [LineInfo_to_exitCode.log_LineInfo] Generated code: C:\Users\watashi\A2212 930KV\Inc\regular_conversion_manager.h
2019-05-10 22:38:59,628 DEBUG [LineInfo_to_exitCode.log_LineInfo] 2019-05-10 22:38:59,628 [INFO] CodeEngine:190 - oldGeneratedFile, C:\Users\watashi\A2212 930KV\Inc\parameters_conversion.h_save
2019-05-10 22:38:59,732 INFO  [LineInfo_to_exitCode.log_LineInfo] Generated code: C:\Users\watashi\A2212 930KV\Inc\parameters_conversion.h
2019-05-10 22:38:59,760 DEBUG [LineInfo_to_exitCode.log_LineInfo] 2019-05-10 22:38:59,759 [INFO] CodeEngine:190 - oldGeneratedFile, C:\Users\watashi\A2212 930KV\Inc\parameters_conversion_f30x.h_save
2019-05-10 22:38:59,801 INFO  [LineInfo_to_exitCode.log_LineInfo] Generated code: C:\Users\watashi\A2212 930KV\Inc\parameters_conversion_f30x.h
2019-05-10 22:38:59,819 DEBUG [LineInfo_to_exitCode.log_LineInfo] 2019-05-10 22:38:59,819 [INFO] CodeEngine:190 - oldGeneratedFile, C:\Users\watashi\A2212 930KV\Inc\pmsm_motor_parameters.h_save
2019-05-10 22:38:59,857 INFO  [LineInfo_to_exitCode.log_LineInfo] Generated code: C:\Users\watashi\A2212 930KV\Inc\pmsm_motor_parameters.h
2019-05-10 22:38:59,875 DEBUG [LineInfo_to_exitCode.log_LineInfo] 2019-05-10 22:38:59,874 [INFO] CodeEngine:190 - oldGeneratedFile, C:\Users\watashi\A2212 930KV\Inc\power_stage_parameters.h_save
2019-05-10 22:38:59,910 INFO  [LineInfo_to_exitCode.log_LineInfo] Generated code: C:\Users\watashi\A2212 930KV\Inc\power_stage_parameters.h
2019-05-10 22:38:59,927 DEBUG [LineInfo_to_exitCode.log_LineInfo] 2019-05-10 22:38:59,926 [INFO] CodeEngine:190 - oldGeneratedFile, C:\Users\watashi\A2212 930KV\Src\stm32f30x_mc_it.c_save
2019-05-10 22:38:59,970 INFO  [LineInfo_to_exitCode.log_LineInfo] Generated code: C:\Users\watashi\A2212 930KV\Src\stm32f30x_mc_it.c
2019-05-10 22:38:59,988 DEBUG [LineInfo_to_exitCode.log_LineInfo] 2019-05-10 22:38:59,988 [INFO] CodeEngine:190 - oldGeneratedFile, C:\Users\watashi\A2212 930KV\Inc\mc_parameters.h_save
2019-05-10 22:39:00,029 INFO  [LineInfo_to_exitCode.log_LineInfo] Generated code: C:\Users\watashi\A2212 930KV\Inc\mc_parameters.h
2019-05-10 22:39:00,048 DEBUG [LineInfo_to_exitCode.log_LineInfo] 2019-05-10 22:39:00,048 [INFO] CodeEngine:190 - oldGeneratedFile, C:\Users\watashi\A2212 930KV\Src\mc_parameters.c_save
2019-05-10 22:39:00,104 INFO  [LineInfo_to_exitCode.log_LineInfo] Generated code: C:\Users\watashi\A2212 930KV\Src\mc_parameters.c
2019-05-10 22:39:00,125 DEBUG [LineInfo_to_exitCode.log_LineInfo] 2019-05-10 22:39:00,125 [INFO] CodeEngine:190 - oldGeneratedFile, C:\Users\watashi\A2212 930KV\Src\ui_task.c_save
2019-05-10 22:39:00,162 INFO  [LineInfo_to_exitCode.log_LineInfo] Generated code: C:\Users\watashi\A2212 930KV\Src\ui_task.c
2019-05-10 22:39:00,175 DEBUG [LineInfo_to_exitCode.log_LineInfo] 2019-05-10 22:39:00,175 [INFO] CodeEngine:190 - oldGeneratedFile, C:\Users\watashi\A2212 930KV\Inc\ui_task.h_save
2019-05-10 22:39:00,208 INFO  [LineInfo_to_exitCode.log_LineInfo] Generated code: C:\Users\watashi\A2212 930KV\Inc\ui_task.h
2019-05-10 22:39:00,225 DEBUG [LineInfo_to_exitCode.log_LineInfo] 2019-05-10 22:39:00,225 [INFO] CodeEngine:190 - oldGeneratedFile, C:\Users\watashi\A2212 930KV\Src\user_interface.c_save
2019-05-10 22:39:00,274 INFO  [LineInfo_to_exitCode.log_LineInfo] Generated code: C:\Users\watashi\A2212 930KV\Src\user_interface.c
2019-05-10 22:39:00,292 DEBUG [LineInfo_to_exitCode.log_LineInfo] 2019-05-10 22:39:00,292 [INFO] CodeEngine:190 - oldGeneratedFile, C:\Users\watashi\A2212 930KV\Inc\user_interface.h_save
2019-05-10 22:39:00,333 INFO  [LineInfo_to_exitCode.log_LineInfo] Generated code: C:\Users\watashi\A2212 930KV\Inc\user_interface.h
2019-05-10 22:39:00,352 DEBUG [LineInfo_to_exitCode.log_LineInfo] 2019-05-10 22:39:00,352 [INFO] CodeEngine:190 - oldGeneratedFile, C:\Users\watashi\A2212 930KV\Src\stm32f3xx_it.c_save
2019-05-10 22:39:00,410 INFO  [LineInfo_to_exitCode.log_LineInfo] Generated code: C:\Users\watashi\A2212 930KV\Src\stm32f3xx_it.c
2019-05-10 22:39:00,426 DEBUG [LineInfo_to_exitCode.log_LineInfo] 2019-05-10 22:39:00,426 [INFO] CodeEngine:190 - oldGeneratedFile, C:\Users\watashi\A2212 930KV\Inc\stm32f3xx_it.h_save
2019-05-10 22:39:00,487 INFO  [LineInfo_to_exitCode.log_LineInfo] Generated code: C:\Users\watashi\A2212 930KV\Inc\stm32f3xx_it.h
2019-05-10 22:39:00,503 DEBUG [LineInfo_to_exitCode.log_LineInfo] 2019-05-10 22:39:00,503 [INFO] CodeEngine:190 - oldGeneratedFile, C:\Users\watashi\A2212 930KV\Src\stm32f3xx_hal_msp.c_save
2019-05-10 22:39:00,564 INFO  [LineInfo_to_exitCode.log_LineInfo] Generated code: C:\Users\watashi\A2212 930KV\Src\stm32f3xx_hal_msp.c
2019-05-10 22:39:00,577 DEBUG [LineInfo_to_exitCode.log_LineInfo] 2019-05-10 22:39:00,577 [INFO] CodeEngine:190 - oldGeneratedFile, C:\Users\watashi\A2212 930KV\MXTmpFiles\system.tmp_save
2019-05-10 22:39:00,607 DEBUG [LineInfo_to_exitCode.log_LineInfo] 2019-05-10 22:39:00,607 [INFO] CodeEngine:208 - Generated code: C:\Users\watashi\A2212 930KV\MXTmpFiles\system.tmp
2019-05-10 22:39:00,622 DEBUG [LineInfo_to_exitCode.log_LineInfo] 2019-05-10 22:39:00,622 [INFO] CodeEngine:190 - oldGeneratedFile, C:\Users\watashi\A2212 930KV\Inc\stm32f3xx_hal_conf.h_save
2019-05-10 22:39:00,660 INFO  [LineInfo_to_exitCode.log_LineInfo] Generated code: C:\Users\watashi\A2212 930KV\Inc\stm32f3xx_hal_conf.h
2019-05-10 22:39:00,694 DEBUG [LineInfo_to_exitCode.log_LineInfo] 2019-05-10 22:39:00,694 [INFO] CodeEngine:190 - oldGeneratedFile, C:\Users\watashi\A2212 930KV\Inc\main.h_save
2019-05-10 22:39:00,734 INFO  [LineInfo_to_exitCode.log_LineInfo] Generated code: C:\Users\watashi\A2212 930KV\Inc\main.h
2019-05-10 22:39:00,751 DEBUG [LineInfo_to_exitCode.log_LineInfo] 2019-05-10 22:39:00,751 [INFO] CodeEngine:190 - oldGeneratedFile, C:\Users\watashi\A2212 930KV\Src\main.c_save
2019-05-10 22:39:00,817 INFO  [LineInfo_to_exitCode.log_LineInfo] Generated code: C:\Users\watashi\A2212 930KV\Src\main.c
2019-05-10 22:39:02,437 DEBUG [LineInfo_to_exitCode.log_LineInfo] 2019-05-10 22:39:02,437 [INFO] ProjectBuilder:1489 - Time for Copy HAL[0] : 1425mS.
2019-05-10 22:39:02,444 DEBUG [LineInfo_to_exitCode.log_LineInfo] 2019-05-10 22:39:02,444 [INFO] ProjectBuilder:2057 - Project Generator version: 3.2.0
2019-05-10 22:39:02,562 DEBUG [LineInfo_to_exitCode.log_LineInfo] 2019-05-10 22:39:02,562 [INFO] ConfigFileManager:880 - The Die is : DIE439
2019-05-10 22:39:03,801 DEBUG [LineInfo_to_exitCode.log_LineInfo] 2019-05-10 22:39:03,801 [INFO] ConfigFileManager:1588 - mx.scratch is deleted!
2019-05-10 22:39:03,801 DEBUG [LineInfo_to_exitCode.log_LineInfo] 2019-05-10 22:39:03,801 [INFO] ProjectBuilder:2150 - Time for Generating toolchain IDE Files: 1358mS.
2019-05-10 22:39:05,419 DEBUG [LineInfo_to_exitCode.log_LineInfo] 2019-05-10 22:39:05,419 [INFO] ProjectBuilder:1380 - Time for Copy CMSIS : 1618mS.
2019-05-10 22:39:05,657 DEBUG [LineInfo_to_exitCode.log_LineInfo] 2019-05-10 22:39:05,656 [INFO] ProjectBuilder:1380 - Time for Copy CMSIS : 234mS.
2019-05-10 22:56:40,251 INFO  [Main.lambda$run$0] Code generation completed
2019-05-10 22:56:40,252 DEBUG [Main.lambda$run$0] System exists with return code 0
